# JRE version: Java(TM) SE Runtime Environment (8.0_191-b12) (build 1.8.0_191-b12)
# Java VM: Java HotSpot(TM) 64-Bit Server VM (25.191-b12 mixed mode windows-amd64 compressed oops)
Heap:
 PSYoungGen      total 323072K, used 231114K [0x00000000d5f00000, 0x00000000ea500000, 0x0000000100000000)
  eden space 316416K, 73% used [0x00000000d5f00000,0x00000000e40b2b40,0x00000000e9400000)
  from space 6656K, 0% used [0x00000000e9e80000,0x00000000e9e80000,0x00000000ea500000)
  to   space 8704K, 0% used [0x00000000e9400000,0x00000000e9400000,0x00000000e9c80000)
 ParOldGen       total 77312K, used 73644K [0x0000000081c00000, 0x0000000086780000, 0x00000000d5f00000)
  object space 77312K, 95% used [0x0000000081c00000,0x00000000863eb2e0,0x0000000086780000)
 Metaspace       used 23107K, capacity 23594K, committed 23936K, reserved 1071104K
  class space    used 2744K, capacity 2900K, committed 2944K, reserved 1048576K
GC Heap History (10 events):
Event: 35.113 GC heap before
{Heap before GC invocations=11 (full 1):
 PSYoungGen      total 138240K, used 129313K [0x00000000d5f00000, 0x00000000e3800000, 0x0000000100000000)
  eden space 129024K, 100% used [0x00000000d5f00000,0x00000000ddd00000,0x00000000ddd00000)
  from space 9216K, 3% used [0x00000000ddd00000,0x00000000ddd48660,0x00000000de600000)
  to   space 9216K, 0% used [0x00000000e2f00000,0x00000000e2f00000,0x00000000e3800000)
 ParOldGen       total 45568K, used 26716K [0x0000000081c00000, 0x0000000084880000, 0x00000000d5f00000)
  object space 45568K, 58% used [0x0000000081c00000,0x0000000083617230,0x0000000084880000)
 Metaspace       used 23055K, capacity 23588K, committed 23936K, reserved 1071104K
  class space    used 2743K, capacity 2899K, committed 2944K, reserved 1048576K
Event: 35.115 GC heap after
Heap after GC invocations=11 (full 1):
 PSYoungGen      total 210944K, used 2746K [0x00000000d5f00000, 0x00000000e3680000, 0x0000000100000000)
  eden space 203264K, 0% used [0x00000000d5f00000,0x00000000d5f00000,0x00000000e2580000)
  from space 7680K, 35% used [0x00000000e2f00000,0x00000000e31ae918,0x00000000e3680000)
  to   space 8704K, 0% used [0x00000000e2580000,0x00000000e2580000,0x00000000e2e00000)
 ParOldGen       total 45568K, used 26748K [0x0000000081c00000, 0x0000000084880000, 0x00000000d5f00000)
  object space 45568K, 58% used [0x0000000081c00000,0x000000008361f230,0x0000000084880000)
 Metaspace       used 23055K, capacity 23588K, committed 23936K, reserved 1071104K
  class space    used 2743K, capacity 2899K, committed 2944K, reserved 1048576K
}
Event: 35.176 GC heap before
{Heap before GC invocations=12 (full 1):
 PSYoungGen      total 210944K, used 205926K [0x00000000d5f00000, 0x00000000e3680000, 0x0000000100000000)
  eden space 203264K, 99% used [0x00000000d5f00000,0x00000000e256af60,0x00000000e2580000)
  from space 7680K, 35% used [0x00000000e2f00000,0x00000000e31ae918,0x00000000e3680000)
  to   space 8704K, 0% used [0x00000000e2580000,0x00000000e2580000,0x00000000e2e00000)
 ParOldGen       total 45568K, used 26748K [0x0000000081c00000, 0x0000000084880000, 0x00000000d5f00000)
  object space 45568K, 58% used [0x0000000081c00000,0x000000008361f230,0x0000000084880000)
 Metaspace       used 23055K, capacity 23588K, committed 23936K, reserved 1071104K
  class space    used 2743K, capacity 2899K, committed 2944K, reserved 1048576K
Event: 35.178 GC heap after
Heap after GC invocations=12 (full 1):
 PSYoungGen      total 211968K, used 517K [0x00000000d5f00000, 0x00000000ea700000, 0x0000000100000000)
  eden space 203264K, 0% used [0x00000000d5f00000,0x00000000d5f00000,0x00000000e2580000)
  from space 8704K, 5% used [0x00000000e2580000,0x00000000e26016a0,0x00000000e2e00000)
  to   space 8704K, 0% used [0x00000000e9e80000,0x00000000e9e80000,0x00000000ea700000)
 ParOldGen       total 45568K, used 29316K [0x0000000081c00000, 0x0000000084880000, 0x00000000d5f00000)
  object space 45568K, 64% used [0x0000000081c00000,0x00000000838a11d8,0x0000000084880000)
 Metaspace       used 23055K, capacity 23588K, committed 23936K, reserved 1071104K
  class space    used 2743K, capacity 2899K, committed 2944K, reserved 1048576K
}
Event: 40.102 GC heap before
{Heap before GC invocations=13 (full 1):
 PSYoungGen      total 211968K, used 201385K [0x00000000d5f00000, 0x00000000ea700000, 0x0000000100000000)
  eden space 203264K, 98% used [0x00000000d5f00000,0x00000000e2328d78,0x00000000e2580000)
  from space 8704K, 5% used [0x00000000e2580000,0x00000000e26016a0,0x00000000e2e00000)
  to   space 8704K, 0% used [0x00000000e9e80000,0x00000000e9e80000,0x00000000ea700000)
 ParOldGen       total 45568K, used 29316K [0x0000000081c00000, 0x0000000084880000, 0x00000000d5f00000)
  object space 45568K, 64% used [0x0000000081c00000,0x00000000838a11d8,0x0000000084880000)
 Metaspace       used 23097K, capacity 23594K, committed 23936K, reserved 1071104K
  class space    used 2744K, capacity 2900K, committed 2944K, reserved 1048576K
Event: 40.106 GC heap after
Heap after GC invocations=13 (full 1):
 PSYoungGen      total 323072K, used 1632K [0x00000000d5f00000, 0x00000000ea500000, 0x0000000100000000)
  eden space 316416K, 0% used [0x00000000d5f00000,0x00000000d5f00000,0x00000000e9400000)
  from space 6656K, 24% used [0x00000000e9e80000,0x00000000ea018030,0x00000000ea500000)
  to   space 8704K, 0% used [0x00000000e9400000,0x00000000e9400000,0x00000000e9c80000)
 ParOldGen       total 45568K, used 29324K [0x0000000081c00000, 0x0000000084880000, 0x00000000d5f00000)
  object space 45568K, 64% used [0x0000000081c00000,0x00000000838a31d8,0x0000000084880000)
 Metaspace       used 23097K, capacity 23594K, committed 23936K, reserved 1071104K
  class space    used 2744K, capacity 2900K, committed 2944K, reserved 1048576K
}
Event: 40.394 GC heap before
{Heap before GC invocations=14 (full 1):
 PSYoungGen      total 323072K, used 310218K [0x00000000d5f00000, 0x00000000ea500000, 0x0000000100000000)
  eden space 316416K, 97% used [0x00000000d5f00000,0x00000000e8c5a9e0,0x00000000e9400000)
  from space 6656K, 24% used [0x00000000e9e80000,0x00000000ea018030,0x00000000ea500000)
  to   space 8704K, 0% used [0x00000000e9400000,0x00000000e9400000,0x00000000e9c80000)
 ParOldGen       total 45568K, used 29324K [0x0000000081c00000, 0x0000000084880000, 0x00000000d5f00000)
  object space 45568K, 64% used [0x0000000081c00000,0x00000000838a31d8,0x0000000084880000)
 Metaspace       used 23106K, capacity 23594K, committed 23936K, reserved 1071104K
  class space    used 2744K, capacity 2900K, committed 2944K, reserved 1048576K
Event: 40.482 GC heap after
Heap after GC invocations=14 (full 1):
 PSYoungGen      total 323072K, used 310218K [0x00000000d5f00000, 0x00000000ea500000, 0x0000000100000000)
  eden space 316416K, 97% used [0x00000000d5f00000,0x00000000e8c5a9e0,0x00000000e9400000)
  from space 6656K, 24% used [0x00000000e9e80000,0x00000000ea018030,0x00000000ea500000)
  to   space 8704K, 100% used [0x00000000e9400000,0x00000000e9c80000,0x00000000e9c80000)
 ParOldGen       total 77312K, used 77307K [0x0000000081c00000, 0x0000000086780000, 0x00000000d5f00000)
  object space 77312K, 99% used [0x0000000081c00000,0x000000008677ed20,0x0000000086780000)
 Metaspace       used 23106K, capacity 23594K, committed 23936K, reserved 1071104K
  class space    used 2744K, capacity 2900K, committed 2944K, reserved 1048576K
}
Event: 40.482 GC heap before
{Heap before GC invocations=15 (full 2):
 PSYoungGen      total 323072K, used 310218K [0x00000000d5f00000, 0x00000000ea500000, 0x0000000100000000)
  eden space 316416K, 97% used [0x00000000d5f00000,0x00000000e8c5a9e0,0x00000000e9400000)
  from space 6656K, 24% used [0x00000000e9e80000,0x00000000ea018030,0x00000000ea500000)
  to   space 8704K, 100% used [0x00000000e9400000,0x00000000e9c80000,0x00000000e9c80000)
 ParOldGen       total 77312K, used 77307K [0x0000000081c00000, 0x0000000086780000, 0x00000000d5f00000)
  object space 77312K, 99% used [0x0000000081c00000,0x000000008677ed20,0x0000000086780000)
 Metaspace       used 23106K, capacity 23594K, committed 23936K, reserved 1071104K
  class space    used 2744K, capacity 2900K, committed 2944K, reserved 1048576K
Event: 40.576 GC heap after
Heap after GC invocations=15 (full 2):
 PSYoungGen      total 323072K, used 0K [0x00000000d5f00000, 0x00000000ea500000, 0x0000000100000000)
  eden space 316416K, 0% used [0x00000000d5f00000,0x00000000d5f00000,0x00000000e9400000)
  from space 6656K, 0% used [0x00000000e9e80000,0x00000000e9e80000,0x00000000ea500000)
  to   space 8704K, 0% used [0x00000000e9400000,0x00000000e9400000,0x00000000e9c80000)
 ParOldGen       total 77312K, used 73644K [0x0000000081c00000, 0x0000000086780000, 0x00000000d5f00000)
  object space 77312K, 95% used [0x0000000081c00000,0x00000000863eb2e0,0x0000000086780000)
 Metaspace       used 23106K, capacity 23594K, committed 23936K, reserved 1071104K
  class space    used 2744K, capacity 2900K, committed 2944K, reserved 1048576K
}

