# JRE version: Java(TM) SE Runtime Environment (8.0_191-b12) (build 1.8.0_191-b12)
# Java VM: Java HotSpot(TM) 64-Bit Server VM (25.191-b12 mixed mode windows-amd64 compressed oops)
Heap:
 PSYoungGen      total 247808K, used 185224K [0x00000000d5f00000, 0x00000000e7480000, 0x0000000100000000)
  eden space 211456K, 86% used [0x00000000d5f00000,0x00000000e11c9668,0x00000000e2d80000)
  from space 36352K, 5% used [0x00000000e2d80000,0x00000000e2f98cc8,0x00000000e5100000)
  to   space 36352K, 0% used [0x00000000e5100000,0x00000000e5100000,0x00000000e7480000)
 ParOldGen       total 189440K, used 90305K [0x0000000081c00000, 0x000000008d500000, 0x00000000d5f00000)
  object space 189440K, 47% used [0x0000000081c00000,0x0000000087430718,0x000000008d500000)
 Metaspace       used 22920K, capacity 23408K, committed 23680K, reserved 1071104K
  class space    used 2742K, capacity 2895K, committed 2944K, reserved 1048576K
GC Heap History (10 events):
Event: 24.629 GC heap before
{Heap before GC invocations=25 (full 4):
 PSYoungGen      total 225792K, used 190710K [0x00000000d5f00000, 0x00000000e6780000, 0x0000000100000000)
  eden space 188928K, 99% used [0x00000000d5f00000,0x00000000e173c6e0,0x00000000e1780000)
  from space 36864K, 5% used [0x00000000e4380000,0x00000000e4581428,0x00000000e6780000)
  to   space 40960K, 0% used [0x00000000e1780000,0x00000000e1780000,0x00000000e3f80000)
 ParOldGen       total 189440K, used 90297K [0x0000000081c00000, 0x000000008d500000, 0x00000000d5f00000)
  object space 189440K, 47% used [0x0000000081c00000,0x000000008742e718,0x000000008d500000)
 Metaspace       used 22896K, capacity 23408K, committed 23680K, reserved 1071104K
  class space    used 2742K, capacity 2895K, committed 2944K, reserved 1048576K
Event: 24.631 GC heap after
Heap after GC invocations=25 (full 4):
 PSYoungGen      total 229888K, used 1859K [0x00000000d5f00000, 0x00000000e7700000, 0x0000000100000000)
  eden space 188928K, 0% used [0x00000000d5f00000,0x00000000d5f00000,0x00000000e1780000)
  from space 40960K, 4% used [0x00000000e1780000,0x00000000e1950d38,0x00000000e3f80000)
  to   space 38912K, 0% used [0x00000000e5100000,0x00000000e5100000,0x00000000e7700000)
 ParOldGen       total 189440K, used 90297K [0x0000000081c00000, 0x000000008d500000, 0x00000000d5f00000)
  object space 189440K, 47% used [0x0000000081c00000,0x000000008742e718,0x000000008d500000)
 Metaspace       used 22896K, capacity 23408K, committed 23680K, reserved 1071104K
  class space    used 2742K, capacity 2895K, committed 2944K, reserved 1048576K
}
Event: 24.756 GC heap before
{Heap before GC invocations=26 (full 4):
 PSYoungGen      total 229888K, used 190773K [0x00000000d5f00000, 0x00000000e7700000, 0x0000000100000000)
  eden space 188928K, 99% used [0x00000000d5f00000,0x00000000e177c6f8,0x00000000e1780000)
  from space 40960K, 4% used [0x00000000e1780000,0x00000000e1950d38,0x00000000e3f80000)
  to   space 38912K, 0% used [0x00000000e5100000,0x00000000e5100000,0x00000000e7700000)
 ParOldGen       total 189440K, used 90297K [0x0000000081c00000, 0x000000008d500000, 0x00000000d5f00000)
  object space 189440K, 47% used [0x0000000081c00000,0x000000008742e718,0x000000008d500000)
 Metaspace       used 22918K, capacity 23408K, committed 23680K, reserved 1071104K
  class space    used 2742K, capacity 2895K, committed 2944K, reserved 1048576K
Event: 24.767 GC heap after
Heap after GC invocations=26 (full 4):
 PSYoungGen      total 247808K, used 1914K [0x00000000d5f00000, 0x00000000e7480000, 0x0000000100000000)
  eden space 211456K, 0% used [0x00000000d5f00000,0x00000000d5f00000,0x00000000e2d80000)
  from space 36352K, 5% used [0x00000000e5100000,0x00000000e52debc0,0x00000000e7480000)
  to   space 36352K, 0% used [0x00000000e2d80000,0x00000000e2d80000,0x00000000e5100000)
 ParOldGen       total 189440K, used 90305K [0x0000000081c00000, 0x000000008d500000, 0x00000000d5f00000)
  object space 189440K, 47% used [0x0000000081c00000,0x0000000087430718,0x000000008d500000)
 Metaspace       used 22918K, capacity 23408K, committed 23680K, reserved 1071104K
  class space    used 2742K, capacity 2895K, committed 2944K, reserved 1048576K
}
Event: 24.853 GC heap before
{Heap before GC invocations=27 (full 4):
 PSYoungGen      total 247808K, used 213302K [0x00000000d5f00000, 0x00000000e7480000, 0x0000000100000000)
  eden space 211456K, 99% used [0x00000000d5f00000,0x00000000e2d6ee30,0x00000000e2d80000)
  from space 36352K, 5% used [0x00000000e5100000,0x00000000e52debc0,0x00000000e7480000)
  to   space 36352K, 0% used [0x00000000e2d80000,0x00000000e2d80000,0x00000000e5100000)
 ParOldGen       total 189440K, used 90305K [0x0000000081c00000, 0x000000008d500000, 0x00000000d5f00000)
  object space 189440K, 47% used [0x0000000081c00000,0x0000000087430718,0x000000008d500000)
 Metaspace       used 22918K, capacity 23408K, committed 23680K, reserved 1071104K
  class space    used 2742K, capacity 2895K, committed 2944K, reserved 1048576K
Event: 24.856 GC heap after
Heap after GC invocations=27 (full 4):
 PSYoungGen      total 247808K, used 1950K [0x00000000d5f00000, 0x00000000e7480000, 0x0000000100000000)
  eden space 211456K, 0% used [0x00000000d5f00000,0x00000000d5f00000,0x00000000e2d80000)
  from space 36352K, 5% used [0x00000000e2d80000,0x00000000e2f67b28,0x00000000e5100000)
  to   space 36352K, 0% used [0x00000000e5100000,0x00000000e5100000,0x00000000e7480000)
 ParOldGen       total 189440K, used 90305K [0x0000000081c00000, 0x000000008d500000, 0x00000000d5f00000)
  object space 189440K, 47% used [0x0000000081c00000,0x0000000087430718,0x000000008d500000)
 Metaspace       used 22918K, capacity 23408K, committed 23680K, reserved 1071104K
  class space    used 2742K, capacity 2895K, committed 2944K, reserved 1048576K
}
Event: 24.976 GC heap before
{Heap before GC invocations=28 (full 4):
 PSYoungGen      total 247808K, used 213372K [0x00000000d5f00000, 0x00000000e7480000, 0x0000000100000000)
  eden space 211456K, 99% used [0x00000000d5f00000,0x00000000e2d777b0,0x00000000e2d80000)
  from space 36352K, 5% used [0x00000000e2d80000,0x00000000e2f67b28,0x00000000e5100000)
  to   space 36352K, 0% used [0x00000000e5100000,0x00000000e5100000,0x00000000e7480000)
 ParOldGen       total 189440K, used 90305K [0x0000000081c00000, 0x000000008d500000, 0x00000000d5f00000)
  object space 189440K, 47% used [0x0000000081c00000,0x0000000087430718,0x000000008d500000)
 Metaspace       used 22918K, capacity 23408K, committed 23680K, reserved 1071104K
  class space    used 2742K, capacity 2895K, committed 2944K, reserved 1048576K
Event: 24.977 GC heap after
Heap after GC invocations=28 (full 4):
 PSYoungGen      total 247808K, used 1790K [0x00000000d5f00000, 0x00000000e7480000, 0x0000000100000000)
  eden space 211456K, 0% used [0x00000000d5f00000,0x00000000d5f00000,0x00000000e2d80000)
  from space 36352K, 4% used [0x00000000e5100000,0x00000000e52bf810,0x00000000e7480000)
  to   space 36352K, 0% used [0x00000000e2d80000,0x00000000e2d80000,0x00000000e5100000)
 ParOldGen       total 189440K, used 90305K [0x0000000081c00000, 0x000000008d500000, 0x00000000d5f00000)
  object space 189440K, 47% used [0x0000000081c00000,0x0000000087430718,0x000000008d500000)
 Metaspace       used 22918K, capacity 23408K, committed 23680K, reserved 1071104K
  class space    used 2742K, capacity 2895K, committed 2944K, reserved 1048576K
}
Event: 25.029 GC heap before
{Heap before GC invocations=29 (full 4):
 PSYoungGen      total 247808K, used 213160K [0x00000000d5f00000, 0x00000000e7480000, 0x0000000100000000)
  eden space 211456K, 99% used [0x00000000d5f00000,0x00000000e2d6a928,0x00000000e2d80000)
  from space 36352K, 4% used [0x00000000e5100000,0x00000000e52bf810,0x00000000e7480000)
  to   space 36352K, 0% used [0x00000000e2d80000,0x00000000e2d80000,0x00000000e5100000)
 ParOldGen       total 189440K, used 90305K [0x0000000081c00000, 0x000000008d500000, 0x00000000d5f00000)
  object space 189440K, 47% used [0x0000000081c00000,0x0000000087430718,0x000000008d500000)
 Metaspace       used 22918K, capacity 23408K, committed 23680K, reserved 1071104K
  class space    used 2742K, capacity 2895K, committed 2944K, reserved 1048576K
Event: 25.031 GC heap after
Heap after GC invocations=29 (full 4):
 PSYoungGen      total 247808K, used 2147K [0x00000000d5f00000, 0x00000000e7480000, 0x0000000100000000)
  eden space 211456K, 0% used [0x00000000d5f00000,0x00000000d5f00000,0x00000000e2d80000)
  from space 36352K, 5% used [0x00000000e2d80000,0x00000000e2f98cc8,0x00000000e5100000)
  to   space 36352K, 0% used [0x00000000e5100000,0x00000000e5100000,0x00000000e7480000)
 ParOldGen       total 189440K, used 90305K [0x0000000081c00000, 0x000000008d500000, 0x00000000d5f00000)
  object space 189440K, 47% used [0x0000000081c00000,0x0000000087430718,0x000000008d500000)
 Metaspace       used 22918K, capacity 23408K, committed 23680K, reserved 1071104K
  class space    used 2742K, capacity 2895K, committed 2944K, reserved 1048576K
}

