# JRE version: Java(TM) SE Runtime Environment (8.0_191-b12) (build 1.8.0_191-b12)
# Java VM: Java HotSpot(TM) 64-Bit Server VM (25.191-b12 mixed mode windows-amd64 compressed oops)
Heap:
 PSYoungGen      total 508416K, used 286463K [0x00000000d5f00000, 0x00000000f8800000, 0x0000000100000000)
  eden space 456704K, 62% used [0x00000000d5f00000,0x00000000e75a7f30,0x00000000f1d00000)
  from space 51712K, 2% used [0x00000000f5580000,0x00000000f56980b0,0x00000000f8800000)
  to   space 54784K, 0% used [0x00000000f1d00000,0x00000000f1d00000,0x00000000f5280000)
 ParOldGen       total 224256K, used 92683K [0x0000000081c00000, 0x000000008f700000, 0x00000000d5f00000)
  object space 224256K, 41% used [0x0000000081c00000,0x0000000087682d10,0x000000008f700000)
 Metaspace       used 23279K, capacity 23742K, committed 23984K, reserved 1071104K
  class space    used 2756K, capacity 2896K, committed 2992K, reserved 1048576K
GC Heap History (10 events):
Event: 18.486 GC heap before
{Heap before GC invocations=18 (full 4):
 PSYoungGen      total 388096K, used 320867K [0x00000000d5f00000, 0x00000000f7a80000, 0x0000000100000000)
  eden space 318976K, 99% used [0x00000000d5f00000,0x00000000e967d410,0x00000000e9680000)
  from space 69120K, 2% used [0x00000000e9680000,0x00000000e985ba18,0x00000000eda00000)
  to   space 67072K, 0% used [0x00000000f3900000,0x00000000f3900000,0x00000000f7a80000)
 ParOldGen       total 224256K, used 91174K [0x0000000081c00000, 0x000000008f700000, 0x00000000d5f00000)
  object space 224256K, 40% used [0x0000000081c00000,0x0000000087509b98,0x000000008f700000)
 Metaspace       used 23174K, capacity 23672K, committed 23984K, reserved 1071104K
  class space    used 2750K, capacity 2895K, committed 2992K, reserved 1048576K
Event: 18.488 GC heap after
Heap after GC invocations=18 (full 4):
 PSYoungGen      total 459776K, used 831K [0x00000000d5f00000, 0x00000000f6c80000, 0x0000000100000000)
  eden space 407040K, 0% used [0x00000000d5f00000,0x00000000d5f00000,0x00000000eec80000)
  from space 52736K, 1% used [0x00000000f3900000,0x00000000f39cfe88,0x00000000f6c80000)
  to   space 65536K, 0% used [0x00000000eec80000,0x00000000eec80000,0x00000000f2c80000)
 ParOldGen       total 224256K, used 92667K [0x0000000081c00000, 0x000000008f700000, 0x00000000d5f00000)
  object space 224256K, 41% used [0x0000000081c00000,0x000000008767ed10,0x000000008f700000)
 Metaspace       used 23174K, capacity 23672K, committed 23984K, reserved 1071104K
  class space    used 2750K, capacity 2895K, committed 2992K, reserved 1048576K
}
Event: 18.647 GC heap before
{Heap before GC invocations=19 (full 4):
 PSYoungGen      total 459776K, used 407871K [0x00000000d5f00000, 0x00000000f6c80000, 0x0000000100000000)
  eden space 407040K, 100% used [0x00000000d5f00000,0x00000000eec80000,0x00000000eec80000)
  from space 52736K, 1% used [0x00000000f3900000,0x00000000f39cfe88,0x00000000f6c80000)
  to   space 65536K, 0% used [0x00000000eec80000,0x00000000eec80000,0x00000000f2c80000)
 ParOldGen       total 224256K, used 92667K [0x0000000081c00000, 0x000000008f700000, 0x00000000d5f00000)
  object space 224256K, 41% used [0x0000000081c00000,0x000000008767ed10,0x000000008f700000)
 Metaspace       used 23185K, capacity 23672K, committed 23984K, reserved 1071104K
  class space    used 2750K, capacity 2895K, committed 2992K, reserved 1048576K
Event: 18.649 GC heap after
Heap after GC invocations=19 (full 4):
 PSYoungGen      total 472576K, used 1844K [0x00000000d5f00000, 0x00000000f6c80000, 0x0000000100000000)
  eden space 407040K, 0% used [0x00000000d5f00000,0x00000000d5f00000,0x00000000eec80000)
  from space 65536K, 2% used [0x00000000eec80000,0x00000000eee4d198,0x00000000f2c80000)
  to   space 52736K, 0% used [0x00000000f3900000,0x00000000f3900000,0x00000000f6c80000)
 ParOldGen       total 224256K, used 92675K [0x0000000081c00000, 0x000000008f700000, 0x00000000d5f00000)
  object space 224256K, 41% used [0x0000000081c00000,0x0000000087680d10,0x000000008f700000)
 Metaspace       used 23185K, capacity 23672K, committed 23984K, reserved 1071104K
  class space    used 2750K, capacity 2895K, committed 2992K, reserved 1048576K
}
Event: 18.732 GC heap before
{Heap before GC invocations=20 (full 4):
 PSYoungGen      total 472576K, used 408528K [0x00000000d5f00000, 0x00000000f6c80000, 0x0000000100000000)
  eden space 407040K, 99% used [0x00000000d5f00000,0x00000000eec26e70,0x00000000eec80000)
  from space 65536K, 2% used [0x00000000eec80000,0x00000000eee4d198,0x00000000f2c80000)
  to   space 52736K, 0% used [0x00000000f3900000,0x00000000f3900000,0x00000000f6c80000)
 ParOldGen       total 224256K, used 92675K [0x0000000081c00000, 0x000000008f700000, 0x00000000d5f00000)
  object space 224256K, 41% used [0x0000000081c00000,0x0000000087680d10,0x000000008f700000)
 Metaspace       used 23185K, capacity 23672K, committed 23984K, reserved 1071104K
  class space    used 2750K, capacity 2895K, committed 2992K, reserved 1048576K
Event: 18.735 GC heap after
Heap after GC invocations=20 (full 4):
 PSYoungGen      total 459776K, used 2050K [0x00000000d5f00000, 0x00000000f6c80000, 0x0000000100000000)
  eden space 407040K, 0% used [0x00000000d5f00000,0x00000000d5f00000,0x00000000eec80000)
  from space 52736K, 3% used [0x00000000f3900000,0x00000000f3b008b8,0x00000000f6c80000)
  to   space 65536K, 0% used [0x00000000eec80000,0x00000000eec80000,0x00000000f2c80000)
 ParOldGen       total 224256K, used 92675K [0x0000000081c00000, 0x000000008f700000, 0x00000000d5f00000)
  object space 224256K, 41% used [0x0000000081c00000,0x0000000087680d10,0x000000008f700000)
 Metaspace       used 23185K, capacity 23672K, committed 23984K, reserved 1071104K
  class space    used 2750K, capacity 2895K, committed 2992K, reserved 1048576K
}
Event: 18.852 GC heap before
{Heap before GC invocations=21 (full 4):
 PSYoungGen      total 459776K, used 409090K [0x00000000d5f00000, 0x00000000f6c80000, 0x0000000100000000)
  eden space 407040K, 100% used [0x00000000d5f00000,0x00000000eec80000,0x00000000eec80000)
  from space 52736K, 3% used [0x00000000f3900000,0x00000000f3b008b8,0x00000000f6c80000)
  to   space 65536K, 0% used [0x00000000eec80000,0x00000000eec80000,0x00000000f2c80000)
 ParOldGen       total 224256K, used 92675K [0x0000000081c00000, 0x000000008f700000, 0x00000000d5f00000)
  object space 224256K, 41% used [0x0000000081c00000,0x0000000087680d10,0x000000008f700000)
 Metaspace       used 23193K, capacity 23672K, committed 23984K, reserved 1071104K
  class space    used 2750K, capacity 2895K, committed 2992K, reserved 1048576K
Event: 18.853 GC heap after
Heap after GC invocations=21 (full 4):
 PSYoungGen      total 472576K, used 1361K [0x00000000d5f00000, 0x00000000f8d80000, 0x0000000100000000)
  eden space 407040K, 0% used [0x00000000d5f00000,0x00000000d5f00000,0x00000000eec80000)
  from space 65536K, 2% used [0x00000000eec80000,0x00000000eedd45e8,0x00000000f2c80000)
  to   space 57344K, 0% used [0x00000000f5580000,0x00000000f5580000,0x00000000f8d80000)
 ParOldGen       total 224256K, used 92675K [0x0000000081c00000, 0x000000008f700000, 0x00000000d5f00000)
  object space 224256K, 41% used [0x0000000081c00000,0x0000000087680d10,0x000000008f700000)
 Metaspace       used 23193K, capacity 23672K, committed 23984K, reserved 1071104K
  class space    used 2750K, capacity 2895K, committed 2992K, reserved 1048576K
}
Event: 19.036 GC heap before
{Heap before GC invocations=22 (full 4):
 PSYoungGen      total 472576K, used 408401K [0x00000000d5f00000, 0x00000000f8d80000, 0x0000000100000000)
  eden space 407040K, 100% used [0x00000000d5f00000,0x00000000eec80000,0x00000000eec80000)
  from space 65536K, 2% used [0x00000000eec80000,0x00000000eedd45e8,0x00000000f2c80000)
  to   space 57344K, 0% used [0x00000000f5580000,0x00000000f5580000,0x00000000f8d80000)
 ParOldGen       total 224256K, used 92675K [0x0000000081c00000, 0x000000008f700000, 0x00000000d5f00000)
  object space 224256K, 41% used [0x0000000081c00000,0x0000000087680d10,0x000000008f700000)
 Metaspace       used 23261K, capacity 23736K, committed 23984K, reserved 1071104K
  class space    used 2756K, capacity 2895K, committed 2992K, reserved 1048576K
Event: 19.045 GC heap after
Heap after GC invocations=22 (full 4):
 PSYoungGen      total 508416K, used 1120K [0x00000000d5f00000, 0x00000000f8800000, 0x0000000100000000)
  eden space 456704K, 0% used [0x00000000d5f00000,0x00000000d5f00000,0x00000000f1d00000)
  from space 51712K, 2% used [0x00000000f5580000,0x00000000f56980b0,0x00000000f8800000)
  to   space 54784K, 0% used [0x00000000f1d00000,0x00000000f1d00000,0x00000000f5280000)
 ParOldGen       total 224256K, used 92683K [0x0000000081c00000, 0x000000008f700000, 0x00000000d5f00000)
  object space 224256K, 41% used [0x0000000081c00000,0x0000000087682d10,0x000000008f700000)
 Metaspace       used 23261K, capacity 23736K, committed 23984K, reserved 1071104K
  class space    used 2756K, capacity 2895K, committed 2992K, reserved 1048576K
}

