# JRE version: Java(TM) SE Runtime Environment (8.0_191-b12) (build 1.8.0_191-b12)
# Java VM: Java HotSpot(TM) 64-Bit Server VM (25.191-b12 mixed mode windows-amd64 compressed oops)
Heap:
 PSYoungGen      total 241152K, used 95984K [0x00000000d5f00000, 0x00000000e6c00000, 0x0000000100000000)
  eden space 232448K, 41% used [0x00000000d5f00000,0x00000000dbcbc390,0x00000000e4200000)
  from space 8704K, 0% used [0x00000000e4200000,0x00000000e4200000,0x00000000e4a80000)
  to   space 8192K, 0% used [0x00000000e4a80000,0x00000000e4a80000,0x00000000e5280000)
 ParOldGen       total 174592K, used 90620K [0x0000000081c00000, 0x000000008c680000, 0x00000000d5f00000)
  object space 174592K, 51% used [0x0000000081c00000,0x000000008747f0d0,0x000000008c680000)
 Metaspace       used 23325K, capacity 23803K, committed 23984K, reserved 1071104K
  class space    used 2757K, capacity 2896K, committed 2992K, reserved 1048576K
GC Heap History (10 events):
Event: 17.974 GC heap before
{Heap before GC invocations=19 (full 10):
 PSYoungGen      total 241152K, used 232405K [0x00000000d5f00000, 0x00000000e6c00000, 0x0000000100000000)
  eden space 232448K, 99% used [0x00000000d5f00000,0x00000000e41f55a8,0x00000000e4200000)
  from space 8704K, 0% used [0x00000000e4200000,0x00000000e4200000,0x00000000e4a80000)
  to   space 8192K, 0% used [0x00000000e4a80000,0x00000000e4a80000,0x00000000e5280000)
 ParOldGen       total 174592K, used 90985K [0x0000000081c00000, 0x000000008c680000, 0x00000000d5f00000)
  object space 174592K, 52% used [0x0000000081c00000,0x00000000874da6e0,0x000000008c680000)
 Metaspace       used 23236K, capacity 23733K, committed 23984K, reserved 1071104K
  class space    used 2751K, capacity 2895K, committed 2992K, reserved 1048576K
Event: 18.053 GC heap after
Heap after GC invocations=19 (full 10):
 PSYoungGen      total 241152K, used 0K [0x00000000d5f00000, 0x00000000e6c00000, 0x0000000100000000)
  eden space 232448K, 0% used [0x00000000d5f00000,0x00000000d5f00000,0x00000000e4200000)
  from space 8704K, 0% used [0x00000000e4200000,0x00000000e4200000,0x00000000e4a80000)
  to   space 8192K, 0% used [0x00000000e4a80000,0x00000000e4a80000,0x00000000e5280000)
 ParOldGen       total 174592K, used 91317K [0x0000000081c00000, 0x000000008c680000, 0x00000000d5f00000)
  object space 174592K, 52% used [0x0000000081c00000,0x000000008752d7d0,0x000000008c680000)
 Metaspace       used 23236K, capacity 23733K, committed 23984K, reserved 1071104K
  class space    used 2751K, capacity 2895K, committed 2992K, reserved 1048576K
}
Event: 18.153 GC heap before
{Heap before GC invocations=20 (full 11):
 PSYoungGen      total 241152K, used 232361K [0x00000000d5f00000, 0x00000000e6c00000, 0x0000000100000000)
  eden space 232448K, 99% used [0x00000000d5f00000,0x00000000e41ea738,0x00000000e4200000)
  from space 8704K, 0% used [0x00000000e4200000,0x00000000e4200000,0x00000000e4a80000)
  to   space 8192K, 0% used [0x00000000e4a80000,0x00000000e4a80000,0x00000000e5280000)
 ParOldGen       total 174592K, used 91317K [0x0000000081c00000, 0x000000008c680000, 0x00000000d5f00000)
  object space 174592K, 52% used [0x0000000081c00000,0x000000008752d7d0,0x000000008c680000)
 Metaspace       used 23239K, capacity 23733K, committed 23984K, reserved 1071104K
  class space    used 2751K, capacity 2895K, committed 2992K, reserved 1048576K
Event: 18.229 GC heap after
Heap after GC invocations=20 (full 11):
 PSYoungGen      total 241152K, used 0K [0x00000000d5f00000, 0x00000000e6c00000, 0x0000000100000000)
  eden space 232448K, 0% used [0x00000000d5f00000,0x00000000d5f00000,0x00000000e4200000)
  from space 8704K, 0% used [0x00000000e4200000,0x00000000e4200000,0x00000000e4a80000)
  to   space 8192K, 0% used [0x00000000e4a80000,0x00000000e4a80000,0x00000000e5280000)
 ParOldGen       total 174592K, used 90654K [0x0000000081c00000, 0x000000008c680000, 0x00000000d5f00000)
  object space 174592K, 51% used [0x0000000081c00000,0x0000000087487b58,0x000000008c680000)
 Metaspace       used 23239K, capacity 23733K, committed 23984K, reserved 1071104K
  class space    used 2751K, capacity 2895K, committed 2992K, reserved 1048576K
}
Event: 18.368 GC heap before
{Heap before GC invocations=21 (full 12):
 PSYoungGen      total 241152K, used 232416K [0x00000000d5f00000, 0x00000000e6c00000, 0x0000000100000000)
  eden space 232448K, 99% used [0x00000000d5f00000,0x00000000e41f82c0,0x00000000e4200000)
  from space 8704K, 0% used [0x00000000e4200000,0x00000000e4200000,0x00000000e4a80000)
  to   space 8192K, 0% used [0x00000000e4a80000,0x00000000e4a80000,0x00000000e5280000)
 ParOldGen       total 174592K, used 90654K [0x0000000081c00000, 0x000000008c680000, 0x00000000d5f00000)
  object space 174592K, 51% used [0x0000000081c00000,0x0000000087487b58,0x000000008c680000)
 Metaspace       used 23270K, capacity 23733K, committed 23984K, reserved 1071104K
  class space    used 2757K, capacity 2895K, committed 2992K, reserved 1048576K
Event: 18.457 GC heap after
Heap after GC invocations=21 (full 12):
 PSYoungGen      total 241152K, used 0K [0x00000000d5f00000, 0x00000000e6c00000, 0x0000000100000000)
  eden space 232448K, 0% used [0x00000000d5f00000,0x00000000d5f00000,0x00000000e4200000)
  from space 8704K, 0% used [0x00000000e4200000,0x00000000e4200000,0x00000000e4a80000)
  to   space 8192K, 0% used [0x00000000e4a80000,0x00000000e4a80000,0x00000000e5280000)
 ParOldGen       total 174592K, used 90674K [0x0000000081c00000, 0x000000008c680000, 0x00000000d5f00000)
  object space 174592K, 51% used [0x0000000081c00000,0x000000008748c830,0x000000008c680000)
 Metaspace       used 23270K, capacity 23733K, committed 23984K, reserved 1071104K
  class space    used 2757K, capacity 2895K, committed 2992K, reserved 1048576K
}
Event: 18.605 GC heap before
{Heap before GC invocations=22 (full 13):
 PSYoungGen      total 241152K, used 232448K [0x00000000d5f00000, 0x00000000e6c00000, 0x0000000100000000)
  eden space 232448K, 100% used [0x00000000d5f00000,0x00000000e4200000,0x00000000e4200000)
  from space 8704K, 0% used [0x00000000e4200000,0x00000000e4200000,0x00000000e4a80000)
  to   space 8192K, 0% used [0x00000000e4a80000,0x00000000e4a80000,0x00000000e5280000)
 ParOldGen       total 174592K, used 90674K [0x0000000081c00000, 0x000000008c680000, 0x00000000d5f00000)
  object space 174592K, 51% used [0x0000000081c00000,0x000000008748c830,0x000000008c680000)
 Metaspace       used 23300K, capacity 23797K, committed 23984K, reserved 1071104K
  class space    used 2757K, capacity 2895K, committed 2992K, reserved 1048576K
Event: 18.680 GC heap after
Heap after GC invocations=22 (full 13):
 PSYoungGen      total 241152K, used 0K [0x00000000d5f00000, 0x00000000e6c00000, 0x0000000100000000)
  eden space 232448K, 0% used [0x00000000d5f00000,0x00000000d5f00000,0x00000000e4200000)
  from space 8704K, 0% used [0x00000000e4200000,0x00000000e4200000,0x00000000e4a80000)
  to   space 8192K, 0% used [0x00000000e4a80000,0x00000000e4a80000,0x00000000e5280000)
 ParOldGen       total 174592K, used 90583K [0x0000000081c00000, 0x000000008c680000, 0x00000000d5f00000)
  object space 174592K, 51% used [0x0000000081c00000,0x0000000087475e90,0x000000008c680000)
 Metaspace       used 23300K, capacity 23797K, committed 23984K, reserved 1071104K
  class space    used 2757K, capacity 2895K, committed 2992K, reserved 1048576K
}
Event: 18.836 GC heap before
{Heap before GC invocations=23 (full 14):
 PSYoungGen      total 241152K, used 232448K [0x00000000d5f00000, 0x00000000e6c00000, 0x0000000100000000)
  eden space 232448K, 100% used [0x00000000d5f00000,0x00000000e4200000,0x00000000e4200000)
  from space 8704K, 0% used [0x00000000e4200000,0x00000000e4200000,0x00000000e4a80000)
  to   space 8192K, 0% used [0x00000000e4a80000,0x00000000e4a80000,0x00000000e5280000)
 ParOldGen       total 174592K, used 90583K [0x0000000081c00000, 0x000000008c680000, 0x00000000d5f00000)
  object space 174592K, 51% used [0x0000000081c00000,0x0000000087475e90,0x000000008c680000)
 Metaspace       used 23325K, capacity 23803K, committed 23984K, reserved 1071104K
  class space    used 2757K, capacity 2896K, committed 2992K, reserved 1048576K
Event: 18.943 GC heap after
Heap after GC invocations=23 (full 14):
 PSYoungGen      total 241152K, used 0K [0x00000000d5f00000, 0x00000000e6c00000, 0x0000000100000000)
  eden space 232448K, 0% used [0x00000000d5f00000,0x00000000d5f00000,0x00000000e4200000)
  from space 8704K, 0% used [0x00000000e4200000,0x00000000e4200000,0x00000000e4a80000)
  to   space 8192K, 0% used [0x00000000e4a80000,0x00000000e4a80000,0x00000000e5280000)
 ParOldGen       total 174592K, used 90620K [0x0000000081c00000, 0x000000008c680000, 0x00000000d5f00000)
  object space 174592K, 51% used [0x0000000081c00000,0x000000008747f0d0,0x000000008c680000)
 Metaspace       used 23325K, capacity 23803K, committed 23984K, reserved 1071104K
  class space    used 2757K, capacity 2896K, committed 2992K, reserved 1048576K
}

