# JRE version: Java(TM) SE Runtime Environment (8.0_191-b12) (build 1.8.0_191-b12)
# Java VM: Java HotSpot(TM) 64-Bit Server VM (25.191-b12 mixed mode windows-amd64 compressed oops)
Heap:
 PSYoungGen      total 71680K, used 27986K [0x00000000d5f00000, 0x00000000deb00000, 0x0000000100000000)
  eden space 66560K, 34% used [0x00000000d5f00000,0x00000000d7555df0,0x00000000da000000)
  from space 5120K, 99% used [0x00000000da000000,0x00000000da4fec90,0x00000000da500000)
  to   space 5120K, 0% used [0x00000000de600000,0x00000000de600000,0x00000000deb00000)
 ParOldGen       total 87552K, used 6952K [0x0000000081c00000, 0x0000000087180000, 0x00000000d5f00000)
  object space 87552K, 7% used [0x0000000081c00000,0x00000000822ca2e0,0x0000000087180000)
 Metaspace       used 14530K, capacity 14804K, committed 14976K, reserved 1062912K
  class space    used 1742K, capacity 1850K, committed 1920K, reserved 1048576K
GC Heap History (6 events):
Event: 4.758 GC heap before
{Heap before GC invocations=1 (full 0):
 PSYoungGen      total 38400K, used 32327K [0x00000000d5f00000, 0x00000000d8980000, 0x0000000100000000)
  eden space 33280K, 97% used [0x00000000d5f00000,0x00000000d7e91f38,0x00000000d7f80000)
  from space 5120K, 0% used [0x00000000d8480000,0x00000000d8480000,0x00000000d8980000)
  to   space 5120K, 0% used [0x00000000d7f80000,0x00000000d7f80000,0x00000000d8480000)
 ParOldGen       total 87552K, used 0K [0x0000000081c00000, 0x0000000087180000, 0x00000000d5f00000)
  object space 87552K, 0% used [0x0000000081c00000,0x0000000081c00000,0x0000000087180000)
 Metaspace       used 11399K, capacity 11592K, committed 11776K, reserved 1058816K
  class space    used 1450K, capacity 1512K, committed 1536K, reserved 1048576K
Event: 4.868 GC heap after
Heap after GC invocations=1 (full 0):
 PSYoungGen      total 38400K, used 3916K [0x00000000d5f00000, 0x00000000daa00000, 0x0000000100000000)
  eden space 33280K, 0% used [0x00000000d5f00000,0x00000000d5f00000,0x00000000d7f80000)
  from space 5120K, 76% used [0x00000000d7f80000,0x00000000d8353108,0x00000000d8480000)
  to   space 5120K, 0% used [0x00000000da500000,0x00000000da500000,0x00000000daa00000)
 ParOldGen       total 87552K, used 8K [0x0000000081c00000, 0x0000000087180000, 0x00000000d5f00000)
  object space 87552K, 0% used [0x0000000081c00000,0x0000000081c02000,0x0000000087180000)
 Metaspace       used 11399K, capacity 11592K, committed 11776K, reserved 1058816K
  class space    used 1450K, capacity 1512K, committed 1536K, reserved 1048576K
}
Event: 5.151 GC heap before
{Heap before GC invocations=2 (full 0):
 PSYoungGen      total 38400K, used 36559K [0x00000000d5f00000, 0x00000000daa00000, 0x0000000100000000)
  eden space 33280K, 98% used [0x00000000d5f00000,0x00000000d7ee0ed0,0x00000000d7f80000)
  from space 5120K, 76% used [0x00000000d7f80000,0x00000000d8353108,0x00000000d8480000)
  to   space 5120K, 0% used [0x00000000da500000,0x00000000da500000,0x00000000daa00000)
 ParOldGen       total 87552K, used 8K [0x0000000081c00000, 0x0000000087180000, 0x00000000d5f00000)
  object space 87552K, 0% used [0x0000000081c00000,0x0000000081c02000,0x0000000087180000)
 Metaspace       used 11585K, capacity 11784K, committed 12032K, reserved 1060864K
  class space    used 1451K, capacity 1512K, committed 1536K, reserved 1048576K
Event: 5.229 GC heap after
Heap after GC invocations=2 (full 0):
 PSYoungGen      total 71680K, used 3941K [0x00000000d5f00000, 0x00000000daa00000, 0x0000000100000000)
  eden space 66560K, 0% used [0x00000000d5f00000,0x00000000d5f00000,0x00000000da000000)
  from space 5120K, 76% used [0x00000000da500000,0x00000000da8d97d8,0x00000000daa00000)
  to   space 5120K, 0% used [0x00000000da000000,0x00000000da000000,0x00000000da500000)
 ParOldGen       total 87552K, used 24K [0x0000000081c00000, 0x0000000087180000, 0x00000000d5f00000)
  object space 87552K, 0% used [0x0000000081c00000,0x0000000081c06000,0x0000000087180000)
 Metaspace       used 11585K, capacity 11784K, committed 12032K, reserved 1060864K
  class space    used 1451K, capacity 1512K, committed 1536K, reserved 1048576K
}
Event: 7.810 GC heap before
{Heap before GC invocations=3 (full 0):
 PSYoungGen      total 71680K, used 70501K [0x00000000d5f00000, 0x00000000daa00000, 0x0000000100000000)
  eden space 66560K, 100% used [0x00000000d5f00000,0x00000000da000000,0x00000000da000000)
  from space 5120K, 76% used [0x00000000da500000,0x00000000da8d97d8,0x00000000daa00000)
  to   space 5120K, 0% used [0x00000000da000000,0x00000000da000000,0x00000000da500000)
 ParOldGen       total 87552K, used 24K [0x0000000081c00000, 0x0000000087180000, 0x00000000d5f00000)
  object space 87552K, 0% used [0x0000000081c00000,0x0000000081c06000,0x0000000087180000)
 Metaspace       used 14179K, capacity 14406K, committed 14720K, reserved 1062912K
  class space    used 1705K, capacity 1805K, committed 1920K, reserved 1048576K
Event: 7.825 GC heap after
Heap after GC invocations=3 (full 0):
 PSYoungGen      total 71680K, used 5115K [0x00000000d5f00000, 0x00000000deb00000, 0x0000000100000000)
  eden space 66560K, 0% used [0x00000000d5f00000,0x00000000d5f00000,0x00000000da000000)
  from space 5120K, 99% used [0x00000000da000000,0x00000000da4fec90,0x00000000da500000)
  to   space 5120K, 0% used [0x00000000de600000,0x00000000de600000,0x00000000deb00000)
 ParOldGen       total 87552K, used 6952K [0x0000000081c00000, 0x0000000087180000, 0x00000000d5f00000)
  object space 87552K, 7% used [0x0000000081c00000,0x00000000822ca2e0,0x0000000087180000)
 Metaspace       used 14179K, capacity 14406K, committed 14720K, reserved 1062912K
  class space    used 1705K, capacity 1805K, committed 1920K, reserved 1048576K
}

