# JRE version: Java(TM) SE Runtime Environment (8.0_191-b12) (build 1.8.0_191-b12)
# Java VM: Java HotSpot(TM) 64-Bit Server VM (25.191-b12 mixed mode windows-amd64 compressed oops)
Heap:
 PSYoungGen      total 241152K, used 60190K [0x00000000d5f00000, 0x00000000e7880000, 0x0000000100000000)
  eden space 194048K, 30% used [0x00000000d5f00000,0x00000000d99151c0,0x00000000e1c80000)
  from space 47104K, 1% used [0x00000000e1c80000,0x00000000e1d32850,0x00000000e4a80000)
  to   space 45056K, 0% used [0x00000000e4c80000,0x00000000e4c80000,0x00000000e7880000)
 ParOldGen       total 179200K, used 114925K [0x0000000081c00000, 0x000000008cb00000, 0x00000000d5f00000)
  object space 179200K, 64% used [0x0000000081c00000,0x0000000088c3b548,0x000000008cb00000)
 Metaspace       used 25145K, capacity 25618K, committed 25984K, reserved 1073152K
  class space    used 2988K, capacity 3117K, committed 3200K, reserved 1048576K
GC Heap History (10 events):
Event: 37.158 GC heap before
{Heap before GC invocations=16 (full 3):
 PSYoungGen      total 142336K, used 123829K [0x00000000d5f00000, 0x00000000e1e80000, 0x0000000100000000)
  eden space 96768K, 99% used [0x00000000d5f00000,0x00000000dbd254d0,0x00000000dbd80000)
  from space 45568K, 60% used [0x00000000dea00000,0x00000000e04c81a8,0x00000000e1680000)
  to   space 45568K, 0% used [0x00000000dbd80000,0x00000000dbd80000,0x00000000dea00000)
 ParOldGen       total 179200K, used 88781K [0x0000000081c00000, 0x000000008cb00000, 0x00000000d5f00000)
  object space 179200K, 49% used [0x0000000081c00000,0x00000000872b3548,0x000000008cb00000)
 Metaspace       used 25112K, capacity 25612K, committed 25984K, reserved 1073152K
  class space    used 2988K, capacity 3116K, committed 3200K, reserved 1048576K
Event: 37.193 GC heap after
Heap after GC invocations=16 (full 3):
 PSYoungGen      total 142336K, used 27524K [0x00000000d5f00000, 0x00000000e3c00000, 0x0000000100000000)
  eden space 96768K, 0% used [0x00000000d5f00000,0x00000000d5f00000,0x00000000dbd80000)
  from space 45568K, 60% used [0x00000000dbd80000,0x00000000dd861078,0x00000000dea00000)
  to   space 45056K, 0% used [0x00000000e1000000,0x00000000e1000000,0x00000000e3c00000)
 ParOldGen       total 179200K, used 88781K [0x0000000081c00000, 0x000000008cb00000, 0x00000000d5f00000)
  object space 179200K, 49% used [0x0000000081c00000,0x00000000872b3548,0x000000008cb00000)
 Metaspace       used 25112K, capacity 25612K, committed 25984K, reserved 1073152K
  class space    used 2988K, capacity 3116K, committed 3200K, reserved 1048576K
}
Event: 37.222 GC heap before
{Heap before GC invocations=17 (full 3):
 PSYoungGen      total 142336K, used 124134K [0x00000000d5f00000, 0x00000000e3c00000, 0x0000000100000000)
  eden space 96768K, 99% used [0x00000000d5f00000,0x00000000dbd58ae0,0x00000000dbd80000)
  from space 45568K, 60% used [0x00000000dbd80000,0x00000000dd861078,0x00000000dea00000)
  to   space 45056K, 0% used [0x00000000e1000000,0x00000000e1000000,0x00000000e3c00000)
 ParOldGen       total 179200K, used 88781K [0x0000000081c00000, 0x000000008cb00000, 0x00000000d5f00000)
  object space 179200K, 49% used [0x0000000081c00000,0x00000000872b3548,0x000000008cb00000)
 Metaspace       used 25112K, capacity 25612K, committed 25984K, reserved 1073152K
  class space    used 2988K, capacity 3116K, committed 3200K, reserved 1048576K
Event: 37.256 GC heap after
Heap after GC invocations=17 (full 3):
 PSYoungGen      total 181248K, used 27687K [0x00000000d5f00000, 0x00000000e4000000, 0x0000000100000000)
  eden space 136192K, 0% used [0x00000000d5f00000,0x00000000d5f00000,0x00000000de400000)
  from space 45056K, 61% used [0x00000000e1000000,0x00000000e2b09de8,0x00000000e3c00000)
  to   space 45056K, 0% used [0x00000000de400000,0x00000000de400000,0x00000000e1000000)
 ParOldGen       total 179200K, used 88789K [0x0000000081c00000, 0x000000008cb00000, 0x00000000d5f00000)
  object space 179200K, 49% used [0x0000000081c00000,0x00000000872b5548,0x000000008cb00000)
 Metaspace       used 25112K, capacity 25612K, committed 25984K, reserved 1073152K
  class space    used 2988K, capacity 3116K, committed 3200K, reserved 1048576K
}
Event: 37.304 GC heap before
{Heap before GC invocations=18 (full 3):
 PSYoungGen      total 181248K, used 163792K [0x00000000d5f00000, 0x00000000e4000000, 0x0000000100000000)
  eden space 136192K, 99% used [0x00000000d5f00000,0x00000000de3ea228,0x00000000de400000)
  from space 45056K, 61% used [0x00000000e1000000,0x00000000e2b09de8,0x00000000e3c00000)
  to   space 45056K, 0% used [0x00000000de400000,0x00000000de400000,0x00000000e1000000)
 ParOldGen       total 179200K, used 88789K [0x0000000081c00000, 0x000000008cb00000, 0x00000000d5f00000)
  object space 179200K, 49% used [0x0000000081c00000,0x00000000872b5548,0x000000008cb00000)
 Metaspace       used 25112K, capacity 25612K, committed 25984K, reserved 1073152K
  class space    used 2988K, capacity 3116K, committed 3200K, reserved 1048576K
Event: 37.325 GC heap after
Heap after GC invocations=18 (full 3):
 PSYoungGen      total 181248K, used 3281K [0x00000000d5f00000, 0x00000000e7980000, 0x0000000100000000)
  eden space 136192K, 0% used [0x00000000d5f00000,0x00000000d5f00000,0x00000000de400000)
  from space 45056K, 7% used [0x00000000de400000,0x00000000de734680,0x00000000e1000000)
  to   space 46080K, 0% used [0x00000000e4c80000,0x00000000e4c80000,0x00000000e7980000)
 ParOldGen       total 179200K, used 113733K [0x0000000081c00000, 0x000000008cb00000, 0x00000000d5f00000)
  object space 179200K, 63% used [0x0000000081c00000,0x0000000088b11548,0x000000008cb00000)
 Metaspace       used 25112K, capacity 25612K, committed 25984K, reserved 1073152K
  class space    used 2988K, capacity 3116K, committed 3200K, reserved 1048576K
}
Event: 37.374 GC heap before
{Heap before GC invocations=19 (full 3):
 PSYoungGen      total 181248K, used 139473K [0x00000000d5f00000, 0x00000000e7980000, 0x0000000100000000)
  eden space 136192K, 100% used [0x00000000d5f00000,0x00000000de400000,0x00000000de400000)
  from space 45056K, 7% used [0x00000000de400000,0x00000000de734680,0x00000000e1000000)
  to   space 46080K, 0% used [0x00000000e4c80000,0x00000000e4c80000,0x00000000e7980000)
 ParOldGen       total 179200K, used 113733K [0x0000000081c00000, 0x000000008cb00000, 0x00000000d5f00000)
  object space 179200K, 63% used [0x0000000081c00000,0x0000000088b11548,0x000000008cb00000)
 Metaspace       used 25124K, capacity 25612K, committed 25984K, reserved 1073152K
  class space    used 2988K, capacity 3116K, committed 3200K, reserved 1048576K
Event: 37.380 GC heap after
Heap after GC invocations=19 (full 3):
 PSYoungGen      total 239104K, used 887K [0x00000000d5f00000, 0x00000000e7880000, 0x0000000100000000)
  eden space 194048K, 0% used [0x00000000d5f00000,0x00000000d5f00000,0x00000000e1c80000)
  from space 45056K, 1% used [0x00000000e4c80000,0x00000000e4d5dca0,0x00000000e7880000)
  to   space 47104K, 0% used [0x00000000e1c80000,0x00000000e1c80000,0x00000000e4a80000)
 ParOldGen       total 179200K, used 114637K [0x0000000081c00000, 0x000000008cb00000, 0x00000000d5f00000)
  object space 179200K, 63% used [0x0000000081c00000,0x0000000088bf3548,0x000000008cb00000)
 Metaspace       used 25124K, capacity 25612K, committed 25984K, reserved 1073152K
  class space    used 2988K, capacity 3116K, committed 3200K, reserved 1048576K
}
Event: 37.423 GC heap before
{Heap before GC invocations=20 (full 3):
 PSYoungGen      total 239104K, used 194894K [0x00000000d5f00000, 0x00000000e7880000, 0x0000000100000000)
  eden space 194048K, 99% used [0x00000000d5f00000,0x00000000e1c75e58,0x00000000e1c80000)
  from space 45056K, 1% used [0x00000000e4c80000,0x00000000e4d5dca0,0x00000000e7880000)
  to   space 47104K, 0% used [0x00000000e1c80000,0x00000000e1c80000,0x00000000e4a80000)
 ParOldGen       total 179200K, used 114637K [0x0000000081c00000, 0x000000008cb00000, 0x00000000d5f00000)
  object space 179200K, 63% used [0x0000000081c00000,0x0000000088bf3548,0x000000008cb00000)
 Metaspace       used 25124K, capacity 25612K, committed 25984K, reserved 1073152K
  class space    used 2988K, capacity 3116K, committed 3200K, reserved 1048576K
Event: 37.425 GC heap after
Heap after GC invocations=20 (full 3):
 PSYoungGen      total 241152K, used 714K [0x00000000d5f00000, 0x00000000e7880000, 0x0000000100000000)
  eden space 194048K, 0% used [0x00000000d5f00000,0x00000000d5f00000,0x00000000e1c80000)
  from space 47104K, 1% used [0x00000000e1c80000,0x00000000e1d32850,0x00000000e4a80000)
  to   space 45056K, 0% used [0x00000000e4c80000,0x00000000e4c80000,0x00000000e7880000)
 ParOldGen       total 179200K, used 114925K [0x0000000081c00000, 0x000000008cb00000, 0x00000000d5f00000)
  object space 179200K, 64% used [0x0000000081c00000,0x0000000088c3b548,0x000000008cb00000)
 Metaspace       used 25124K, capacity 25612K, committed 25984K, reserved 1073152K
  class space    used 2988K, capacity 3116K, committed 3200K, reserved 1048576K
}

