# JRE version: Java(TM) SE Runtime Environment (8.0_191-b12) (build 1.8.0_191-b12)
# Java VM: Java HotSpot(TM) 64-Bit Server VM (25.191-b12 mixed mode windows-amd64 compressed oops)
Heap:
 PSYoungGen      total 435712K, used 286984K [0x00000000d5f00000, 0x00000000f2000000, 0x0000000100000000)
  eden space 411648K, 66% used [0x00000000d5f00000,0x00000000e6b7a128,0x00000000ef100000)
  from space 24064K, 50% used [0x00000000f0880000,0x00000000f14481a8,0x00000000f2000000)
  to   space 24064K, 0% used [0x00000000ef100000,0x00000000ef100000,0x00000000f0880000)
 ParOldGen       total 87552K, used 54633K [0x0000000081c00000, 0x0000000087180000, 0x00000000d5f00000)
  object space 87552K, 62% used [0x0000000081c00000,0x000000008515a600,0x0000000087180000)
 Metaspace       used 20125K, capacity 20548K, committed 20736K, reserved 1067008K
  class space    used 2376K, capacity 2510K, committed 2560K, reserved 1048576K
GC Heap History (10 events):
Event: 13.035 GC heap before
{Heap before GC invocations=12 (full 0):
 PSYoungGen      total 435712K, used 425014K [0x00000000d5f00000, 0x00000000f2000000, 0x0000000100000000)
  eden space 411648K, 100% used [0x00000000d5f00000,0x00000000ef100000,0x00000000ef100000)
  from space 24064K, 55% used [0x00000000ef100000,0x00000000efe0dba8,0x00000000f0880000)
  to   space 24064K, 0% used [0x00000000f0880000,0x00000000f0880000,0x00000000f2000000)
 ParOldGen       total 87552K, used 54489K [0x0000000081c00000, 0x0000000087180000, 0x00000000d5f00000)
  object space 87552K, 62% used [0x0000000081c00000,0x0000000085136600,0x0000000087180000)
 Metaspace       used 20090K, capacity 20548K, committed 20736K, reserved 1067008K
  class space    used 2375K, capacity 2510K, committed 2560K, reserved 1048576K
Event: 13.055 GC heap after
Heap after GC invocations=12 (full 0):
 PSYoungGen      total 435712K, used 19063K [0x00000000d5f00000, 0x00000000f2000000, 0x0000000100000000)
  eden space 411648K, 0% used [0x00000000d5f00000,0x00000000d5f00000,0x00000000ef100000)
  from space 24064K, 79% used [0x00000000f0880000,0x00000000f1b1de08,0x00000000f2000000)
  to   space 24064K, 0% used [0x00000000ef100000,0x00000000ef100000,0x00000000f0880000)
 ParOldGen       total 87552K, used 54593K [0x0000000081c00000, 0x0000000087180000, 0x00000000d5f00000)
  object space 87552K, 62% used [0x0000000081c00000,0x0000000085150600,0x0000000087180000)
 Metaspace       used 20090K, capacity 20548K, committed 20736K, reserved 1067008K
  class space    used 2375K, capacity 2510K, committed 2560K, reserved 1048576K
}
Event: 20.370 GC heap before
{Heap before GC invocations=13 (full 0):
 PSYoungGen      total 435712K, used 430711K [0x00000000d5f00000, 0x00000000f2000000, 0x0000000100000000)
  eden space 411648K, 100% used [0x00000000d5f00000,0x00000000ef100000,0x00000000ef100000)
  from space 24064K, 79% used [0x00000000f0880000,0x00000000f1b1de08,0x00000000f2000000)
  to   space 24064K, 0% used [0x00000000ef100000,0x00000000ef100000,0x00000000f0880000)
 ParOldGen       total 87552K, used 54593K [0x0000000081c00000, 0x0000000087180000, 0x00000000d5f00000)
  object space 87552K, 62% used [0x0000000081c00000,0x0000000085150600,0x0000000087180000)
 Metaspace       used 20109K, capacity 20548K, committed 20736K, reserved 1067008K
  class space    used 2375K, capacity 2510K, committed 2560K, reserved 1048576K
Event: 20.376 GC heap after
Heap after GC invocations=13 (full 0):
 PSYoungGen      total 435712K, used 64K [0x00000000d5f00000, 0x00000000f2000000, 0x0000000100000000)
  eden space 411648K, 0% used [0x00000000d5f00000,0x00000000d5f00000,0x00000000ef100000)
  from space 24064K, 0% used [0x00000000ef100000,0x00000000ef110000,0x00000000f0880000)
  to   space 24064K, 0% used [0x00000000f0880000,0x00000000f0880000,0x00000000f2000000)
 ParOldGen       total 87552K, used 54601K [0x0000000081c00000, 0x0000000087180000, 0x00000000d5f00000)
  object space 87552K, 62% used [0x0000000081c00000,0x0000000085152600,0x0000000087180000)
 Metaspace       used 20109K, capacity 20548K, committed 20736K, reserved 1067008K
  class space    used 2375K, capacity 2510K, committed 2560K, reserved 1048576K
}
Event: 27.082 GC heap before
{Heap before GC invocations=14 (full 0):
 PSYoungGen      total 435712K, used 411712K [0x00000000d5f00000, 0x00000000f2000000, 0x0000000100000000)
  eden space 411648K, 100% used [0x00000000d5f00000,0x00000000ef100000,0x00000000ef100000)
  from space 24064K, 0% used [0x00000000ef100000,0x00000000ef110000,0x00000000f0880000)
  to   space 24064K, 0% used [0x00000000f0880000,0x00000000f0880000,0x00000000f2000000)
 ParOldGen       total 87552K, used 54601K [0x0000000081c00000, 0x0000000087180000, 0x00000000d5f00000)
  object space 87552K, 62% used [0x0000000081c00000,0x0000000085152600,0x0000000087180000)
 Metaspace       used 20112K, capacity 20548K, committed 20736K, reserved 1067008K
  class space    used 2375K, capacity 2510K, committed 2560K, reserved 1048576K
Event: 27.087 GC heap after
Heap after GC invocations=14 (full 0):
 PSYoungGen      total 435712K, used 9491K [0x00000000d5f00000, 0x00000000f2000000, 0x0000000100000000)
  eden space 411648K, 0% used [0x00000000d5f00000,0x00000000d5f00000,0x00000000ef100000)
  from space 24064K, 39% used [0x00000000f0880000,0x00000000f11c4da0,0x00000000f2000000)
  to   space 24064K, 0% used [0x00000000ef100000,0x00000000ef100000,0x00000000f0880000)
 ParOldGen       total 87552K, used 54617K [0x0000000081c00000, 0x0000000087180000, 0x00000000d5f00000)
  object space 87552K, 62% used [0x0000000081c00000,0x0000000085156600,0x0000000087180000)
 Metaspace       used 20112K, capacity 20548K, committed 20736K, reserved 1067008K
  class space    used 2375K, capacity 2510K, committed 2560K, reserved 1048576K
}
Event: 28.555 GC heap before
{Heap before GC invocations=15 (full 0):
 PSYoungGen      total 435712K, used 421139K [0x00000000d5f00000, 0x00000000f2000000, 0x0000000100000000)
  eden space 411648K, 100% used [0x00000000d5f00000,0x00000000ef100000,0x00000000ef100000)
  from space 24064K, 39% used [0x00000000f0880000,0x00000000f11c4da0,0x00000000f2000000)
  to   space 24064K, 0% used [0x00000000ef100000,0x00000000ef100000,0x00000000f0880000)
 ParOldGen       total 87552K, used 54617K [0x0000000081c00000, 0x0000000087180000, 0x00000000d5f00000)
  object space 87552K, 62% used [0x0000000081c00000,0x0000000085156600,0x0000000087180000)
 Metaspace       used 20122K, capacity 20548K, committed 20736K, reserved 1067008K
  class space    used 2375K, capacity 2510K, committed 2560K, reserved 1048576K
Event: 28.567 GC heap after
Heap after GC invocations=15 (full 0):
 PSYoungGen      total 435712K, used 11422K [0x00000000d5f00000, 0x00000000f2000000, 0x0000000100000000)
  eden space 411648K, 0% used [0x00000000d5f00000,0x00000000d5f00000,0x00000000ef100000)
  from space 24064K, 47% used [0x00000000ef100000,0x00000000efc27af8,0x00000000f0880000)
  to   space 24064K, 0% used [0x00000000f0880000,0x00000000f0880000,0x00000000f2000000)
 ParOldGen       total 87552K, used 54625K [0x0000000081c00000, 0x0000000087180000, 0x00000000d5f00000)
  object space 87552K, 62% used [0x0000000081c00000,0x0000000085158600,0x0000000087180000)
 Metaspace       used 20122K, capacity 20548K, committed 20736K, reserved 1067008K
  class space    used 2375K, capacity 2510K, committed 2560K, reserved 1048576K
}
Event: 35.859 GC heap before
{Heap before GC invocations=16 (full 0):
 PSYoungGen      total 435712K, used 423070K [0x00000000d5f00000, 0x00000000f2000000, 0x0000000100000000)
  eden space 411648K, 100% used [0x00000000d5f00000,0x00000000ef100000,0x00000000ef100000)
  from space 24064K, 47% used [0x00000000ef100000,0x00000000efc27af8,0x00000000f0880000)
  to   space 24064K, 0% used [0x00000000f0880000,0x00000000f0880000,0x00000000f2000000)
 ParOldGen       total 87552K, used 54625K [0x0000000081c00000, 0x0000000087180000, 0x00000000d5f00000)
  object space 87552K, 62% used [0x0000000081c00000,0x0000000085158600,0x0000000087180000)
 Metaspace       used 20124K, capacity 20548K, committed 20736K, reserved 1067008K
  class space    used 2376K, capacity 2510K, committed 2560K, reserved 1048576K
Event: 35.867 GC heap after
Heap after GC invocations=16 (full 0):
 PSYoungGen      total 435712K, used 12064K [0x00000000d5f00000, 0x00000000f2000000, 0x0000000100000000)
  eden space 411648K, 0% used [0x00000000d5f00000,0x00000000d5f00000,0x00000000ef100000)
  from space 24064K, 50% used [0x00000000f0880000,0x00000000f14481a8,0x00000000f2000000)
  to   space 24064K, 0% used [0x00000000ef100000,0x00000000ef100000,0x00000000f0880000)
 ParOldGen       total 87552K, used 54633K [0x0000000081c00000, 0x0000000087180000, 0x00000000d5f00000)
  object space 87552K, 62% used [0x0000000081c00000,0x000000008515a600,0x0000000087180000)
 Metaspace       used 20124K, capacity 20548K, committed 20736K, reserved 1067008K
  class space    used 2376K, capacity 2510K, committed 2560K, reserved 1048576K
}

