# JRE version: Java(TM) SE Runtime Environment (8.0_191-b12) (build 1.8.0_191-b12)
# Java VM: Java HotSpot(TM) 64-Bit Server VM (25.191-b12 mixed mode windows-amd64 compressed oops)
Heap:
 PSYoungGen      total 343040K, used 165487K [0x00000000d5f00000, 0x00000000ec200000, 0x0000000100000000)
  eden space 324096K, 46% used [0x00000000d5f00000,0x00000000df396340,0x00000000e9b80000)
  from space 18944K, 70% used [0x00000000eae80000,0x00000000ebb85ba8,0x00000000ec100000)
  to   space 19456K, 0% used [0x00000000e9b80000,0x00000000e9b80000,0x00000000eae80000)
 ParOldGen       total 87552K, used 45777K [0x0000000081c00000, 0x0000000087180000, 0x00000000d5f00000)
  object space 87552K, 52% used [0x0000000081c00000,0x00000000848b4570,0x0000000087180000)
 Metaspace       used 19942K, capacity 20356K, committed 20480K, reserved 1067008K
  class space    used 2370K, capacity 2510K, committed 2560K, reserved 1048576K
GC Heap History (10 events):
Event: 9.652 GC heap before
{Heap before GC invocations=22 (full 0):
 PSYoungGen      total 272896K, used 260766K [0x00000000d5f00000, 0x00000000e8300000, 0x0000000100000000)
  eden space 249344K, 100% used [0x00000000d5f00000,0x00000000e5280000,0x00000000e5280000)
  from space 23552K, 48% used [0x00000000e5280000,0x00000000e5da7af8,0x00000000e6980000)
  to   space 20992K, 0% used [0x00000000e6980000,0x00000000e6980000,0x00000000e7e00000)
 ParOldGen       total 87552K, used 45753K [0x0000000081c00000, 0x0000000087180000, 0x00000000d5f00000)
  object space 87552K, 52% used [0x0000000081c00000,0x00000000848ae570,0x0000000087180000)
 Metaspace       used 19939K, capacity 20356K, committed 20480K, reserved 1067008K
  class space    used 2370K, capacity 2510K, committed 2560K, reserved 1048576K
Event: 9.655 GC heap after
Heap after GC invocations=22 (full 0):
 PSYoungGen      total 270336K, used 7361K [0x00000000d5f00000, 0x00000000e8300000, 0x0000000100000000)
  eden space 249344K, 0% used [0x00000000d5f00000,0x00000000d5f00000,0x00000000e5280000)
  from space 20992K, 35% used [0x00000000e6980000,0x00000000e70b0430,0x00000000e7e00000)
  to   space 23552K, 0% used [0x00000000e5280000,0x00000000e5280000,0x00000000e6980000)
 ParOldGen       total 87552K, used 45761K [0x0000000081c00000, 0x0000000087180000, 0x00000000d5f00000)
  object space 87552K, 52% used [0x0000000081c00000,0x00000000848b0570,0x0000000087180000)
 Metaspace       used 19939K, capacity 20356K, committed 20480K, reserved 1067008K
  class space    used 2370K, capacity 2510K, committed 2560K, reserved 1048576K
}
Event: 9.936 GC heap before
{Heap before GC invocations=23 (full 0):
 PSYoungGen      total 270336K, used 256705K [0x00000000d5f00000, 0x00000000e8300000, 0x0000000100000000)
  eden space 249344K, 100% used [0x00000000d5f00000,0x00000000e5280000,0x00000000e5280000)
  from space 20992K, 35% used [0x00000000e6980000,0x00000000e70b0430,0x00000000e7e00000)
  to   space 23552K, 0% used [0x00000000e5280000,0x00000000e5280000,0x00000000e6980000)
 ParOldGen       total 87552K, used 45761K [0x0000000081c00000, 0x0000000087180000, 0x00000000d5f00000)
  object space 87552K, 52% used [0x0000000081c00000,0x00000000848b0570,0x0000000087180000)
 Metaspace       used 19940K, capacity 20356K, committed 20480K, reserved 1067008K
  class space    used 2370K, capacity 2510K, committed 2560K, reserved 1048576K
Event: 9.944 GC heap after
Heap after GC invocations=23 (full 0):
 PSYoungGen      total 272896K, used 12502K [0x00000000d5f00000, 0x00000000e8300000, 0x0000000100000000)
  eden space 249344K, 0% used [0x00000000d5f00000,0x00000000d5f00000,0x00000000e5280000)
  from space 23552K, 53% used [0x00000000e5280000,0x00000000e5eb5ba8,0x00000000e6980000)
  to   space 20992K, 0% used [0x00000000e6980000,0x00000000e6980000,0x00000000e7e00000)
 ParOldGen       total 87552K, used 45769K [0x0000000081c00000, 0x0000000087180000, 0x00000000d5f00000)
  object space 87552K, 52% used [0x0000000081c00000,0x00000000848b2570,0x0000000087180000)
 Metaspace       used 19940K, capacity 20356K, committed 20480K, reserved 1067008K
  class space    used 2370K, capacity 2510K, committed 2560K, reserved 1048576K
}
Event: 10.167 GC heap before
{Heap before GC invocations=24 (full 0):
 PSYoungGen      total 272896K, used 261846K [0x00000000d5f00000, 0x00000000e8300000, 0x0000000100000000)
  eden space 249344K, 100% used [0x00000000d5f00000,0x00000000e5280000,0x00000000e5280000)
  from space 23552K, 53% used [0x00000000e5280000,0x00000000e5eb5ba8,0x00000000e6980000)
  to   space 20992K, 0% used [0x00000000e6980000,0x00000000e6980000,0x00000000e7e00000)
 ParOldGen       total 87552K, used 45769K [0x0000000081c00000, 0x0000000087180000, 0x00000000d5f00000)
  object space 87552K, 52% used [0x0000000081c00000,0x00000000848b2570,0x0000000087180000)
 Metaspace       used 19940K, capacity 20356K, committed 20480K, reserved 1067008K
  class space    used 2370K, capacity 2510K, committed 2560K, reserved 1048576K
Event: 10.177 GC heap after
Heap after GC invocations=24 (full 0):
 PSYoungGen      total 270336K, used 11895K [0x00000000d5f00000, 0x00000000e8300000, 0x0000000100000000)
  eden space 249344K, 0% used [0x00000000d5f00000,0x00000000d5f00000,0x00000000e5280000)
  from space 20992K, 56% used [0x00000000e6980000,0x00000000e751dca0,0x00000000e7e00000)
  to   space 23552K, 0% used [0x00000000e5280000,0x00000000e5280000,0x00000000e6980000)
 ParOldGen       total 87552K, used 45769K [0x0000000081c00000, 0x0000000087180000, 0x00000000d5f00000)
  object space 87552K, 52% used [0x0000000081c00000,0x00000000848b2570,0x0000000087180000)
 Metaspace       used 19940K, capacity 20356K, committed 20480K, reserved 1067008K
  class space    used 2370K, capacity 2510K, committed 2560K, reserved 1048576K
}
Event: 10.463 GC heap before
{Heap before GC invocations=25 (full 0):
 PSYoungGen      total 270336K, used 261239K [0x00000000d5f00000, 0x00000000e8300000, 0x0000000100000000)
  eden space 249344K, 100% used [0x00000000d5f00000,0x00000000e5280000,0x00000000e5280000)
  from space 20992K, 56% used [0x00000000e6980000,0x00000000e751dca0,0x00000000e7e00000)
  to   space 23552K, 0% used [0x00000000e5280000,0x00000000e5280000,0x00000000e6980000)
 ParOldGen       total 87552K, used 45769K [0x0000000081c00000, 0x0000000087180000, 0x00000000d5f00000)
  object space 87552K, 52% used [0x0000000081c00000,0x00000000848b2570,0x0000000087180000)
 Metaspace       used 19940K, capacity 20356K, committed 20480K, reserved 1067008K
  class space    used 2370K, capacity 2510K, committed 2560K, reserved 1048576K
Event: 10.467 GC heap after
Heap after GC invocations=25 (full 0):
 PSYoungGen      total 272896K, used 8215K [0x00000000d5f00000, 0x00000000ec100000, 0x0000000100000000)
  eden space 249344K, 0% used [0x00000000d5f00000,0x00000000d5f00000,0x00000000e5280000)
  from space 23552K, 34% used [0x00000000e5280000,0x00000000e5a85fd8,0x00000000e6980000)
  to   space 18944K, 0% used [0x00000000eae80000,0x00000000eae80000,0x00000000ec100000)
 ParOldGen       total 87552K, used 45769K [0x0000000081c00000, 0x0000000087180000, 0x00000000d5f00000)
  object space 87552K, 52% used [0x0000000081c00000,0x00000000848b2570,0x0000000087180000)
 Metaspace       used 19940K, capacity 20356K, committed 20480K, reserved 1067008K
  class space    used 2370K, capacity 2510K, committed 2560K, reserved 1048576K
}
Event: 10.706 GC heap before
{Heap before GC invocations=26 (full 0):
 PSYoungGen      total 272896K, used 257559K [0x00000000d5f00000, 0x00000000ec100000, 0x0000000100000000)
  eden space 249344K, 100% used [0x00000000d5f00000,0x00000000e5280000,0x00000000e5280000)
  from space 23552K, 34% used [0x00000000e5280000,0x00000000e5a85fd8,0x00000000e6980000)
  to   space 18944K, 0% used [0x00000000eae80000,0x00000000eae80000,0x00000000ec100000)
 ParOldGen       total 87552K, used 45769K [0x0000000081c00000, 0x0000000087180000, 0x00000000d5f00000)
  object space 87552K, 52% used [0x0000000081c00000,0x00000000848b2570,0x0000000087180000)
 Metaspace       used 19942K, capacity 20356K, committed 20480K, reserved 1067008K
  class space    used 2370K, capacity 2510K, committed 2560K, reserved 1048576K
Event: 10.728 GC heap after
Heap after GC invocations=26 (full 0):
 PSYoungGen      total 343040K, used 13334K [0x00000000d5f00000, 0x00000000ec200000, 0x0000000100000000)
  eden space 324096K, 0% used [0x00000000d5f00000,0x00000000d5f00000,0x00000000e9b80000)
  from space 18944K, 70% used [0x00000000eae80000,0x00000000ebb85ba8,0x00000000ec100000)
  to   space 19456K, 0% used [0x00000000e9b80000,0x00000000e9b80000,0x00000000eae80000)
 ParOldGen       total 87552K, used 45777K [0x0000000081c00000, 0x0000000087180000, 0x00000000d5f00000)
  object space 87552K, 52% used [0x0000000081c00000,0x00000000848b4570,0x0000000087180000)
 Metaspace       used 19942K, capacity 20356K, committed 20480K, reserved 1067008K
  class space    used 2370K, capacity 2510K, committed 2560K, reserved 1048576K
}

