# JRE version: Java(TM) SE Runtime Environment (8.0_191-b12) (build 1.8.0_191-b12)
# Java VM: Java HotSpot(TM) 64-Bit Server VM (25.191-b12 mixed mode windows-amd64 compressed oops)
Heap:
 PSYoungGen      total 598016K, used 275111K [0x00000000d5f00000, 0x00000000fba80000, 0x0000000100000000)
  eden space 578048K, 45% used [0x00000000d5f00000,0x00000000e61683d8,0x00000000f9380000)
  from space 19968K, 52% used [0x00000000fa700000,0x00000000fb141b00,0x00000000fba80000)
  to   space 19968K, 0% used [0x00000000f9380000,0x00000000f9380000,0x00000000fa700000)
 ParOldGen       total 87552K, used 46773K [0x0000000081c00000, 0x0000000087180000, 0x00000000d5f00000)
  object space 87552K, 53% used [0x0000000081c00000,0x00000000849ad6b8,0x0000000087180000)
 Metaspace       used 19958K, capacity 20324K, committed 20480K, reserved 1067008K
  class space    used 2359K, capacity 2478K, committed 2560K, reserved 1048576K
GC Heap History (10 events):
Event: 14.156 GC heap before
{Heap before GC invocations=18 (full 0):
 PSYoungGen      total 433152K, used 420446K [0x00000000d5f00000, 0x00000000f1d80000, 0x0000000100000000)
  eden space 409088K, 100% used [0x00000000d5f00000,0x00000000eee80000,0x00000000eee80000)
  from space 24064K, 47% used [0x00000000eee80000,0x00000000ef997af8,0x00000000f0600000)
  to   space 23552K, 0% used [0x00000000f0680000,0x00000000f0680000,0x00000000f1d80000)
 ParOldGen       total 87552K, used 46725K [0x0000000081c00000, 0x0000000087180000, 0x00000000d5f00000)
  object space 87552K, 53% used [0x0000000081c00000,0x00000000849a16b8,0x0000000087180000)
 Metaspace       used 19941K, capacity 20324K, committed 20480K, reserved 1067008K
  class space    used 2358K, capacity 2478K, committed 2560K, reserved 1048576K
Event: 14.182 GC heap after
Heap after GC invocations=18 (full 0):
 PSYoungGen      total 436224K, used 6066K [0x00000000d5f00000, 0x00000000fb780000, 0x0000000100000000)
  eden space 412672K, 0% used [0x00000000d5f00000,0x00000000d5f00000,0x00000000ef200000)
  from space 23552K, 25% used [0x00000000f0680000,0x00000000f0c6cb90,0x00000000f1d80000)
  to   space 20992K, 0% used [0x00000000ef200000,0x00000000ef200000,0x00000000f0680000)
 ParOldGen       total 87552K, used 46733K [0x0000000081c00000, 0x0000000087180000, 0x00000000d5f00000)
  object space 87552K, 53% used [0x0000000081c00000,0x00000000849a36b8,0x0000000087180000)
 Metaspace       used 19941K, capacity 20324K, committed 20480K, reserved 1067008K
  class space    used 2358K, capacity 2478K, committed 2560K, reserved 1048576K
}
Event: 14.529 GC heap before
{Heap before GC invocations=19 (full 0):
 PSYoungGen      total 436224K, used 418738K [0x00000000d5f00000, 0x00000000fb780000, 0x0000000100000000)
  eden space 412672K, 100% used [0x00000000d5f00000,0x00000000ef200000,0x00000000ef200000)
  from space 23552K, 25% used [0x00000000f0680000,0x00000000f0c6cb90,0x00000000f1d80000)
  to   space 20992K, 0% used [0x00000000ef200000,0x00000000ef200000,0x00000000f0680000)
 ParOldGen       total 87552K, used 46733K [0x0000000081c00000, 0x0000000087180000, 0x00000000d5f00000)
  object space 87552K, 53% used [0x0000000081c00000,0x00000000849a36b8,0x0000000087180000)
 Metaspace       used 19941K, capacity 20324K, committed 20480K, reserved 1067008K
  class space    used 2358K, capacity 2478K, committed 2560K, reserved 1048576K
Event: 14.546 GC heap after
Heap after GC invocations=19 (full 0):
 PSYoungGen      total 433664K, used 11390K [0x00000000d5f00000, 0x00000000fba80000, 0x0000000100000000)
  eden space 412672K, 0% used [0x00000000d5f00000,0x00000000d5f00000,0x00000000ef200000)
  from space 20992K, 54% used [0x00000000ef200000,0x00000000efd1faf8,0x00000000f0680000)
  to   space 19968K, 0% used [0x00000000fa700000,0x00000000fa700000,0x00000000fba80000)
 ParOldGen       total 87552K, used 46741K [0x0000000081c00000, 0x0000000087180000, 0x00000000d5f00000)
  object space 87552K, 53% used [0x0000000081c00000,0x00000000849a56b8,0x0000000087180000)
 Metaspace       used 19941K, capacity 20324K, committed 20480K, reserved 1067008K
  class space    used 2358K, capacity 2478K, committed 2560K, reserved 1048576K
}
Event: 14.934 GC heap before
{Heap before GC invocations=20 (full 0):
 PSYoungGen      total 433664K, used 424062K [0x00000000d5f00000, 0x00000000fba80000, 0x0000000100000000)
  eden space 412672K, 100% used [0x00000000d5f00000,0x00000000ef200000,0x00000000ef200000)
  from space 20992K, 54% used [0x00000000ef200000,0x00000000efd1faf8,0x00000000f0680000)
  to   space 19968K, 0% used [0x00000000fa700000,0x00000000fa700000,0x00000000fba80000)
 ParOldGen       total 87552K, used 46741K [0x0000000081c00000, 0x0000000087180000, 0x00000000d5f00000)
  object space 87552K, 53% used [0x0000000081c00000,0x00000000849a56b8,0x0000000087180000)
 Metaspace       used 19942K, capacity 20324K, committed 20480K, reserved 1067008K
  class space    used 2358K, capacity 2478K, committed 2560K, reserved 1048576K
Event: 14.958 GC heap after
Heap after GC invocations=20 (full 0):
 PSYoungGen      total 598016K, used 12150K [0x00000000d5f00000, 0x00000000fba80000, 0x0000000100000000)
  eden space 578048K, 0% used [0x00000000d5f00000,0x00000000d5f00000,0x00000000f9380000)
  from space 19968K, 60% used [0x00000000fa700000,0x00000000fb2ddba8,0x00000000fba80000)
  to   space 19968K, 0% used [0x00000000f9380000,0x00000000f9380000,0x00000000fa700000)
 ParOldGen       total 87552K, used 46749K [0x0000000081c00000, 0x0000000087180000, 0x00000000d5f00000)
  object space 87552K, 53% used [0x0000000081c00000,0x00000000849a76b8,0x0000000087180000)
 Metaspace       used 19942K, capacity 20324K, committed 20480K, reserved 1067008K
  class space    used 2358K, capacity 2478K, committed 2560K, reserved 1048576K
}
Event: 15.964 GC heap before
{Heap before GC invocations=21 (full 0):
 PSYoungGen      total 598016K, used 587338K [0x00000000d5f00000, 0x00000000fba80000, 0x0000000100000000)
  eden space 578048K, 99% used [0x00000000d5f00000,0x00000000f90b4d50,0x00000000f9380000)
  from space 19968K, 60% used [0x00000000fa700000,0x00000000fb2ddba8,0x00000000fba80000)
  to   space 19968K, 0% used [0x00000000f9380000,0x00000000f9380000,0x00000000fa700000)
 ParOldGen       total 87552K, used 46749K [0x0000000081c00000, 0x0000000087180000, 0x00000000d5f00000)
  object space 87552K, 53% used [0x0000000081c00000,0x00000000849a76b8,0x0000000087180000)
 Metaspace       used 19953K, capacity 20324K, committed 20480K, reserved 1067008K
  class space    used 2359K, capacity 2478K, committed 2560K, reserved 1048576K
Event: 15.966 GC heap after
Heap after GC invocations=21 (full 0):
 PSYoungGen      total 598016K, used 128K [0x00000000d5f00000, 0x00000000fba80000, 0x0000000100000000)
  eden space 578048K, 0% used [0x00000000d5f00000,0x00000000d5f00000,0x00000000f9380000)
  from space 19968K, 0% used [0x00000000f9380000,0x00000000f93a0000,0x00000000fa700000)
  to   space 19968K, 0% used [0x00000000fa700000,0x00000000fa700000,0x00000000fba80000)
 ParOldGen       total 87552K, used 46757K [0x0000000081c00000, 0x0000000087180000, 0x00000000d5f00000)
  object space 87552K, 53% used [0x0000000081c00000,0x00000000849a96b8,0x0000000087180000)
 Metaspace       used 19953K, capacity 20324K, committed 20480K, reserved 1067008K
  class space    used 2359K, capacity 2478K, committed 2560K, reserved 1048576K
}
Event: 17.025 GC heap before
{Heap before GC invocations=22 (full 0):
 PSYoungGen      total 598016K, used 578176K [0x00000000d5f00000, 0x00000000fba80000, 0x0000000100000000)
  eden space 578048K, 100% used [0x00000000d5f00000,0x00000000f9380000,0x00000000f9380000)
  from space 19968K, 0% used [0x00000000f9380000,0x00000000f93a0000,0x00000000fa700000)
  to   space 19968K, 0% used [0x00000000fa700000,0x00000000fa700000,0x00000000fba80000)
 ParOldGen       total 87552K, used 46757K [0x0000000081c00000, 0x0000000087180000, 0x00000000d5f00000)
  object space 87552K, 53% used [0x0000000081c00000,0x00000000849a96b8,0x0000000087180000)
 Metaspace       used 19958K, capacity 20324K, committed 20480K, reserved 1067008K
  class space    used 2359K, capacity 2478K, committed 2560K, reserved 1048576K
Event: 17.031 GC heap after
Heap after GC invocations=22 (full 0):
 PSYoungGen      total 598016K, used 10502K [0x00000000d5f00000, 0x00000000fba80000, 0x0000000100000000)
  eden space 578048K, 0% used [0x00000000d5f00000,0x00000000d5f00000,0x00000000f9380000)
  from space 19968K, 52% used [0x00000000fa700000,0x00000000fb141b00,0x00000000fba80000)
  to   space 19968K, 0% used [0x00000000f9380000,0x00000000f9380000,0x00000000fa700000)
 ParOldGen       total 87552K, used 46773K [0x0000000081c00000, 0x0000000087180000, 0x00000000d5f00000)
  object space 87552K, 53% used [0x0000000081c00000,0x00000000849ad6b8,0x0000000087180000)
 Metaspace       used 19958K, capacity 20324K, committed 20480K, reserved 1067008K
  class space    used 2359K, capacity 2478K, committed 2560K, reserved 1048576K
}

