# JRE version: Java(TM) SE Runtime Environment (8.0_191-b12) (build 1.8.0_191-b12)
# Java VM: Java HotSpot(TM) 64-Bit Server VM (25.191-b12 mixed mode windows-amd64 compressed oops)
Heap:
 PSYoungGen      total 279552K, used 196971K [0x00000000d5f00000, 0x00000000ee280000, 0x0000000100000000)
  eden space 207872K, 94% used [0x00000000d5f00000,0x00000000e1e028a0,0x00000000e2a00000)
  from space 71680K, 1% used [0x00000000e2a00000,0x00000000e2b58530,0x00000000e7000000)
  to   space 89088K, 0% used [0x00000000e8b80000,0x00000000e8b80000,0x00000000ee280000)
 ParOldGen       total 222720K, used 98433K [0x0000000081c00000, 0x000000008f580000, 0x00000000d5f00000)
  object space 222720K, 44% used [0x0000000081c00000,0x0000000087c204a0,0x000000008f580000)
 Metaspace       used 23654K, capacity 24172K, committed 24576K, reserved 1071104K
  class space    used 2807K, capacity 2966K, committed 3072K, reserved 1048576K
GC Heap History (10 events):
Event: 103.126 GC heap before
{Heap before GC invocations=56 (full 10):
 PSYoungGen      total 279552K, used 207872K [0x00000000d5f00000, 0x00000000ee280000, 0x0000000100000000)
  eden space 207872K, 100% used [0x00000000d5f00000,0x00000000e2a00000,0x00000000e2a00000)
  from space 71680K, 0% used [0x00000000e2a00000,0x00000000e2a00000,0x00000000e7000000)
  to   space 89088K, 0% used [0x00000000e8b80000,0x00000000e8b80000,0x00000000ee280000)
 ParOldGen       total 222720K, used 86149K [0x0000000081c00000, 0x000000008f580000, 0x00000000d5f00000)
  object space 222720K, 38% used [0x0000000081c00000,0x0000000087021400,0x000000008f580000)
 Metaspace       used 23648K, capacity 24172K, committed 24576K, reserved 1071104K
  class space    used 2807K, capacity 2966K, committed 3072K, reserved 1048576K
Event: 103.154 GC heap after
Heap after GC invocations=56 (full 10):
 PSYoungGen      total 296960K, used 84385K [0x00000000d5f00000, 0x00000000ee280000, 0x0000000100000000)
  eden space 207872K, 0% used [0x00000000d5f00000,0x00000000d5f00000,0x00000000e2a00000)
  from space 89088K, 94% used [0x00000000e8b80000,0x00000000edde86e8,0x00000000ee280000)
  to   space 71680K, 0% used [0x00000000e2a00000,0x00000000e2a00000,0x00000000e7000000)
 ParOldGen       total 222720K, used 132931K [0x0000000081c00000, 0x000000008f580000, 0x00000000d5f00000)
  object space 222720K, 59% used [0x0000000081c00000,0x0000000089dd0c48,0x000000008f580000)
 Metaspace       used 23648K, capacity 24172K, committed 24576K, reserved 1071104K
  class space    used 2807K, capacity 2966K, committed 3072K, reserved 1048576K
}
Event: 103.294 GC heap before
{Heap before GC invocations=57 (full 10):
 PSYoungGen      total 296960K, used 292194K [0x00000000d5f00000, 0x00000000ee280000, 0x0000000100000000)
  eden space 207872K, 99% used [0x00000000d5f00000,0x00000000e29f0350,0x00000000e2a00000)
  from space 89088K, 94% used [0x00000000e8b80000,0x00000000edde86e8,0x00000000ee280000)
  to   space 71680K, 0% used [0x00000000e2a00000,0x00000000e2a00000,0x00000000e7000000)
 ParOldGen       total 222720K, used 132931K [0x0000000081c00000, 0x000000008f580000, 0x00000000d5f00000)
  object space 222720K, 59% used [0x0000000081c00000,0x0000000089dd0c48,0x000000008f580000)
 Metaspace       used 23652K, capacity 24172K, committed 24576K, reserved 1071104K
  class space    used 2807K, capacity 2966K, committed 3072K, reserved 1048576K
Event: 103.350 GC heap after
Heap after GC invocations=57 (full 10):
 PSYoungGen      total 279552K, used 71669K [0x00000000d5f00000, 0x00000000ee280000, 0x0000000100000000)
  eden space 207872K, 0% used [0x00000000d5f00000,0x00000000d5f00000,0x00000000e2a00000)
  from space 71680K, 99% used [0x00000000e2a00000,0x00000000e6ffd7c0,0x00000000e7000000)
  to   space 89088K, 0% used [0x00000000e8b80000,0x00000000e8b80000,0x00000000ee280000)
 ParOldGen       total 222720K, used 212641K [0x0000000081c00000, 0x000000008f580000, 0x00000000d5f00000)
  object space 222720K, 95% used [0x0000000081c00000,0x000000008eba8778,0x000000008f580000)
 Metaspace       used 23652K, capacity 24172K, committed 24576K, reserved 1071104K
  class space    used 2807K, capacity 2966K, committed 3072K, reserved 1048576K
}
Event: 103.350 GC heap before
{Heap before GC invocations=58 (full 11):
 PSYoungGen      total 279552K, used 71669K [0x00000000d5f00000, 0x00000000ee280000, 0x0000000100000000)
  eden space 207872K, 0% used [0x00000000d5f00000,0x00000000d5f00000,0x00000000e2a00000)
  from space 71680K, 99% used [0x00000000e2a00000,0x00000000e6ffd7c0,0x00000000e7000000)
  to   space 89088K, 0% used [0x00000000e8b80000,0x00000000e8b80000,0x00000000ee280000)
 ParOldGen       total 222720K, used 212641K [0x0000000081c00000, 0x000000008f580000, 0x00000000d5f00000)
  object space 222720K, 95% used [0x0000000081c00000,0x000000008eba8778,0x000000008f580000)
 Metaspace       used 23652K, capacity 24172K, committed 24576K, reserved 1071104K
  class space    used 2807K, capacity 2966K, committed 3072K, reserved 1048576K
Event: 103.574 GC heap after
Heap after GC invocations=58 (full 11):
 PSYoungGen      total 279552K, used 0K [0x00000000d5f00000, 0x00000000ee280000, 0x0000000100000000)
  eden space 207872K, 0% used [0x00000000d5f00000,0x00000000d5f00000,0x00000000e2a00000)
  from space 71680K, 0% used [0x00000000e2a00000,0x00000000e2a00000,0x00000000e7000000)
  to   space 89088K, 0% used [0x00000000e8b80000,0x00000000e8b80000,0x00000000ee280000)
 ParOldGen       total 222720K, used 98433K [0x0000000081c00000, 0x000000008f580000, 0x00000000d5f00000)
  object space 222720K, 44% used [0x0000000081c00000,0x0000000087c204a0,0x000000008f580000)
 Metaspace       used 23652K, capacity 24172K, committed 24576K, reserved 1071104K
  class space    used 2807K, capacity 2966K, committed 3072K, reserved 1048576K
}
Event: 103.635 GC heap before
{Heap before GC invocations=59 (full 11):
 PSYoungGen      total 279552K, used 207744K [0x00000000d5f00000, 0x00000000ee280000, 0x0000000100000000)
  eden space 207872K, 99% used [0x00000000d5f00000,0x00000000e29e0128,0x00000000e2a00000)
  from space 71680K, 0% used [0x00000000e2a00000,0x00000000e2a00000,0x00000000e7000000)
  to   space 89088K, 0% used [0x00000000e8b80000,0x00000000e8b80000,0x00000000ee280000)
 ParOldGen       total 222720K, used 98433K [0x0000000081c00000, 0x000000008f580000, 0x00000000d5f00000)
  object space 222720K, 44% used [0x0000000081c00000,0x0000000087c204a0,0x000000008f580000)
 Metaspace       used 23652K, capacity 24172K, committed 24576K, reserved 1071104K
  class space    used 2807K, capacity 2966K, committed 3072K, reserved 1048576K
Event: 103.637 GC heap after
Heap after GC invocations=59 (full 11):
 PSYoungGen      total 296960K, used 842K [0x00000000d5f00000, 0x00000000ee280000, 0x0000000100000000)
  eden space 207872K, 0% used [0x00000000d5f00000,0x00000000d5f00000,0x00000000e2a00000)
  from space 89088K, 0% used [0x00000000e8b80000,0x00000000e8c528e0,0x00000000ee280000)
  to   space 71680K, 0% used [0x00000000e2a00000,0x00000000e2a00000,0x00000000e7000000)
 ParOldGen       total 222720K, used 98433K [0x0000000081c00000, 0x000000008f580000, 0x00000000d5f00000)
  object space 222720K, 44% used [0x0000000081c00000,0x0000000087c204a0,0x000000008f580000)
 Metaspace       used 23652K, capacity 24172K, committed 24576K, reserved 1071104K
  class space    used 2807K, capacity 2966K, committed 3072K, reserved 1048576K
}
Event: 103.695 GC heap before
{Heap before GC invocations=60 (full 11):
 PSYoungGen      total 296960K, used 208464K [0x00000000d5f00000, 0x00000000ee280000, 0x0000000100000000)
  eden space 207872K, 99% used [0x00000000d5f00000,0x00000000e29c1a80,0x00000000e2a00000)
  from space 89088K, 0% used [0x00000000e8b80000,0x00000000e8c528e0,0x00000000ee280000)
  to   space 71680K, 0% used [0x00000000e2a00000,0x00000000e2a00000,0x00000000e7000000)
 ParOldGen       total 222720K, used 98433K [0x0000000081c00000, 0x000000008f580000, 0x00000000d5f00000)
  object space 222720K, 44% used [0x0000000081c00000,0x0000000087c204a0,0x000000008f580000)
 Metaspace       used 23654K, capacity 24172K, committed 24576K, reserved 1071104K
  class space    used 2807K, capacity 2966K, committed 3072K, reserved 1048576K
Event: 103.696 GC heap after
Heap after GC invocations=60 (full 11):
 PSYoungGen      total 279552K, used 1377K [0x00000000d5f00000, 0x00000000ee280000, 0x0000000100000000)
  eden space 207872K, 0% used [0x00000000d5f00000,0x00000000d5f00000,0x00000000e2a00000)
  from space 71680K, 1% used [0x00000000e2a00000,0x00000000e2b58530,0x00000000e7000000)
  to   space 89088K, 0% used [0x00000000e8b80000,0x00000000e8b80000,0x00000000ee280000)
 ParOldGen       total 222720K, used 98433K [0x0000000081c00000, 0x000000008f580000, 0x00000000d5f00000)
  object space 222720K, 44% used [0x0000000081c00000,0x0000000087c204a0,0x000000008f580000)
 Metaspace       used 23654K, capacity 24172K, committed 24576K, reserved 1071104K
  class space    used 2807K, capacity 2966K, committed 3072K, reserved 1048576K
}

