# JRE version: Java(TM) SE Runtime Environment (8.0_191-b12) (build 1.8.0_191-b12)
# Java VM: Java HotSpot(TM) 64-Bit Server VM (25.191-b12 mixed mode windows-amd64 compressed oops)
Heap:
 PSYoungGen      total 238592K, used 191411K [0x00000000d5f00000, 0x00000000e6700000, 0x0000000100000000)
  eden space 229376K, 83% used [0x00000000d5f00000,0x00000000e19ece10,0x00000000e3f00000)
  from space 9216K, 0% used [0x00000000e3f00000,0x00000000e3f00000,0x00000000e4800000)
  to   space 8704K, 0% used [0x00000000e4800000,0x00000000e4800000,0x00000000e5080000)
 ParOldGen       total 196608K, used 84076K [0x0000000081c00000, 0x000000008dc00000, 0x00000000d5f00000)
  object space 196608K, 42% used [0x0000000081c00000,0x0000000086e1b000,0x000000008dc00000)
 Metaspace       used 22281K, capacity 22741K, committed 23088K, reserved 1069056K
  class space    used 2656K, capacity 2798K, committed 2864K, reserved 1048576K
GC Heap History (10 events):
Event: 22.774 GC heap before
{Heap before GC invocations=8 (full 1):
 PSYoungGen      total 131584K, used 131493K [0x00000000d5f00000, 0x00000000def00000, 0x0000000100000000)
  eden space 124928K, 100% used [0x00000000d5f00000,0x00000000dd900000,0x00000000dd900000)
  from space 6656K, 98% used [0x00000000de880000,0x00000000deee9648,0x00000000def00000)
  to   space 8192K, 0% used [0x00000000ddf00000,0x00000000ddf00000,0x00000000de700000)
 ParOldGen       total 47616K, used 18447K [0x0000000081c00000, 0x0000000084a80000, 0x00000000d5f00000)
  object space 47616K, 38% used [0x0000000081c00000,0x0000000082e03e30,0x0000000084a80000)
 Metaspace       used 22251K, capacity 22741K, committed 23088K, reserved 1069056K
  class space    used 2656K, capacity 2798K, committed 2864K, reserved 1048576K
Event: 22.780 GC heap after
Heap after GC invocations=8 (full 1):
 PSYoungGen      total 139264K, used 1536K [0x00000000d5f00000, 0x00000000e5080000, 0x0000000100000000)
  eden space 131072K, 0% used [0x00000000d5f00000,0x00000000d5f00000,0x00000000ddf00000)
  from space 8192K, 18% used [0x00000000ddf00000,0x00000000de080020,0x00000000de700000)
  to   space 8704K, 0% used [0x00000000e4800000,0x00000000e4800000,0x00000000e5080000)
 ParOldGen       total 47616K, used 29207K [0x0000000081c00000, 0x0000000084a80000, 0x00000000d5f00000)
  object space 47616K, 61% used [0x0000000081c00000,0x0000000083885e40,0x0000000084a80000)
 Metaspace       used 22251K, capacity 22741K, committed 23088K, reserved 1069056K
  class space    used 2656K, capacity 2798K, committed 2864K, reserved 1048576K
}
Event: 22.937 GC heap before
{Heap before GC invocations=9 (full 1):
 PSYoungGen      total 139264K, used 109345K [0x00000000d5f00000, 0x00000000e5080000, 0x0000000100000000)
  eden space 131072K, 82% used [0x00000000d5f00000,0x00000000dc848660,0x00000000ddf00000)
  from space 8192K, 18% used [0x00000000ddf00000,0x00000000de080020,0x00000000de700000)
  to   space 8704K, 0% used [0x00000000e4800000,0x00000000e4800000,0x00000000e5080000)
 ParOldGen       total 47616K, used 29207K [0x0000000081c00000, 0x0000000084a80000, 0x00000000d5f00000)
  object space 47616K, 61% used [0x0000000081c00000,0x0000000083885e40,0x0000000084a80000)
 Metaspace       used 22256K, capacity 22741K, committed 23088K, reserved 1069056K
  class space    used 2656K, capacity 2798K, committed 2864K, reserved 1048576K
Event: 22.955 GC heap after
Heap after GC invocations=9 (full 1):
 PSYoungGen      total 238080K, used 1536K [0x00000000d5f00000, 0x00000000e6700000, 0x0000000100000000)
  eden space 229376K, 0% used [0x00000000d5f00000,0x00000000d5f00000,0x00000000e3f00000)
  from space 8704K, 17% used [0x00000000e4800000,0x00000000e4980020,0x00000000e5080000)
  to   space 9216K, 0% used [0x00000000e3f00000,0x00000000e3f00000,0x00000000e4800000)
 ParOldGen       total 91136K, used 72215K [0x0000000081c00000, 0x0000000087500000, 0x00000000d5f00000)
  object space 91136K, 79% used [0x0000000081c00000,0x0000000086285e50,0x0000000087500000)
 Metaspace       used 22256K, capacity 22741K, committed 23088K, reserved 1069056K
  class space    used 2656K, capacity 2798K, committed 2864K, reserved 1048576K
}
Event: 22.955 GC heap before
{Heap before GC invocations=10 (full 2):
 PSYoungGen      total 238080K, used 1536K [0x00000000d5f00000, 0x00000000e6700000, 0x0000000100000000)
  eden space 229376K, 0% used [0x00000000d5f00000,0x00000000d5f00000,0x00000000e3f00000)
  from space 8704K, 17% used [0x00000000e4800000,0x00000000e4980020,0x00000000e5080000)
  to   space 9216K, 0% used [0x00000000e3f00000,0x00000000e3f00000,0x00000000e4800000)
 ParOldGen       total 91136K, used 72215K [0x0000000081c00000, 0x0000000087500000, 0x00000000d5f00000)
  object space 91136K, 79% used [0x0000000081c00000,0x0000000086285e50,0x0000000087500000)
 Metaspace       used 22256K, capacity 22741K, committed 23088K, reserved 1069056K
  class space    used 2656K, capacity 2798K, committed 2864K, reserved 1048576K
Event: 22.986 GC heap after
Heap after GC invocations=10 (full 2):
 PSYoungGen      total 238080K, used 0K [0x00000000d5f00000, 0x00000000e6700000, 0x0000000100000000)
  eden space 229376K, 0% used [0x00000000d5f00000,0x00000000d5f00000,0x00000000e3f00000)
  from space 8704K, 0% used [0x00000000e4800000,0x00000000e4800000,0x00000000e5080000)
  to   space 9216K, 0% used [0x00000000e3f00000,0x00000000e3f00000,0x00000000e4800000)
 ParOldGen       total 122368K, used 55090K [0x0000000081c00000, 0x0000000089380000, 0x00000000d5f00000)
  object space 122368K, 45% used [0x0000000081c00000,0x00000000851cc9a8,0x0000000089380000)
 Metaspace       used 22256K, capacity 22741K, committed 23088K, reserved 1069056K
  class space    used 2656K, capacity 2798K, committed 2864K, reserved 1048576K
}
Event: 23.556 GC heap before
{Heap before GC invocations=11 (full 2):
 PSYoungGen      total 238080K, used 216349K [0x00000000d5f00000, 0x00000000e6700000, 0x0000000100000000)
  eden space 229376K, 94% used [0x00000000d5f00000,0x00000000e3247778,0x00000000e3f00000)
  from space 8704K, 0% used [0x00000000e4800000,0x00000000e4800000,0x00000000e5080000)
  to   space 9216K, 0% used [0x00000000e3f00000,0x00000000e3f00000,0x00000000e4800000)
 ParOldGen       total 122368K, used 55090K [0x0000000081c00000, 0x0000000089380000, 0x00000000d5f00000)
  object space 122368K, 45% used [0x0000000081c00000,0x00000000851cc9a8,0x0000000089380000)
 Metaspace       used 22279K, capacity 22741K, committed 23088K, reserved 1069056K
  class space    used 2656K, capacity 2798K, committed 2864K, reserved 1048576K
Event: 23.604 GC heap after
Heap after GC invocations=11 (full 2):
 PSYoungGen      total 238592K, used 9197K [0x00000000d5f00000, 0x00000000e6700000, 0x0000000100000000)
  eden space 229376K, 0% used [0x00000000d5f00000,0x00000000d5f00000,0x00000000e3f00000)
  from space 9216K, 99% used [0x00000000e3f00000,0x00000000e47fb510,0x00000000e4800000)
  to   space 8704K, 0% used [0x00000000e4800000,0x00000000e4800000,0x00000000e5080000)
 ParOldGen       total 148480K, used 148065K [0x0000000081c00000, 0x000000008ad00000, 0x00000000d5f00000)
  object space 148480K, 99% used [0x0000000081c00000,0x000000008ac986e0,0x000000008ad00000)
 Metaspace       used 22279K, capacity 22741K, committed 23088K, reserved 1069056K
  class space    used 2656K, capacity 2798K, committed 2864K, reserved 1048576K
}
Event: 23.605 GC heap before
{Heap before GC invocations=12 (full 3):
 PSYoungGen      total 238592K, used 9197K [0x00000000d5f00000, 0x00000000e6700000, 0x0000000100000000)
  eden space 229376K, 0% used [0x00000000d5f00000,0x00000000d5f00000,0x00000000e3f00000)
  from space 9216K, 99% used [0x00000000e3f00000,0x00000000e47fb510,0x00000000e4800000)
  to   space 8704K, 0% used [0x00000000e4800000,0x00000000e4800000,0x00000000e5080000)
 ParOldGen       total 148480K, used 148065K [0x0000000081c00000, 0x000000008ad00000, 0x00000000d5f00000)
  object space 148480K, 99% used [0x0000000081c00000,0x000000008ac986e0,0x000000008ad00000)
 Metaspace       used 22279K, capacity 22741K, committed 23088K, reserved 1069056K
  class space    used 2656K, capacity 2798K, committed 2864K, reserved 1048576K
Event: 23.728 GC heap after
Heap after GC invocations=12 (full 3):
 PSYoungGen      total 238592K, used 0K [0x00000000d5f00000, 0x00000000e6700000, 0x0000000100000000)
  eden space 229376K, 0% used [0x00000000d5f00000,0x00000000d5f00000,0x00000000e3f00000)
  from space 9216K, 0% used [0x00000000e3f00000,0x00000000e3f00000,0x00000000e4800000)
  to   space 8704K, 0% used [0x00000000e4800000,0x00000000e4800000,0x00000000e5080000)
 ParOldGen       total 196608K, used 84076K [0x0000000081c00000, 0x000000008dc00000, 0x00000000d5f00000)
  object space 196608K, 42% used [0x0000000081c00000,0x0000000086e1b000,0x000000008dc00000)
 Metaspace       used 22279K, capacity 22741K, committed 23088K, reserved 1069056K
  class space    used 2656K, capacity 2798K, committed 2864K, reserved 1048576K
}

