# JRE version: Java(TM) SE Runtime Environment (8.0_191-b12) (build 1.8.0_191-b12)
# Java VM: Java HotSpot(TM) 64-Bit Server VM (25.191-b12 mixed mode windows-amd64 compressed oops)
Heap:
 PSYoungGen      total 424960K, used 246041K [0x00000000d5f00000, 0x00000000f4100000, 0x0000000100000000)
  eden space 356352K, 68% used [0x00000000d5f00000,0x00000000e4e8e3f0,0x00000000ebb00000)
  from space 68608K, 1% used [0x00000000ebb00000,0x00000000ebbb8238,0x00000000efe00000)
  to   space 63488K, 0% used [0x00000000f0300000,0x00000000f0300000,0x00000000f4100000)
 ParOldGen       total 211968K, used 86610K [0x0000000081c00000, 0x000000008eb00000, 0x00000000d5f00000)
  object space 211968K, 40% used [0x0000000081c00000,0x0000000087094a18,0x000000008eb00000)
 Metaspace       used 23353K, capacity 23820K, committed 24240K, reserved 1071104K
  class space    used 2759K, capacity 2895K, committed 2992K, reserved 1048576K
GC Heap History (10 events):
Event: 26.210 GC heap before
{Heap before GC invocations=18 (full 3):
 PSYoungGen      total 370176K, used 283784K [0x00000000d5f00000, 0x00000000f1f00000, 0x0000000100000000)
  eden space 282112K, 99% used [0x00000000d5f00000,0x00000000e725c388,0x00000000e7280000)
  from space 88064K, 2% used [0x00000000ec700000,0x00000000ec8c5d28,0x00000000f1d00000)
  to   space 86528K, 0% used [0x00000000e7280000,0x00000000e7280000,0x00000000ec700000)
 ParOldGen       total 211968K, used 86602K [0x0000000081c00000, 0x000000008eb00000, 0x00000000d5f00000)
  object space 211968K, 40% used [0x0000000081c00000,0x0000000087092a18,0x000000008eb00000)
 Metaspace       used 23328K, capacity 23756K, committed 23984K, reserved 1071104K
  class space    used 2759K, capacity 2895K, committed 2992K, reserved 1048576K
Event: 26.213 GC heap after
Heap after GC invocations=18 (full 3):
 PSYoungGen      total 368640K, used 1725K [0x00000000d5f00000, 0x00000000f3c00000, 0x0000000100000000)
  eden space 282112K, 0% used [0x00000000d5f00000,0x00000000d5f00000,0x00000000e7280000)
  from space 86528K, 1% used [0x00000000e7280000,0x00000000e742f698,0x00000000ec700000)
  to   space 78848K, 0% used [0x00000000eef00000,0x00000000eef00000,0x00000000f3c00000)
 ParOldGen       total 211968K, used 86602K [0x0000000081c00000, 0x000000008eb00000, 0x00000000d5f00000)
  object space 211968K, 40% used [0x0000000081c00000,0x0000000087092a18,0x000000008eb00000)
 Metaspace       used 23328K, capacity 23756K, committed 23984K, reserved 1071104K
  class space    used 2759K, capacity 2895K, committed 2992K, reserved 1048576K
}
Event: 26.285 GC heap before
{Heap before GC invocations=19 (full 3):
 PSYoungGen      total 368640K, used 283608K [0x00000000d5f00000, 0x00000000f3c00000, 0x0000000100000000)
  eden space 282112K, 99% used [0x00000000d5f00000,0x00000000e7246bf8,0x00000000e7280000)
  from space 86528K, 1% used [0x00000000e7280000,0x00000000e742f698,0x00000000ec700000)
  to   space 78848K, 0% used [0x00000000eef00000,0x00000000eef00000,0x00000000f3c00000)
 ParOldGen       total 211968K, used 86602K [0x0000000081c00000, 0x000000008eb00000, 0x00000000d5f00000)
  object space 211968K, 40% used [0x0000000081c00000,0x0000000087092a18,0x000000008eb00000)
 Metaspace       used 23328K, capacity 23756K, committed 23984K, reserved 1071104K
  class space    used 2759K, capacity 2895K, committed 2992K, reserved 1048576K
Event: 26.287 GC heap after
Heap after GC invocations=19 (full 3):
 PSYoungGen      total 394240K, used 2441K [0x00000000d5f00000, 0x00000000f3100000, 0x0000000100000000)
  eden space 326656K, 0% used [0x00000000d5f00000,0x00000000d5f00000,0x00000000e9e00000)
  from space 67584K, 3% used [0x00000000eef00000,0x00000000ef162688,0x00000000f3100000)
  to   space 75264K, 0% used [0x00000000e9e00000,0x00000000e9e00000,0x00000000ee780000)
 ParOldGen       total 211968K, used 86602K [0x0000000081c00000, 0x000000008eb00000, 0x00000000d5f00000)
  object space 211968K, 40% used [0x0000000081c00000,0x0000000087092a18,0x000000008eb00000)
 Metaspace       used 23328K, capacity 23756K, committed 23984K, reserved 1071104K
  class space    used 2759K, capacity 2895K, committed 2992K, reserved 1048576K
}
Event: 26.441 GC heap before
{Heap before GC invocations=20 (full 3):
 PSYoungGen      total 394240K, used 328884K [0x00000000d5f00000, 0x00000000f3100000, 0x0000000100000000)
  eden space 326656K, 99% used [0x00000000d5f00000,0x00000000e9dca998,0x00000000e9e00000)
  from space 67584K, 3% used [0x00000000eef00000,0x00000000ef162688,0x00000000f3100000)
  to   space 75264K, 0% used [0x00000000e9e00000,0x00000000e9e00000,0x00000000ee780000)
 ParOldGen       total 211968K, used 86602K [0x0000000081c00000, 0x000000008eb00000, 0x00000000d5f00000)
  object space 211968K, 40% used [0x0000000081c00000,0x0000000087092a18,0x000000008eb00000)
 Metaspace       used 23349K, capacity 23820K, committed 24240K, reserved 1071104K
  class space    used 2759K, capacity 2895K, committed 2992K, reserved 1048576K
Event: 26.444 GC heap after
Heap after GC invocations=20 (full 3):
 PSYoungGen      total 401920K, used 1891K [0x00000000d5f00000, 0x00000000f4980000, 0x0000000100000000)
  eden space 326656K, 0% used [0x00000000d5f00000,0x00000000d5f00000,0x00000000e9e00000)
  from space 75264K, 2% used [0x00000000e9e00000,0x00000000e9fd8ff8,0x00000000ee780000)
  to   space 72192K, 0% used [0x00000000f0300000,0x00000000f0300000,0x00000000f4980000)
 ParOldGen       total 211968K, used 86610K [0x0000000081c00000, 0x000000008eb00000, 0x00000000d5f00000)
  object space 211968K, 40% used [0x0000000081c00000,0x0000000087094a18,0x000000008eb00000)
 Metaspace       used 23349K, capacity 23820K, committed 24240K, reserved 1071104K
  class space    used 2759K, capacity 2895K, committed 2992K, reserved 1048576K
}
Event: 26.525 GC heap before
{Heap before GC invocations=21 (full 3):
 PSYoungGen      total 401920K, used 328146K [0x00000000d5f00000, 0x00000000f4980000, 0x0000000100000000)
  eden space 326656K, 99% used [0x00000000d5f00000,0x00000000e9d9bae8,0x00000000e9e00000)
  from space 75264K, 2% used [0x00000000e9e00000,0x00000000e9fd8ff8,0x00000000ee780000)
  to   space 72192K, 0% used [0x00000000f0300000,0x00000000f0300000,0x00000000f4980000)
 ParOldGen       total 211968K, used 86610K [0x0000000081c00000, 0x000000008eb00000, 0x00000000d5f00000)
  object space 211968K, 40% used [0x0000000081c00000,0x0000000087094a18,0x000000008eb00000)
 Metaspace       used 23349K, capacity 23820K, committed 24240K, reserved 1071104K
  class space    used 2759K, capacity 2895K, committed 2992K, reserved 1048576K
Event: 26.527 GC heap after
Heap after GC invocations=21 (full 3):
 PSYoungGen      total 419840K, used 2047K [0x00000000d5f00000, 0x00000000f4100000, 0x0000000100000000)
  eden space 356352K, 0% used [0x00000000d5f00000,0x00000000d5f00000,0x00000000ebb00000)
  from space 63488K, 3% used [0x00000000f0300000,0x00000000f04ffe78,0x00000000f4100000)
  to   space 68608K, 0% used [0x00000000ebb00000,0x00000000ebb00000,0x00000000efe00000)
 ParOldGen       total 211968K, used 86610K [0x0000000081c00000, 0x000000008eb00000, 0x00000000d5f00000)
  object space 211968K, 40% used [0x0000000081c00000,0x0000000087094a18,0x000000008eb00000)
 Metaspace       used 23349K, capacity 23820K, committed 24240K, reserved 1071104K
  class space    used 2759K, capacity 2895K, committed 2992K, reserved 1048576K
}
Event: 26.661 GC heap before
{Heap before GC invocations=22 (full 3):
 PSYoungGen      total 419840K, used 358399K [0x00000000d5f00000, 0x00000000f4100000, 0x0000000100000000)
  eden space 356352K, 100% used [0x00000000d5f00000,0x00000000ebb00000,0x00000000ebb00000)
  from space 63488K, 3% used [0x00000000f0300000,0x00000000f04ffe78,0x00000000f4100000)
  to   space 68608K, 0% used [0x00000000ebb00000,0x00000000ebb00000,0x00000000efe00000)
 ParOldGen       total 211968K, used 86610K [0x0000000081c00000, 0x000000008eb00000, 0x00000000d5f00000)
  object space 211968K, 40% used [0x0000000081c00000,0x0000000087094a18,0x000000008eb00000)
 Metaspace       used 23353K, capacity 23820K, committed 24240K, reserved 1071104K
  class space    used 2759K, capacity 2895K, committed 2992K, reserved 1048576K
Event: 26.664 GC heap after
Heap after GC invocations=22 (full 3):
 PSYoungGen      total 424960K, used 736K [0x00000000d5f00000, 0x00000000f4100000, 0x0000000100000000)
  eden space 356352K, 0% used [0x00000000d5f00000,0x00000000d5f00000,0x00000000ebb00000)
  from space 68608K, 1% used [0x00000000ebb00000,0x00000000ebbb8238,0x00000000efe00000)
  to   space 63488K, 0% used [0x00000000f0300000,0x00000000f0300000,0x00000000f4100000)
 ParOldGen       total 211968K, used 86610K [0x0000000081c00000, 0x000000008eb00000, 0x00000000d5f00000)
  object space 211968K, 40% used [0x0000000081c00000,0x0000000087094a18,0x000000008eb00000)
 Metaspace       used 23353K, capacity 23820K, committed 24240K, reserved 1071104K
  class space    used 2759K, capacity 2895K, committed 2992K, reserved 1048576K
}

