# JRE version: Java(TM) SE Runtime Environment (8.0_191-b12) (build 1.8.0_191-b12)
# Java VM: Java HotSpot(TM) 64-Bit Server VM (25.191-b12 mixed mode windows-amd64 compressed oops)
Heap:
 PSYoungGen      total 509952K, used 313260K [0x00000000d5f00000, 0x00000000f8680000, 0x0000000100000000)
  eden space 459264K, 68% used [0x00000000d5f00000,0x00000000e9031110,0x00000000f1f80000)
  from space 50688K, 1% used [0x00000000f4e80000,0x00000000f4f39ff0,0x00000000f8000000)
  to   space 48128K, 0% used [0x00000000f1f80000,0x00000000f1f80000,0x00000000f4e80000)
 ParOldGen       total 212480K, used 91725K [0x0000000081c00000, 0x000000008eb80000, 0x00000000d5f00000)
  object space 212480K, 43% used [0x0000000081c00000,0x00000000875935e8,0x000000008eb80000)
 Metaspace       used 23414K, capacity 23885K, committed 24240K, reserved 1071104K
  class space    used 2765K, capacity 2899K, committed 2992K, reserved 1048576K
GC Heap History (10 events):
Event: 51.658 GC heap before
{Heap before GC invocations=15 (full 3):
 PSYoungGen      total 393216K, used 349970K [0x00000000d5f00000, 0x00000000f1e80000, 0x0000000100000000)
  eden space 333824K, 100% used [0x00000000d5f00000,0x00000000ea500000,0x00000000ea500000)
  from space 59392K, 27% used [0x00000000ea500000,0x00000000eb4c48a0,0x00000000edf00000)
  to   space 56320K, 0% used [0x00000000ee780000,0x00000000ee780000,0x00000000f1e80000)
 ParOldGen       total 212480K, used 77485K [0x0000000081c00000, 0x000000008eb80000, 0x00000000d5f00000)
  object space 212480K, 36% used [0x0000000081c00000,0x00000000867ab588,0x000000008eb80000)
 Metaspace       used 23389K, capacity 23885K, committed 24240K, reserved 1071104K
  class space    used 2765K, capacity 2899K, committed 2992K, reserved 1048576K
Event: 51.671 GC heap after
Heap after GC invocations=15 (full 3):
 PSYoungGen      total 404992K, used 15817K [0x00000000d5f00000, 0x00000000f6780000, 0x0000000100000000)
  eden space 348672K, 0% used [0x00000000d5f00000,0x00000000d5f00000,0x00000000eb380000)
  from space 56320K, 28% used [0x00000000ee780000,0x00000000ef6f2730,0x00000000f1e80000)
  to   space 53248K, 0% used [0x00000000eb380000,0x00000000eb380000,0x00000000ee780000)
 ParOldGen       total 212480K, used 77485K [0x0000000081c00000, 0x000000008eb80000, 0x00000000d5f00000)
  object space 212480K, 36% used [0x0000000081c00000,0x00000000867ab588,0x000000008eb80000)
 Metaspace       used 23389K, capacity 23885K, committed 24240K, reserved 1071104K
  class space    used 2765K, capacity 2899K, committed 2992K, reserved 1048576K
}
Event: 51.762 GC heap before
{Heap before GC invocations=16 (full 3):
 PSYoungGen      total 404992K, used 364489K [0x00000000d5f00000, 0x00000000f6780000, 0x0000000100000000)
  eden space 348672K, 100% used [0x00000000d5f00000,0x00000000eb380000,0x00000000eb380000)
  from space 56320K, 28% used [0x00000000ee780000,0x00000000ef6f2730,0x00000000f1e80000)
  to   space 53248K, 0% used [0x00000000eb380000,0x00000000eb380000,0x00000000ee780000)
 ParOldGen       total 212480K, used 77485K [0x0000000081c00000, 0x000000008eb80000, 0x00000000d5f00000)
  object space 212480K, 36% used [0x0000000081c00000,0x00000000867ab588,0x000000008eb80000)
 Metaspace       used 23389K, capacity 23885K, committed 24240K, reserved 1071104K
  class space    used 2765K, capacity 2899K, committed 2992K, reserved 1048576K
Event: 51.775 GC heap after
Heap after GC invocations=16 (full 3):
 PSYoungGen      total 401920K, used 16100K [0x00000000d5f00000, 0x00000000f8000000, 0x0000000100000000)
  eden space 348672K, 0% used [0x00000000d5f00000,0x00000000d5f00000,0x00000000eb380000)
  from space 53248K, 30% used [0x00000000eb380000,0x00000000ec3392e0,0x00000000ee780000)
  to   space 50688K, 0% used [0x00000000f4e80000,0x00000000f4e80000,0x00000000f8000000)
 ParOldGen       total 212480K, used 77485K [0x0000000081c00000, 0x000000008eb80000, 0x00000000d5f00000)
  object space 212480K, 36% used [0x0000000081c00000,0x00000000867ab588,0x000000008eb80000)
 Metaspace       used 23389K, capacity 23885K, committed 24240K, reserved 1071104K
  class space    used 2765K, capacity 2899K, committed 2992K, reserved 1048576K
}
Event: 51.854 GC heap before
{Heap before GC invocations=17 (full 3):
 PSYoungGen      total 401920K, used 364401K [0x00000000d5f00000, 0x00000000f8000000, 0x0000000100000000)
  eden space 348672K, 99% used [0x00000000d5f00000,0x00000000eb323338,0x00000000eb380000)
  from space 53248K, 30% used [0x00000000eb380000,0x00000000ec3392e0,0x00000000ee780000)
  to   space 50688K, 0% used [0x00000000f4e80000,0x00000000f4e80000,0x00000000f8000000)
 ParOldGen       total 212480K, used 77485K [0x0000000081c00000, 0x000000008eb80000, 0x00000000d5f00000)
  object space 212480K, 36% used [0x0000000081c00000,0x00000000867ab588,0x000000008eb80000)
 Metaspace       used 23389K, capacity 23885K, committed 24240K, reserved 1071104K
  class space    used 2765K, capacity 2899K, committed 2992K, reserved 1048576K
Event: 51.868 GC heap after
Heap after GC invocations=17 (full 3):
 PSYoungGen      total 509952K, used 16286K [0x00000000d5f00000, 0x00000000f8680000, 0x0000000100000000)
  eden space 459264K, 0% used [0x00000000d5f00000,0x00000000d5f00000,0x00000000f1f80000)
  from space 50688K, 32% used [0x00000000f4e80000,0x00000000f5e67870,0x00000000f8000000)
  to   space 48128K, 0% used [0x00000000f1f80000,0x00000000f1f80000,0x00000000f4e80000)
 ParOldGen       total 212480K, used 77485K [0x0000000081c00000, 0x000000008eb80000, 0x00000000d5f00000)
  object space 212480K, 36% used [0x0000000081c00000,0x00000000867ab588,0x000000008eb80000)
 Metaspace       used 23389K, capacity 23885K, committed 24240K, reserved 1071104K
  class space    used 2765K, capacity 2899K, committed 2992K, reserved 1048576K
}
Event: 52.027 GC heap before
{Heap before GC invocations=18 (full 3):
 PSYoungGen      total 509952K, used 475506K [0x00000000d5f00000, 0x00000000f8680000, 0x0000000100000000)
  eden space 459264K, 99% used [0x00000000d5f00000,0x00000000f1f75378,0x00000000f1f80000)
  from space 50688K, 32% used [0x00000000f4e80000,0x00000000f5e67870,0x00000000f8000000)
  to   space 48128K, 0% used [0x00000000f1f80000,0x00000000f1f80000,0x00000000f4e80000)
 ParOldGen       total 212480K, used 77485K [0x0000000081c00000, 0x000000008eb80000, 0x00000000d5f00000)
  object space 212480K, 36% used [0x0000000081c00000,0x00000000867ab588,0x000000008eb80000)
 Metaspace       used 23410K, capacity 23885K, committed 24240K, reserved 1071104K
  class space    used 2765K, capacity 2899K, committed 2992K, reserved 1048576K
Event: 52.037 GC heap after
Heap after GC invocations=18 (full 3):
 PSYoungGen      total 507392K, used 1938K [0x00000000d5f00000, 0x00000000f8680000, 0x0000000100000000)
  eden space 459264K, 0% used [0x00000000d5f00000,0x00000000d5f00000,0x00000000f1f80000)
  from space 48128K, 4% used [0x00000000f1f80000,0x00000000f2164920,0x00000000f4e80000)
  to   space 50688K, 0% used [0x00000000f4e80000,0x00000000f4e80000,0x00000000f8000000)
 ParOldGen       total 212480K, used 91717K [0x0000000081c00000, 0x000000008eb80000, 0x00000000d5f00000)
  object space 212480K, 43% used [0x0000000081c00000,0x00000000875915e8,0x000000008eb80000)
 Metaspace       used 23410K, capacity 23885K, committed 24240K, reserved 1071104K
  class space    used 2765K, capacity 2899K, committed 2992K, reserved 1048576K
}
Event: 52.151 GC heap before
{Heap before GC invocations=19 (full 3):
 PSYoungGen      total 507392K, used 461202K [0x00000000d5f00000, 0x00000000f8680000, 0x0000000100000000)
  eden space 459264K, 100% used [0x00000000d5f00000,0x00000000f1f80000,0x00000000f1f80000)
  from space 48128K, 4% used [0x00000000f1f80000,0x00000000f2164920,0x00000000f4e80000)
  to   space 50688K, 0% used [0x00000000f4e80000,0x00000000f4e80000,0x00000000f8000000)
 ParOldGen       total 212480K, used 91717K [0x0000000081c00000, 0x000000008eb80000, 0x00000000d5f00000)
  object space 212480K, 43% used [0x0000000081c00000,0x00000000875915e8,0x000000008eb80000)
 Metaspace       used 23413K, capacity 23885K, committed 24240K, reserved 1071104K
  class space    used 2765K, capacity 2899K, committed 2992K, reserved 1048576K
Event: 52.153 GC heap after
Heap after GC invocations=19 (full 3):
 PSYoungGen      total 509952K, used 743K [0x00000000d5f00000, 0x00000000f8680000, 0x0000000100000000)
  eden space 459264K, 0% used [0x00000000d5f00000,0x00000000d5f00000,0x00000000f1f80000)
  from space 50688K, 1% used [0x00000000f4e80000,0x00000000f4f39ff0,0x00000000f8000000)
  to   space 48128K, 0% used [0x00000000f1f80000,0x00000000f1f80000,0x00000000f4e80000)
 ParOldGen       total 212480K, used 91725K [0x0000000081c00000, 0x000000008eb80000, 0x00000000d5f00000)
  object space 212480K, 43% used [0x0000000081c00000,0x00000000875935e8,0x000000008eb80000)
 Metaspace       used 23413K, capacity 23885K, committed 24240K, reserved 1071104K
  class space    used 2765K, capacity 2899K, committed 2992K, reserved 1048576K
}

