# JRE version: Java(TM) SE Runtime Environment (8.0_191-b12) (build 1.8.0_191-b12)
# Java VM: Java HotSpot(TM) 64-Bit Server VM (25.191-b12 mixed mode windows-amd64 compressed oops)
Heap:
 PSYoungGen      total 416768K, used 20772K [0x00000000d5f00000, 0x00000000f9c80000, 0x0000000100000000)
  eden space 377856K, 5% used [0x00000000d5f00000,0x00000000d72fe800,0x00000000ed000000)
  from space 38912K, 0% used [0x00000000ed000000,0x00000000ed04ab10,0x00000000ef600000)
  to   space 37888K, 0% used [0x00000000f7780000,0x00000000f7780000,0x00000000f9c80000)
 ParOldGen       total 175616K, used 84277K [0x0000000081c00000, 0x000000008c780000, 0x00000000d5f00000)
  object space 175616K, 47% used [0x0000000081c00000,0x0000000086e4d570,0x000000008c780000)
 Metaspace       used 23137K, capacity 23626K, committed 23936K, reserved 1071104K
  class space    used 2737K, capacity 2898K, committed 2944K, reserved 1048576K
GC Heap History (10 events):
Event: 34.246 GC heap before
{Heap before GC invocations=14 (full 2):
 PSYoungGen      total 204800K, used 196064K [0x00000000d5f00000, 0x00000000e9b80000, 0x0000000100000000)
  eden space 196096K, 99% used [0x00000000d5f00000,0x00000000e1e78000,0x00000000e1e80000)
  from space 8704K, 0% used [0x00000000e1e80000,0x00000000e1e80000,0x00000000e2700000)
  to   space 9216K, 0% used [0x00000000e9280000,0x00000000e9280000,0x00000000e9b80000)
 ParOldGen       total 100352K, used 42480K [0x0000000081c00000, 0x0000000087e00000, 0x00000000d5f00000)
  object space 100352K, 42% used [0x0000000081c00000,0x000000008457c388,0x0000000087e00000)
 Metaspace       used 23090K, capacity 23594K, committed 23936K, reserved 1071104K
  class space    used 2733K, capacity 2866K, committed 2944K, reserved 1048576K
Event: 34.305 GC heap after
Heap after GC invocations=14 (full 2):
 PSYoungGen      total 284160K, used 9193K [0x00000000d5f00000, 0x00000000ed680000, 0x0000000100000000)
  eden space 274944K, 0% used [0x00000000d5f00000,0x00000000d5f00000,0x00000000e6b80000)
  from space 9216K, 99% used [0x00000000e9280000,0x00000000e9b7a418,0x00000000e9b80000)
  to   space 39936K, 0% used [0x00000000e6b80000,0x00000000e6b80000,0x00000000e9280000)
 ParOldGen       total 122880K, used 121910K [0x0000000081c00000, 0x0000000089400000, 0x00000000d5f00000)
  object space 122880K, 99% used [0x0000000081c00000,0x000000008930da28,0x0000000089400000)
 Metaspace       used 23090K, capacity 23594K, committed 23936K, reserved 1071104K
  class space    used 2733K, capacity 2866K, committed 2944K, reserved 1048576K
}
Event: 34.305 GC heap before
{Heap before GC invocations=15 (full 3):
 PSYoungGen      total 284160K, used 9193K [0x00000000d5f00000, 0x00000000ed680000, 0x0000000100000000)
  eden space 274944K, 0% used [0x00000000d5f00000,0x00000000d5f00000,0x00000000e6b80000)
  from space 9216K, 99% used [0x00000000e9280000,0x00000000e9b7a418,0x00000000e9b80000)
  to   space 39936K, 0% used [0x00000000e6b80000,0x00000000e6b80000,0x00000000e9280000)
 ParOldGen       total 122880K, used 121910K [0x0000000081c00000, 0x0000000089400000, 0x00000000d5f00000)
  object space 122880K, 99% used [0x0000000081c00000,0x000000008930da28,0x0000000089400000)
 Metaspace       used 23090K, capacity 23594K, committed 23936K, reserved 1071104K
  class space    used 2733K, capacity 2866K, committed 2944K, reserved 1048576K
Event: 34.486 GC heap after
Heap after GC invocations=15 (full 3):
 PSYoungGen      total 284160K, used 0K [0x00000000d5f00000, 0x00000000ed680000, 0x0000000100000000)
  eden space 274944K, 0% used [0x00000000d5f00000,0x00000000d5f00000,0x00000000e6b80000)
  from space 9216K, 0% used [0x00000000e9280000,0x00000000e9280000,0x00000000e9b80000)
  to   space 39936K, 0% used [0x00000000e6b80000,0x00000000e6b80000,0x00000000e9280000)
 ParOldGen       total 175616K, used 83739K [0x0000000081c00000, 0x000000008c780000, 0x00000000d5f00000)
  object space 175616K, 47% used [0x0000000081c00000,0x0000000086dc6d28,0x000000008c780000)
 Metaspace       used 23090K, capacity 23594K, committed 23936K, reserved 1071104K
  class space    used 2733K, capacity 2866K, committed 2944K, reserved 1048576K
}
Event: 34.571 GC heap before
{Heap before GC invocations=16 (full 3):
 PSYoungGen      total 284160K, used 274944K [0x00000000d5f00000, 0x00000000ed680000, 0x0000000100000000)
  eden space 274944K, 100% used [0x00000000d5f00000,0x00000000e6b80000,0x00000000e6b80000)
  from space 9216K, 0% used [0x00000000e9280000,0x00000000e9280000,0x00000000e9b80000)
  to   space 39936K, 0% used [0x00000000e6b80000,0x00000000e6b80000,0x00000000e9280000)
 ParOldGen       total 175616K, used 83739K [0x0000000081c00000, 0x000000008c780000, 0x00000000d5f00000)
  object space 175616K, 47% used [0x0000000081c00000,0x0000000086dc6d28,0x000000008c780000)
 Metaspace       used 23104K, capacity 23594K, committed 23936K, reserved 1071104K
  class space    used 2733K, capacity 2866K, committed 2944K, reserved 1048576K
Event: 34.573 GC heap after
Heap after GC invocations=16 (full 3):
 PSYoungGen      total 314880K, used 658K [0x00000000d5f00000, 0x00000000f1c80000, 0x0000000100000000)
  eden space 274944K, 0% used [0x00000000d5f00000,0x00000000d5f00000,0x00000000e6b80000)
  from space 39936K, 1% used [0x00000000e6b80000,0x00000000e6c24828,0x00000000e9280000)
  to   space 39424K, 0% used [0x00000000ef600000,0x00000000ef600000,0x00000000f1c80000)
 ParOldGen       total 175616K, used 83747K [0x0000000081c00000, 0x000000008c780000, 0x00000000d5f00000)
  object space 175616K, 47% used [0x0000000081c00000,0x0000000086dc8d28,0x000000008c780000)
 Metaspace       used 23104K, capacity 23594K, committed 23936K, reserved 1071104K
  class space    used 2733K, capacity 2866K, committed 2944K, reserved 1048576K
}
Event: 34.636 GC heap before
{Heap before GC invocations=17 (full 3):
 PSYoungGen      total 314880K, used 275573K [0x00000000d5f00000, 0x00000000f1c80000, 0x0000000100000000)
  eden space 274944K, 99% used [0x00000000d5f00000,0x00000000e6b78c68,0x00000000e6b80000)
  from space 39936K, 1% used [0x00000000e6b80000,0x00000000e6c24828,0x00000000e9280000)
  to   space 39424K, 0% used [0x00000000ef600000,0x00000000ef600000,0x00000000f1c80000)
 ParOldGen       total 175616K, used 83747K [0x0000000081c00000, 0x000000008c780000, 0x00000000d5f00000)
  object space 175616K, 47% used [0x0000000081c00000,0x0000000086dc8d28,0x000000008c780000)
 Metaspace       used 23104K, capacity 23594K, committed 23936K, reserved 1071104K
  class space    used 2733K, capacity 2866K, committed 2944K, reserved 1048576K
Event: 34.637 GC heap after
Heap after GC invocations=17 (full 3):
 PSYoungGen      total 416768K, used 244K [0x00000000d5f00000, 0x00000000f1c00000, 0x0000000100000000)
  eden space 377856K, 0% used [0x00000000d5f00000,0x00000000d5f00000,0x00000000ed000000)
  from space 38912K, 0% used [0x00000000ef600000,0x00000000ef63d300,0x00000000f1c00000)
  to   space 38912K, 0% used [0x00000000ed000000,0x00000000ed000000,0x00000000ef600000)
 ParOldGen       total 175616K, used 84277K [0x0000000081c00000, 0x000000008c780000, 0x00000000d5f00000)
  object space 175616K, 47% used [0x0000000081c00000,0x0000000086e4d570,0x000000008c780000)
 Metaspace       used 23104K, capacity 23594K, committed 23936K, reserved 1071104K
  class space    used 2733K, capacity 2866K, committed 2944K, reserved 1048576K
}
Event: 34.779 GC heap before
{Heap before GC invocations=18 (full 3):
 PSYoungGen      total 416768K, used 378100K [0x00000000d5f00000, 0x00000000f1c00000, 0x0000000100000000)
  eden space 377856K, 100% used [0x00000000d5f00000,0x00000000ed000000,0x00000000ed000000)
  from space 38912K, 0% used [0x00000000ef600000,0x00000000ef63d300,0x00000000f1c00000)
  to   space 38912K, 0% used [0x00000000ed000000,0x00000000ed000000,0x00000000ef600000)
 ParOldGen       total 175616K, used 84277K [0x0000000081c00000, 0x000000008c780000, 0x00000000d5f00000)
  object space 175616K, 47% used [0x0000000081c00000,0x0000000086e4d570,0x000000008c780000)
 Metaspace       used 23130K, capacity 23594K, committed 23936K, reserved 1071104K
  class space    used 2733K, capacity 2866K, committed 2944K, reserved 1048576K
Event: 34.781 GC heap after
Heap after GC invocations=18 (full 3):
 PSYoungGen      total 416768K, used 298K [0x00000000d5f00000, 0x00000000f9c80000, 0x0000000100000000)
  eden space 377856K, 0% used [0x00000000d5f00000,0x00000000d5f00000,0x00000000ed000000)
  from space 38912K, 0% used [0x00000000ed000000,0x00000000ed04ab10,0x00000000ef600000)
  to   space 37888K, 0% used [0x00000000f7780000,0x00000000f7780000,0x00000000f9c80000)
 ParOldGen       total 175616K, used 84277K [0x0000000081c00000, 0x000000008c780000, 0x00000000d5f00000)
  object space 175616K, 47% used [0x0000000081c00000,0x0000000086e4d570,0x000000008c780000)
 Metaspace       used 23130K, capacity 23594K, committed 23936K, reserved 1071104K
  class space    used 2733K, capacity 2866K, committed 2944K, reserved 1048576K
}

