# JRE version: Java(TM) SE Runtime Environment (8.0_191-b12) (build 1.8.0_191-b12)
# Java VM: Java HotSpot(TM) 64-Bit Server VM (25.191-b12 mixed mode windows-amd64 compressed oops)
Heap:
 PSYoungGen      total 134656K, used 65356K [0x00000000d5f00000, 0x00000000dec00000, 0x0000000100000000)
  eden space 126464K, 46% used [0x00000000d5f00000,0x00000000d98299e0,0x00000000dda80000)
  from space 8192K, 83% used [0x00000000de300000,0x00000000de9a9648,0x00000000deb00000)
  to   space 8704K, 0% used [0x00000000dda80000,0x00000000dda80000,0x00000000de300000)
 ParOldGen       total 44544K, used 18297K [0x0000000081c00000, 0x0000000084780000, 0x00000000d5f00000)
  object space 44544K, 41% used [0x0000000081c00000,0x0000000082dde518,0x0000000084780000)
 Metaspace       used 22341K, capacity 22866K, committed 23088K, reserved 1069056K
  class space    used 2678K, capacity 2833K, committed 2864K, reserved 1048576K
GC Heap History (10 events):
Event: 7.296 GC heap before
{Heap before GC invocations=5 (full 0):
 PSYoungGen      total 38400K, used 38395K [0x00000000d5f00000, 0x00000000daa00000, 0x0000000100000000)
  eden space 33280K, 100% used [0x00000000d5f00000,0x00000000d7f80000,0x00000000d7f80000)
  from space 5120K, 99% used [0x00000000d8480000,0x00000000d897efc0,0x00000000d8980000)
  to   space 5120K, 0% used [0x00000000d7f80000,0x00000000d7f80000,0x00000000d8480000)
 ParOldGen       total 87552K, used 1273K [0x0000000081c00000, 0x0000000087180000, 0x00000000d5f00000)
  object space 87552K, 1% used [0x0000000081c00000,0x0000000081d3e6a8,0x0000000087180000)
 Metaspace       used 20210K, capacity 20612K, committed 20992K, reserved 1067008K
  class space    used 2378K, capacity 2506K, committed 2560K, reserved 1048576K
Event: 7.302 GC heap after
Heap after GC invocations=5 (full 0):
 PSYoungGen      total 38400K, used 5115K [0x00000000d5f00000, 0x00000000dac00000, 0x0000000100000000)
  eden space 33280K, 0% used [0x00000000d5f00000,0x00000000d5f00000,0x00000000d7f80000)
  from space 5120K, 99% used [0x00000000d7f80000,0x00000000d847efc0,0x00000000d8480000)
  to   space 6144K, 0% used [0x00000000da600000,0x00000000da600000,0x00000000dac00000)
 ParOldGen       total 87552K, used 1281K [0x0000000081c00000, 0x0000000087180000, 0x00000000d5f00000)
  object space 87552K, 1% used [0x0000000081c00000,0x0000000081d406a8,0x0000000087180000)
 Metaspace       used 20210K, capacity 20612K, committed 20992K, reserved 1067008K
  class space    used 2378K, capacity 2506K, committed 2560K, reserved 1048576K
}
Event: 13.284 GC heap before
{Heap before GC invocations=6 (full 0):
 PSYoungGen      total 38400K, used 15413K [0x00000000d5f00000, 0x00000000dac00000, 0x0000000100000000)
  eden space 33280K, 30% used [0x00000000d5f00000,0x00000000d690e608,0x00000000d7f80000)
  from space 5120K, 99% used [0x00000000d7f80000,0x00000000d847efc0,0x00000000d8480000)
  to   space 6144K, 0% used [0x00000000da600000,0x00000000da600000,0x00000000dac00000)
 ParOldGen       total 87552K, used 1281K [0x0000000081c00000, 0x0000000087180000, 0x00000000d5f00000)
  object space 87552K, 1% used [0x0000000081c00000,0x0000000081d406a8,0x0000000087180000)
 Metaspace       used 20687K, capacity 21060K, committed 21296K, reserved 1069056K
  class space    used 2435K, capacity 2570K, committed 2608K, reserved 1048576K
Event: 13.291 GC heap after
Heap after GC invocations=6 (full 0):
 PSYoungGen      total 71680K, used 6116K [0x00000000d5f00000, 0x00000000dae00000, 0x0000000100000000)
  eden space 65536K, 0% used [0x00000000d5f00000,0x00000000d5f00000,0x00000000d9f00000)
  from space 6144K, 99% used [0x00000000da600000,0x00000000dabf90f8,0x00000000dac00000)
  to   space 7168K, 0% used [0x00000000d9f00000,0x00000000d9f00000,0x00000000da600000)
 ParOldGen       total 87552K, used 2727K [0x0000000081c00000, 0x0000000087180000, 0x00000000d5f00000)
  object space 87552K, 3% used [0x0000000081c00000,0x0000000081ea9f78,0x0000000087180000)
 Metaspace       used 20687K, capacity 21060K, committed 21296K, reserved 1069056K
  class space    used 2435K, capacity 2570K, committed 2608K, reserved 1048576K
}
Event: 13.291 GC heap before
{Heap before GC invocations=7 (full 1):
 PSYoungGen      total 71680K, used 6116K [0x00000000d5f00000, 0x00000000dae00000, 0x0000000100000000)
  eden space 65536K, 0% used [0x00000000d5f00000,0x00000000d5f00000,0x00000000d9f00000)
  from space 6144K, 99% used [0x00000000da600000,0x00000000dabf90f8,0x00000000dac00000)
  to   space 7168K, 0% used [0x00000000d9f00000,0x00000000d9f00000,0x00000000da600000)
 ParOldGen       total 87552K, used 2727K [0x0000000081c00000, 0x0000000087180000, 0x00000000d5f00000)
  object space 87552K, 3% used [0x0000000081c00000,0x0000000081ea9f78,0x0000000087180000)
 Metaspace       used 20687K, capacity 21060K, committed 21296K, reserved 1069056K
  class space    used 2435K, capacity 2570K, committed 2608K, reserved 1048576K
Event: 13.320 GC heap after
Heap after GC invocations=7 (full 1):
 PSYoungGen      total 71680K, used 0K [0x00000000d5f00000, 0x00000000dae00000, 0x0000000100000000)
  eden space 65536K, 0% used [0x00000000d5f00000,0x00000000d5f00000,0x00000000d9f00000)
  from space 6144K, 0% used [0x00000000da600000,0x00000000da600000,0x00000000dac00000)
  to   space 7168K, 0% used [0x00000000d9f00000,0x00000000d9f00000,0x00000000da600000)
 ParOldGen       total 44544K, used 7582K [0x0000000081c00000, 0x0000000084780000, 0x00000000d5f00000)
  object space 44544K, 17% used [0x0000000081c00000,0x0000000082367888,0x0000000084780000)
 Metaspace       used 20687K, capacity 21060K, committed 21296K, reserved 1069056K
  class space    used 2435K, capacity 2570K, committed 2608K, reserved 1048576K
}
Event: 17.320 GC heap before
{Heap before GC invocations=8 (full 1):
 PSYoungGen      total 71680K, used 65536K [0x00000000d5f00000, 0x00000000dae00000, 0x0000000100000000)
  eden space 65536K, 100% used [0x00000000d5f00000,0x00000000d9f00000,0x00000000d9f00000)
  from space 6144K, 0% used [0x00000000da600000,0x00000000da600000,0x00000000dac00000)
  to   space 7168K, 0% used [0x00000000d9f00000,0x00000000d9f00000,0x00000000da600000)
 ParOldGen       total 44544K, used 7582K [0x0000000081c00000, 0x0000000084780000, 0x00000000d5f00000)
  object space 44544K, 17% used [0x0000000081c00000,0x0000000082367888,0x0000000084780000)
 Metaspace       used 21410K, capacity 21792K, committed 22192K, reserved 1069056K
  class space    used 2556K, capacity 2684K, committed 2736K, reserved 1048576K
Event: 17.321 GC heap after
Heap after GC invocations=8 (full 1):
 PSYoungGen      total 72704K, used 1376K [0x00000000d5f00000, 0x00000000deb00000, 0x0000000100000000)
  eden space 65536K, 0% used [0x00000000d5f00000,0x00000000d5f00000,0x00000000d9f00000)
  from space 7168K, 19% used [0x00000000d9f00000,0x00000000da058000,0x00000000da600000)
  to   space 8192K, 0% used [0x00000000de300000,0x00000000de300000,0x00000000deb00000)
 ParOldGen       total 44544K, used 7590K [0x0000000081c00000, 0x0000000084780000, 0x00000000d5f00000)
  object space 44544K, 17% used [0x0000000081c00000,0x0000000082369888,0x0000000084780000)
 Metaspace       used 21410K, capacity 21792K, committed 22192K, reserved 1069056K
  class space    used 2556K, capacity 2684K, committed 2736K, reserved 1048576K
}
Event: 17.497 GC heap before
{Heap before GC invocations=9 (full 1):
 PSYoungGen      total 72704K, used 66912K [0x00000000d5f00000, 0x00000000deb00000, 0x0000000100000000)
  eden space 65536K, 100% used [0x00000000d5f00000,0x00000000d9f00000,0x00000000d9f00000)
  from space 7168K, 19% used [0x00000000d9f00000,0x00000000da058000,0x00000000da600000)
  to   space 8192K, 0% used [0x00000000de300000,0x00000000de300000,0x00000000deb00000)
 ParOldGen       total 44544K, used 7590K [0x0000000081c00000, 0x0000000084780000, 0x00000000d5f00000)
  object space 44544K, 17% used [0x0000000081c00000,0x0000000082369888,0x0000000084780000)
 Metaspace       used 21847K, capacity 22386K, committed 22832K, reserved 1069056K
  class space    used 2599K, capacity 2763K, committed 2864K, reserved 1048576K
Event: 17.503 GC heap after
Heap after GC invocations=9 (full 1):
 PSYoungGen      total 134656K, used 6821K [0x00000000d5f00000, 0x00000000dec00000, 0x0000000100000000)
  eden space 126464K, 0% used [0x00000000d5f00000,0x00000000d5f00000,0x00000000dda80000)
  from space 8192K, 83% used [0x00000000de300000,0x00000000de9a9648,0x00000000deb00000)
  to   space 8704K, 0% used [0x00000000dda80000,0x00000000dda80000,0x00000000de300000)
 ParOldGen       total 44544K, used 18297K [0x0000000081c00000, 0x0000000084780000, 0x00000000d5f00000)
  object space 44544K, 41% used [0x0000000081c00000,0x0000000082dde518,0x0000000084780000)
 Metaspace       used 21847K, capacity 22386K, committed 22832K, reserved 1069056K
  class space    used 2599K, capacity 2763K, committed 2864K, reserved 1048576K
}

