# JRE version: Java(TM) SE Runtime Environment (8.0_191-b12) (build 1.8.0_191-b12)
# Java VM: Java HotSpot(TM) 64-Bit Server VM (25.191-b12 mixed mode windows-amd64 compressed oops)
Heap:
 PSYoungGen      total 261120K, used 68718K [0x00000000d5f00000, 0x00000000eaa80000, 0x0000000100000000)
  eden space 245248K, 21% used [0x00000000d5f00000,0x00000000d93ae188,0x00000000e4e80000)
  from space 15872K, 93% used [0x00000000e5f80000,0x00000000e6ded6a0,0x00000000e6f00000)
  to   space 17408K, 0% used [0x00000000e4e80000,0x00000000e4e80000,0x00000000e5f80000)
 ParOldGen       total 87552K, used 51085K [0x0000000081c00000, 0x0000000087180000, 0x00000000d5f00000)
  object space 87552K, 58% used [0x0000000081c00000,0x0000000084de35d8,0x0000000087180000)
 Metaspace       used 20173K, capacity 20612K, committed 20736K, reserved 1067008K
  class space    used 2376K, capacity 2510K, committed 2560K, reserved 1048576K
GC Heap History (10 events):
Event: 51.401 GC heap before
{Heap before GC invocations=22 (full 0):
 PSYoungGen      total 278016K, used 268638K [0x00000000d5f00000, 0x00000000e8500000, 0x0000000100000000)
  eden space 255488K, 100% used [0x00000000d5f00000,0x00000000e5880000,0x00000000e5880000)
  from space 22528K, 58% used [0x00000000e5880000,0x00000000e6557af8,0x00000000e6e80000)
  to   space 22016K, 0% used [0x00000000e6e80000,0x00000000e6e80000,0x00000000e8400000)
 ParOldGen       total 87552K, used 47292K [0x0000000081c00000, 0x0000000087180000, 0x00000000d5f00000)
  object space 87552K, 54% used [0x0000000081c00000,0x0000000084a2f190,0x0000000087180000)
 Metaspace       used 20170K, capacity 20612K, committed 20736K, reserved 1067008K
  class space    used 2376K, capacity 2510K, committed 2560K, reserved 1048576K
Event: 51.407 GC heap after
Heap after GC invocations=22 (full 0):
 PSYoungGen      total 254464K, used 9813K [0x00000000d5f00000, 0x00000000e7880000, 0x0000000100000000)
  eden space 244224K, 0% used [0x00000000d5f00000,0x00000000d5f00000,0x00000000e4d80000)
  from space 10240K, 95% used [0x00000000e6e80000,0x00000000e7815660,0x00000000e7880000)
  to   space 17920K, 0% used [0x00000000e5580000,0x00000000e5580000,0x00000000e6700000)
 ParOldGen       total 87552K, used 47300K [0x0000000081c00000, 0x0000000087180000, 0x00000000d5f00000)
  object space 87552K, 54% used [0x0000000081c00000,0x0000000084a31190,0x0000000087180000)
 Metaspace       used 20170K, capacity 20612K, committed 20736K, reserved 1067008K
  class space    used 2376K, capacity 2510K, committed 2560K, reserved 1048576K
}
Event: 53.333 GC heap before
{Heap before GC invocations=23 (full 0):
 PSYoungGen      total 254464K, used 254037K [0x00000000d5f00000, 0x00000000e7880000, 0x0000000100000000)
  eden space 244224K, 100% used [0x00000000d5f00000,0x00000000e4d80000,0x00000000e4d80000)
  from space 10240K, 95% used [0x00000000e6e80000,0x00000000e7815660,0x00000000e7880000)
  to   space 17920K, 0% used [0x00000000e5580000,0x00000000e5580000,0x00000000e6700000)
 ParOldGen       total 87552K, used 47300K [0x0000000081c00000, 0x0000000087180000, 0x00000000d5f00000)
  object space 87552K, 54% used [0x0000000081c00000,0x0000000084a31190,0x0000000087180000)
 Metaspace       used 20170K, capacity 20612K, committed 20736K, reserved 1067008K
  class space    used 2376K, capacity 2510K, committed 2560K, reserved 1048576K
Event: 53.343 GC heap after
Heap after GC invocations=23 (full 0):
 PSYoungGen      total 244224K, used 10230K [0x00000000d5f00000, 0x00000000e6f00000, 0x0000000100000000)
  eden space 233984K, 0% used [0x00000000d5f00000,0x00000000d5f00000,0x00000000e4380000)
  from space 10240K, 99% used [0x00000000e5580000,0x00000000e5f7d998,0x00000000e5f80000)
  to   space 15872K, 0% used [0x00000000e5f80000,0x00000000e5f80000,0x00000000e6f00000)
 ParOldGen       total 87552K, used 47308K [0x0000000081c00000, 0x0000000087180000, 0x00000000d5f00000)
  object space 87552K, 54% used [0x0000000081c00000,0x0000000084a33190,0x0000000087180000)
 Metaspace       used 20170K, capacity 20612K, committed 20736K, reserved 1067008K
  class space    used 2376K, capacity 2510K, committed 2560K, reserved 1048576K
}
Event: 53.576 GC heap before
{Heap before GC invocations=24 (full 0):
 PSYoungGen      total 244224K, used 244214K [0x00000000d5f00000, 0x00000000e6f00000, 0x0000000100000000)
  eden space 233984K, 100% used [0x00000000d5f00000,0x00000000e4380000,0x00000000e4380000)
  from space 10240K, 99% used [0x00000000e5580000,0x00000000e5f7d998,0x00000000e5f80000)
  to   space 15872K, 0% used [0x00000000e5f80000,0x00000000e5f80000,0x00000000e6f00000)
 ParOldGen       total 87552K, used 47308K [0x0000000081c00000, 0x0000000087180000, 0x00000000d5f00000)
  object space 87552K, 54% used [0x0000000081c00000,0x0000000084a33190,0x0000000087180000)
 Metaspace       used 20170K, capacity 20612K, committed 20736K, reserved 1067008K
  class space    used 2376K, capacity 2510K, committed 2560K, reserved 1048576K
Event: 53.585 GC heap after
Heap after GC invocations=24 (full 0):
 PSYoungGen      total 249856K, used 11422K [0x00000000d5f00000, 0x00000000e6f00000, 0x0000000100000000)
  eden space 233984K, 0% used [0x00000000d5f00000,0x00000000d5f00000,0x00000000e4380000)
  from space 15872K, 71% used [0x00000000e5f80000,0x00000000e6aa7af8,0x00000000e6f00000)
  to   space 10240K, 0% used [0x00000000e5580000,0x00000000e5580000,0x00000000e5f80000)
 ParOldGen       total 87552K, used 47316K [0x0000000081c00000, 0x0000000087180000, 0x00000000d5f00000)
  object space 87552K, 54% used [0x0000000081c00000,0x0000000084a35190,0x0000000087180000)
 Metaspace       used 20170K, capacity 20612K, committed 20736K, reserved 1067008K
  class space    used 2376K, capacity 2510K, committed 2560K, reserved 1048576K
}
Event: 55.364 GC heap before
{Heap before GC invocations=25 (full 0):
 PSYoungGen      total 249856K, used 245406K [0x00000000d5f00000, 0x00000000e6f00000, 0x0000000100000000)
  eden space 233984K, 100% used [0x00000000d5f00000,0x00000000e4380000,0x00000000e4380000)
  from space 15872K, 71% used [0x00000000e5f80000,0x00000000e6aa7af8,0x00000000e6f00000)
  to   space 10240K, 0% used [0x00000000e5580000,0x00000000e5580000,0x00000000e5f80000)
 ParOldGen       total 87552K, used 47316K [0x0000000081c00000, 0x0000000087180000, 0x00000000d5f00000)
  object space 87552K, 54% used [0x0000000081c00000,0x0000000084a35190,0x0000000087180000)
 Metaspace       used 20170K, capacity 20612K, committed 20736K, reserved 1067008K
  class space    used 2376K, capacity 2510K, committed 2560K, reserved 1048576K
Event: 55.375 GC heap after
Heap after GC invocations=25 (full 0):
 PSYoungGen      total 244224K, used 10232K [0x00000000d5f00000, 0x00000000e6f00000, 0x0000000100000000)
  eden space 233984K, 0% used [0x00000000d5f00000,0x00000000d5f00000,0x00000000e4380000)
  from space 10240K, 99% used [0x00000000e5580000,0x00000000e5f7e090,0x00000000e5f80000)
  to   space 15872K, 0% used [0x00000000e5f80000,0x00000000e5f80000,0x00000000e6f00000)
 ParOldGen       total 87552K, used 48451K [0x0000000081c00000, 0x0000000087180000, 0x00000000d5f00000)
  object space 87552K, 55% used [0x0000000081c00000,0x0000000084b50c58,0x0000000087180000)
 Metaspace       used 20170K, capacity 20612K, committed 20736K, reserved 1067008K
  class space    used 2376K, capacity 2510K, committed 2560K, reserved 1048576K
}
Event: 56.913 GC heap before
{Heap before GC invocations=26 (full 0):
 PSYoungGen      total 244224K, used 244216K [0x00000000d5f00000, 0x00000000e6f00000, 0x0000000100000000)
  eden space 233984K, 100% used [0x00000000d5f00000,0x00000000e4380000,0x00000000e4380000)
  from space 10240K, 99% used [0x00000000e5580000,0x00000000e5f7e090,0x00000000e5f80000)
  to   space 15872K, 0% used [0x00000000e5f80000,0x00000000e5f80000,0x00000000e6f00000)
 ParOldGen       total 87552K, used 48451K [0x0000000081c00000, 0x0000000087180000, 0x00000000d5f00000)
  object space 87552K, 55% used [0x0000000081c00000,0x0000000084b50c58,0x0000000087180000)
 Metaspace       used 20170K, capacity 20612K, committed 20736K, reserved 1067008K
  class space    used 2376K, capacity 2510K, committed 2560K, reserved 1048576K
Event: 56.931 GC heap after
Heap after GC invocations=26 (full 0):
 PSYoungGen      total 261120K, used 14773K [0x00000000d5f00000, 0x00000000eaa80000, 0x0000000100000000)
  eden space 245248K, 0% used [0x00000000d5f00000,0x00000000d5f00000,0x00000000e4e80000)
  from space 15872K, 93% used [0x00000000e5f80000,0x00000000e6ded6a0,0x00000000e6f00000)
  to   space 17408K, 0% used [0x00000000e4e80000,0x00000000e4e80000,0x00000000e5f80000)
 ParOldGen       total 87552K, used 51085K [0x0000000081c00000, 0x0000000087180000, 0x00000000d5f00000)
  object space 87552K, 58% used [0x0000000081c00000,0x0000000084de35d8,0x0000000087180000)
 Metaspace       used 20170K, capacity 20612K, committed 20736K, reserved 1067008K
  class space    used 2376K, capacity 2510K, committed 2560K, reserved 1048576K
}

