# JRE version: Java(TM) SE Runtime Environment (8.0_191-b12) (build 1.8.0_191-b12)
# Java VM: Java HotSpot(TM) 64-Bit Server VM (25.191-b12 mixed mode windows-amd64 compressed oops)
Heap:
 PSYoungGen      total 667648K, used 13385K [0x00000000d5f00000, 0x0000000100000000, 0x0000000100000000)
  eden space 648704K, 1% used [0x00000000d5f00000,0x00000000d6baa5e8,0x00000000fd880000)
  from space 18944K, 2% used [0x00000000fd880000,0x00000000fd8e8000,0x00000000feb00000)
  to   space 19968K, 0% used [0x00000000fec80000,0x00000000fec80000,0x0000000100000000)
 ParOldGen       total 71680K, used 26505K [0x0000000081c00000, 0x0000000086200000, 0x00000000d5f00000)
  object space 71680K, 36% used [0x0000000081c00000,0x00000000835e24d8,0x0000000086200000)
 Metaspace       used 21581K, capacity 22002K, committed 22064K, reserved 1069056K
  class space    used 2534K, capacity 2655K, committed 2688K, reserved 1048576K
GC Heap History (10 events):
Event: 588.988 GC heap before
{Heap before GC invocations=20 (full 1):
 PSYoungGen      total 667136K, used 660152K [0x00000000d5f00000, 0x0000000100000000, 0x0000000100000000)
  eden space 646144K, 100% used [0x00000000d5f00000,0x00000000fd600000,0x00000000fd600000)
  from space 20992K, 66% used [0x00000000feb80000,0x00000000ff92e2a0,0x0000000100000000)
  to   space 21504K, 0% used [0x00000000fd600000,0x00000000fd600000,0x00000000feb00000)
 ParOldGen       total 71680K, used 26441K [0x0000000081c00000, 0x0000000086200000, 0x00000000d5f00000)
  object space 71680K, 36% used [0x0000000081c00000,0x00000000835d24d8,0x0000000086200000)
 Metaspace       used 21545K, capacity 21938K, committed 22064K, reserved 1069056K
  class space    used 2532K, capacity 2655K, committed 2688K, reserved 1048576K
Event: 589.133 GC heap after
Heap after GC invocations=20 (full 1):
 PSYoungGen      total 657920K, used 11422K [0x00000000d5f00000, 0x00000000ffe80000, 0x0000000100000000)
  eden space 646144K, 0% used [0x00000000d5f00000,0x00000000d5f00000,0x00000000fd600000)
  from space 11776K, 97% used [0x00000000fd600000,0x00000000fe127af8,0x00000000fe180000)
  to   space 20480K, 0% used [0x00000000fea80000,0x00000000fea80000,0x00000000ffe80000)
 ParOldGen       total 71680K, used 26457K [0x0000000081c00000, 0x0000000086200000, 0x00000000d5f00000)
  object space 71680K, 36% used [0x0000000081c00000,0x00000000835d64d8,0x0000000086200000)
 Metaspace       used 21545K, capacity 21938K, committed 22064K, reserved 1069056K
  class space    used 2532K, capacity 2655K, committed 2688K, reserved 1048576K
}
Event: 590.297 GC heap before
{Heap before GC invocations=21 (full 1):
 PSYoungGen      total 657920K, used 657566K [0x00000000d5f00000, 0x00000000ffe80000, 0x0000000100000000)
  eden space 646144K, 100% used [0x00000000d5f00000,0x00000000fd600000,0x00000000fd600000)
  from space 11776K, 97% used [0x00000000fd600000,0x00000000fe127af8,0x00000000fe180000)
  to   space 20480K, 0% used [0x00000000fea80000,0x00000000fea80000,0x00000000ffe80000)
 ParOldGen       total 71680K, used 26457K [0x0000000081c00000, 0x0000000086200000, 0x00000000d5f00000)
  object space 71680K, 36% used [0x0000000081c00000,0x00000000835d64d8,0x0000000086200000)
 Metaspace       used 21550K, capacity 21938K, committed 22064K, reserved 1069056K
  class space    used 2532K, capacity 2655K, committed 2688K, reserved 1048576K
Event: 590.311 GC heap after
Heap after GC invocations=21 (full 1):
 PSYoungGen      total 667648K, used 11422K [0x00000000d5f00000, 0x0000000100000000, 0x0000000100000000)
  eden space 647168K, 0% used [0x00000000d5f00000,0x00000000d5f00000,0x00000000fd700000)
  from space 20480K, 55% used [0x00000000fea80000,0x00000000ff5a7af8,0x00000000ffe80000)
  to   space 19968K, 0% used [0x00000000fd700000,0x00000000fd700000,0x00000000fea80000)
 ParOldGen       total 71680K, used 26465K [0x0000000081c00000, 0x0000000086200000, 0x00000000d5f00000)
  object space 71680K, 36% used [0x0000000081c00000,0x00000000835d84d8,0x0000000086200000)
 Metaspace       used 21550K, capacity 21938K, committed 22064K, reserved 1069056K
  class space    used 2532K, capacity 2655K, committed 2688K, reserved 1048576K
}
Event: 591.419 GC heap before
{Heap before GC invocations=22 (full 1):
 PSYoungGen      total 667648K, used 658590K [0x00000000d5f00000, 0x0000000100000000, 0x0000000100000000)
  eden space 647168K, 100% used [0x00000000d5f00000,0x00000000fd700000,0x00000000fd700000)
  from space 20480K, 55% used [0x00000000fea80000,0x00000000ff5a7af8,0x00000000ffe80000)
  to   space 19968K, 0% used [0x00000000fd700000,0x00000000fd700000,0x00000000fea80000)
 ParOldGen       total 71680K, used 26465K [0x0000000081c00000, 0x0000000086200000, 0x00000000d5f00000)
  object space 71680K, 36% used [0x0000000081c00000,0x00000000835d84d8,0x0000000086200000)
 Metaspace       used 21550K, capacity 21938K, committed 22064K, reserved 1069056K
  class space    used 2532K, capacity 2655K, committed 2688K, reserved 1048576K
Event: 591.427 GC heap after
Heap after GC invocations=22 (full 1):
 PSYoungGen      total 667136K, used 11072K [0x00000000d5f00000, 0x00000000ffd80000, 0x0000000100000000)
  eden space 647168K, 0% used [0x00000000d5f00000,0x00000000d5f00000,0x00000000fd700000)
  from space 19968K, 55% used [0x00000000fd700000,0x00000000fe1d01a8,0x00000000fea80000)
  to   space 18944K, 0% used [0x00000000feb00000,0x00000000feb00000,0x00000000ffd80000)
 ParOldGen       total 71680K, used 26481K [0x0000000081c00000, 0x0000000086200000, 0x00000000d5f00000)
  object space 71680K, 36% used [0x0000000081c00000,0x00000000835dc4d8,0x0000000086200000)
 Metaspace       used 21550K, capacity 21938K, committed 22064K, reserved 1069056K
  class space    used 2532K, capacity 2655K, committed 2688K, reserved 1048576K
}
Event: 593.397 GC heap before
{Heap before GC invocations=23 (full 1):
 PSYoungGen      total 667136K, used 658240K [0x00000000d5f00000, 0x00000000ffd80000, 0x0000000100000000)
  eden space 647168K, 100% used [0x00000000d5f00000,0x00000000fd700000,0x00000000fd700000)
  from space 19968K, 55% used [0x00000000fd700000,0x00000000fe1d01a8,0x00000000fea80000)
  to   space 18944K, 0% used [0x00000000feb00000,0x00000000feb00000,0x00000000ffd80000)
 ParOldGen       total 71680K, used 26481K [0x0000000081c00000, 0x0000000086200000, 0x00000000d5f00000)
  object space 71680K, 36% used [0x0000000081c00000,0x00000000835dc4d8,0x0000000086200000)
 Metaspace       used 21573K, capacity 22002K, committed 22064K, reserved 1069056K
  class space    used 2534K, capacity 2655K, committed 2688K, reserved 1048576K
Event: 593.403 GC heap after
Heap after GC invocations=23 (full 1):
 PSYoungGen      total 667648K, used 6354K [0x00000000d5f00000, 0x00000000fff00000, 0x0000000100000000)
  eden space 648704K, 0% used [0x00000000d5f00000,0x00000000d5f00000,0x00000000fd880000)
  from space 18944K, 33% used [0x00000000feb00000,0x00000000ff134b90,0x00000000ffd80000)
  to   space 18944K, 0% used [0x00000000fd880000,0x00000000fd880000,0x00000000feb00000)
 ParOldGen       total 71680K, used 26497K [0x0000000081c00000, 0x0000000086200000, 0x00000000d5f00000)
  object space 71680K, 36% used [0x0000000081c00000,0x00000000835e04d8,0x0000000086200000)
 Metaspace       used 21573K, capacity 22002K, committed 22064K, reserved 1069056K
  class space    used 2534K, capacity 2655K, committed 2688K, reserved 1048576K
}
Event: 594.339 GC heap before
{Heap before GC invocations=24 (full 1):
 PSYoungGen      total 667648K, used 655058K [0x00000000d5f00000, 0x00000000fff00000, 0x0000000100000000)
  eden space 648704K, 100% used [0x00000000d5f00000,0x00000000fd880000,0x00000000fd880000)
  from space 18944K, 33% used [0x00000000feb00000,0x00000000ff134b90,0x00000000ffd80000)
  to   space 18944K, 0% used [0x00000000fd880000,0x00000000fd880000,0x00000000feb00000)
 ParOldGen       total 71680K, used 26497K [0x0000000081c00000, 0x0000000086200000, 0x00000000d5f00000)
  object space 71680K, 36% used [0x0000000081c00000,0x00000000835e04d8,0x0000000086200000)
 Metaspace       used 21581K, capacity 22002K, committed 22064K, reserved 1069056K
  class space    used 2534K, capacity 2655K, committed 2688K, reserved 1048576K
Event: 594.353 GC heap after
Heap after GC invocations=24 (full 1):
 PSYoungGen      total 667648K, used 416K [0x00000000d5f00000, 0x0000000100000000, 0x0000000100000000)
  eden space 648704K, 0% used [0x00000000d5f00000,0x00000000d5f00000,0x00000000fd880000)
  from space 18944K, 2% used [0x00000000fd880000,0x00000000fd8e8000,0x00000000feb00000)
  to   space 19968K, 0% used [0x00000000fec80000,0x00000000fec80000,0x0000000100000000)
 ParOldGen       total 71680K, used 26505K [0x0000000081c00000, 0x0000000086200000, 0x00000000d5f00000)
  object space 71680K, 36% used [0x0000000081c00000,0x00000000835e24d8,0x0000000086200000)
 Metaspace       used 21581K, capacity 22002K, committed 22064K, reserved 1069056K
  class space    used 2534K, capacity 2655K, committed 2688K, reserved 1048576K
}

