# JRE version: Java(TM) SE Runtime Environment (8.0_191-b12) (build 1.8.0_191-b12)
# Java VM: Java HotSpot(TM) 64-Bit Server VM (25.191-b12 mixed mode windows-amd64 compressed oops)
Heap:
 PSYoungGen      total 446976K, used 213239K [0x00000000d5f00000, 0x00000000fa480000, 0x0000000100000000)
  eden space 424960K, 48% used [0x00000000d5f00000,0x00000000e2913570,0x00000000efe00000)
  from space 22016K, 28% used [0x00000000efe00000,0x00000000f042a6c0,0x00000000f1380000)
  to   space 21504K, 0% used [0x00000000f8f80000,0x00000000f8f80000,0x00000000fa480000)
 ParOldGen       total 87552K, used 68162K [0x0000000081c00000, 0x0000000087180000, 0x00000000d5f00000)
  object space 87552K, 77% used [0x0000000081c00000,0x0000000085e90bc0,0x0000000087180000)
 Metaspace       used 16825K, capacity 17140K, committed 17408K, reserved 1064960K
  class space    used 1863K, capacity 1954K, committed 2048K, reserved 1048576K
GC Heap History (10 events):
Event: 12.836 GC heap before
{Heap before GC invocations=23 (full 0):
 PSYoungGen      total 446976K, used 429150K [0x00000000d5f00000, 0x00000000f3000000, 0x0000000100000000)
  eden space 417792K, 100% used [0x00000000d5f00000,0x00000000ef700000,0x00000000ef700000)
  from space 29184K, 38% used [0x00000000f1380000,0x00000000f1e97af8,0x00000000f3000000)
  to   space 29184K, 0% used [0x00000000ef700000,0x00000000ef700000,0x00000000f1380000)
 ParOldGen       total 87552K, used 68074K [0x0000000081c00000, 0x0000000087180000, 0x00000000d5f00000)
  object space 87552K, 77% used [0x0000000081c00000,0x0000000085e7abc0,0x0000000087180000)
 Metaspace       used 16731K, capacity 17076K, committed 17408K, reserved 1064960K
  class space    used 1854K, capacity 1954K, committed 2048K, reserved 1048576K
Event: 12.843 GC heap after
Heap after GC invocations=23 (full 0):
 PSYoungGen      total 446976K, used 12470K [0x00000000d5f00000, 0x00000000f3000000, 0x0000000100000000)
  eden space 417792K, 0% used [0x00000000d5f00000,0x00000000d5f00000,0x00000000ef700000)
  from space 29184K, 42% used [0x00000000ef700000,0x00000000f032dba8,0x00000000f1380000)
  to   space 29184K, 0% used [0x00000000f1380000,0x00000000f1380000,0x00000000f3000000)
 ParOldGen       total 87552K, used 68082K [0x0000000081c00000, 0x0000000087180000, 0x00000000d5f00000)
  object space 87552K, 77% used [0x0000000081c00000,0x0000000085e7cbc0,0x0000000087180000)
 Metaspace       used 16731K, capacity 17076K, committed 17408K, reserved 1064960K
  class space    used 1854K, capacity 1954K, committed 2048K, reserved 1048576K
}
Event: 13.580 GC heap before
{Heap before GC invocations=24 (full 0):
 PSYoungGen      total 446976K, used 430262K [0x00000000d5f00000, 0x00000000f3000000, 0x0000000100000000)
  eden space 417792K, 100% used [0x00000000d5f00000,0x00000000ef700000,0x00000000ef700000)
  from space 29184K, 42% used [0x00000000ef700000,0x00000000f032dba8,0x00000000f1380000)
  to   space 29184K, 0% used [0x00000000f1380000,0x00000000f1380000,0x00000000f3000000)
 ParOldGen       total 87552K, used 68082K [0x0000000081c00000, 0x0000000087180000, 0x00000000d5f00000)
  object space 87552K, 77% used [0x0000000081c00000,0x0000000085e7cbc0,0x0000000087180000)
 Metaspace       used 16736K, capacity 17076K, committed 17408K, reserved 1064960K
  class space    used 1854K, capacity 1954K, committed 2048K, reserved 1048576K
Event: 13.642 GC heap after
Heap after GC invocations=24 (full 0):
 PSYoungGen      total 446976K, used 6849K [0x00000000d5f00000, 0x00000000f3000000, 0x0000000100000000)
  eden space 417792K, 0% used [0x00000000d5f00000,0x00000000d5f00000,0x00000000ef700000)
  from space 29184K, 23% used [0x00000000f1380000,0x00000000f1a30430,0x00000000f3000000)
  to   space 29184K, 0% used [0x00000000ef700000,0x00000000ef700000,0x00000000f1380000)
 ParOldGen       total 87552K, used 68082K [0x0000000081c00000, 0x0000000087180000, 0x00000000d5f00000)
  object space 87552K, 77% used [0x0000000081c00000,0x0000000085e7cbc0,0x0000000087180000)
 Metaspace       used 16736K, capacity 17076K, committed 17408K, reserved 1064960K
  class space    used 1854K, capacity 1954K, committed 2048K, reserved 1048576K
}
Event: 14.272 GC heap before
{Heap before GC invocations=25 (full 0):
 PSYoungGen      total 446976K, used 424641K [0x00000000d5f00000, 0x00000000f3000000, 0x0000000100000000)
  eden space 417792K, 100% used [0x00000000d5f00000,0x00000000ef700000,0x00000000ef700000)
  from space 29184K, 23% used [0x00000000f1380000,0x00000000f1a30430,0x00000000f3000000)
  to   space 29184K, 0% used [0x00000000ef700000,0x00000000ef700000,0x00000000f1380000)
 ParOldGen       total 87552K, used 68082K [0x0000000081c00000, 0x0000000087180000, 0x00000000d5f00000)
  object space 87552K, 77% used [0x0000000081c00000,0x0000000085e7cbc0,0x0000000087180000)
 Metaspace       used 16739K, capacity 17076K, committed 17408K, reserved 1064960K
  class space    used 1854K, capacity 1954K, committed 2048K, reserved 1048576K
Event: 14.282 GC heap after
Heap after GC invocations=25 (full 0):
 PSYoungGen      total 446976K, used 11358K [0x00000000d5f00000, 0x00000000f3000000, 0x0000000100000000)
  eden space 417792K, 0% used [0x00000000d5f00000,0x00000000d5f00000,0x00000000ef700000)
  from space 29184K, 38% used [0x00000000ef700000,0x00000000f0217af8,0x00000000f1380000)
  to   space 29184K, 0% used [0x00000000f1380000,0x00000000f1380000,0x00000000f3000000)
 ParOldGen       total 87552K, used 68090K [0x0000000081c00000, 0x0000000087180000, 0x00000000d5f00000)
  object space 87552K, 77% used [0x0000000081c00000,0x0000000085e7ebc0,0x0000000087180000)
 Metaspace       used 16739K, capacity 17076K, committed 17408K, reserved 1064960K
  class space    used 1854K, capacity 1954K, committed 2048K, reserved 1048576K
}
Event: 16.007 GC heap before
{Heap before GC invocations=26 (full 0):
 PSYoungGen      total 446976K, used 429150K [0x00000000d5f00000, 0x00000000f3000000, 0x0000000100000000)
  eden space 417792K, 100% used [0x00000000d5f00000,0x00000000ef700000,0x00000000ef700000)
  from space 29184K, 38% used [0x00000000ef700000,0x00000000f0217af8,0x00000000f1380000)
  to   space 29184K, 0% used [0x00000000f1380000,0x00000000f1380000,0x00000000f3000000)
 ParOldGen       total 87552K, used 68090K [0x0000000081c00000, 0x0000000087180000, 0x00000000d5f00000)
  object space 87552K, 77% used [0x0000000081c00000,0x0000000085e7ebc0,0x0000000087180000)
 Metaspace       used 16810K, capacity 17140K, committed 17408K, reserved 1064960K
  class space    used 1863K, capacity 1954K, committed 2048K, reserved 1048576K
Event: 16.026 GC heap after
Heap after GC invocations=26 (full 0):
 PSYoungGen      total 454144K, used 12694K [0x00000000d5f00000, 0x00000000f9c80000, 0x0000000100000000)
  eden space 424960K, 0% used [0x00000000d5f00000,0x00000000d5f00000,0x00000000efe00000)
  from space 29184K, 43% used [0x00000000f1380000,0x00000000f1fe5ba8,0x00000000f3000000)
  to   space 22016K, 0% used [0x00000000efe00000,0x00000000efe00000,0x00000000f1380000)
 ParOldGen       total 87552K, used 68106K [0x0000000081c00000, 0x0000000087180000, 0x00000000d5f00000)
  object space 87552K, 77% used [0x0000000081c00000,0x0000000085e82bc0,0x0000000087180000)
 Metaspace       used 16810K, capacity 17140K, committed 17408K, reserved 1064960K
  class space    used 1863K, capacity 1954K, committed 2048K, reserved 1048576K
}
Event: 16.534 GC heap before
{Heap before GC invocations=27 (full 0):
 PSYoungGen      total 454144K, used 437654K [0x00000000d5f00000, 0x00000000f9c80000, 0x0000000100000000)
  eden space 424960K, 100% used [0x00000000d5f00000,0x00000000efe00000,0x00000000efe00000)
  from space 29184K, 43% used [0x00000000f1380000,0x00000000f1fe5ba8,0x00000000f3000000)
  to   space 22016K, 0% used [0x00000000efe00000,0x00000000efe00000,0x00000000f1380000)
 ParOldGen       total 87552K, used 68106K [0x0000000081c00000, 0x0000000087180000, 0x00000000d5f00000)
  object space 87552K, 77% used [0x0000000081c00000,0x0000000085e82bc0,0x0000000087180000)
 Metaspace       used 16823K, capacity 17140K, committed 17408K, reserved 1064960K
  class space    used 1863K, capacity 1954K, committed 2048K, reserved 1048576K
Event: 16.545 GC heap after
Heap after GC invocations=27 (full 0):
 PSYoungGen      total 446976K, used 6313K [0x00000000d5f00000, 0x00000000fa480000, 0x0000000100000000)
  eden space 424960K, 0% used [0x00000000d5f00000,0x00000000d5f00000,0x00000000efe00000)
  from space 22016K, 28% used [0x00000000efe00000,0x00000000f042a6c0,0x00000000f1380000)
  to   space 21504K, 0% used [0x00000000f8f80000,0x00000000f8f80000,0x00000000fa480000)
 ParOldGen       total 87552K, used 68162K [0x0000000081c00000, 0x0000000087180000, 0x00000000d5f00000)
  object space 87552K, 77% used [0x0000000081c00000,0x0000000085e90bc0,0x0000000087180000)
 Metaspace       used 16823K, capacity 17140K, committed 17408K, reserved 1064960K
  class space    used 1863K, capacity 1954K, committed 2048K, reserved 1048576K
}

