# JRE version: Java(TM) SE Runtime Environment (8.0_191-b12) (build 1.8.0_191-b12)
# Java VM: Java HotSpot(TM) 64-Bit Server VM (25.191-b12 mixed mode windows-amd64 compressed oops)
Heap:
 PSYoungGen      total 352256K, used 293087K [0x00000000d5f00000, 0x00000000ec800000, 0x0000000100000000)
  eden space 335872K, 83% used [0x00000000d5f00000,0x00000000e7218248,0x00000000ea700000)
  from space 16384K, 69% used [0x00000000eb800000,0x00000000ec31faf8,0x00000000ec800000)
  to   space 16896K, 0% used [0x00000000ea700000,0x00000000ea700000,0x00000000eb780000)
 ParOldGen       total 87552K, used 57673K [0x0000000081c00000, 0x0000000087180000, 0x00000000d5f00000)
  object space 87552K, 65% used [0x0000000081c00000,0x00000000854524b8,0x0000000087180000)
 Metaspace       used 19864K, capacity 20260K, committed 20480K, reserved 1067008K
  class space    used 2359K, capacity 2478K, committed 2560K, reserved 1048576K
GC Heap History (10 events):
Event: 12.458 GC heap before
{Heap before GC invocations=24 (full 0):
 PSYoungGen      total 279552K, used 264629K [0x00000000d5f00000, 0x00000000e8500000, 0x0000000100000000)
  eden space 258048K, 100% used [0x00000000d5f00000,0x00000000e5b00000,0x00000000e5b00000)
  from space 21504K, 30% used [0x00000000e5b00000,0x00000000e616d450,0x00000000e7000000)
  to   space 20480K, 0% used [0x00000000e7100000,0x00000000e7100000,0x00000000e8500000)
 ParOldGen       total 87552K, used 57625K [0x0000000081c00000, 0x0000000087180000, 0x00000000d5f00000)
  object space 87552K, 65% used [0x0000000081c00000,0x00000000854464b8,0x0000000087180000)
 Metaspace       used 19843K, capacity 20260K, committed 20480K, reserved 1067008K
  class space    used 2357K, capacity 2478K, committed 2560K, reserved 1048576K
Event: 12.469 GC heap after
Heap after GC invocations=24 (full 0):
 PSYoungGen      total 278528K, used 11422K [0x00000000d5f00000, 0x00000000e8500000, 0x0000000100000000)
  eden space 258048K, 0% used [0x00000000d5f00000,0x00000000d5f00000,0x00000000e5b00000)
  from space 20480K, 55% used [0x00000000e7100000,0x00000000e7c27af8,0x00000000e8500000)
  to   space 21504K, 0% used [0x00000000e5b00000,0x00000000e5b00000,0x00000000e7000000)
 ParOldGen       total 87552K, used 57633K [0x0000000081c00000, 0x0000000087180000, 0x00000000d5f00000)
  object space 87552K, 65% used [0x0000000081c00000,0x00000000854484b8,0x0000000087180000)
 Metaspace       used 19843K, capacity 20260K, committed 20480K, reserved 1067008K
  class space    used 2357K, capacity 2478K, committed 2560K, reserved 1048576K
}
Event: 12.732 GC heap before
{Heap before GC invocations=25 (full 0):
 PSYoungGen      total 278528K, used 269470K [0x00000000d5f00000, 0x00000000e8500000, 0x0000000100000000)
  eden space 258048K, 100% used [0x00000000d5f00000,0x00000000e5b00000,0x00000000e5b00000)
  from space 20480K, 55% used [0x00000000e7100000,0x00000000e7c27af8,0x00000000e8500000)
  to   space 21504K, 0% used [0x00000000e5b00000,0x00000000e5b00000,0x00000000e7000000)
 ParOldGen       total 87552K, used 57633K [0x0000000081c00000, 0x0000000087180000, 0x00000000d5f00000)
  object space 87552K, 65% used [0x0000000081c00000,0x00000000854484b8,0x0000000087180000)
 Metaspace       used 19845K, capacity 20260K, committed 20480K, reserved 1067008K
  class space    used 2357K, capacity 2478K, committed 2560K, reserved 1048576K
Event: 12.750 GC heap after
Heap after GC invocations=25 (full 0):
 PSYoungGen      total 279552K, used 9653K [0x00000000d5f00000, 0x00000000ec900000, 0x0000000100000000)
  eden space 258048K, 0% used [0x00000000d5f00000,0x00000000d5f00000,0x00000000e5b00000)
  from space 21504K, 44% used [0x00000000e5b00000,0x00000000e646d660,0x00000000e7000000)
  to   space 17408K, 0% used [0x00000000eb800000,0x00000000eb800000,0x00000000ec900000)
 ParOldGen       total 87552K, used 57641K [0x0000000081c00000, 0x0000000087180000, 0x00000000d5f00000)
  object space 87552K, 65% used [0x0000000081c00000,0x000000008544a4b8,0x0000000087180000)
 Metaspace       used 19845K, capacity 20260K, committed 20480K, reserved 1067008K
  class space    used 2357K, capacity 2478K, committed 2560K, reserved 1048576K
}
Event: 12.985 GC heap before
{Heap before GC invocations=26 (full 0):
 PSYoungGen      total 279552K, used 267701K [0x00000000d5f00000, 0x00000000ec900000, 0x0000000100000000)
  eden space 258048K, 100% used [0x00000000d5f00000,0x00000000e5b00000,0x00000000e5b00000)
  from space 21504K, 44% used [0x00000000e5b00000,0x00000000e646d660,0x00000000e7000000)
  to   space 17408K, 0% used [0x00000000eb800000,0x00000000eb800000,0x00000000ec900000)
 ParOldGen       total 87552K, used 57641K [0x0000000081c00000, 0x0000000087180000, 0x00000000d5f00000)
  object space 87552K, 65% used [0x0000000081c00000,0x000000008544a4b8,0x0000000087180000)
 Metaspace       used 19845K, capacity 20260K, committed 20480K, reserved 1067008K
  class space    used 2357K, capacity 2478K, committed 2560K, reserved 1048576K
Event: 12.996 GC heap after
Heap after GC invocations=26 (full 0):
 PSYoungGen      total 352256K, used 11422K [0x00000000d5f00000, 0x00000000ec800000, 0x0000000100000000)
  eden space 335872K, 0% used [0x00000000d5f00000,0x00000000d5f00000,0x00000000ea700000)
  from space 16384K, 69% used [0x00000000eb800000,0x00000000ec327af8,0x00000000ec800000)
  to   space 16896K, 0% used [0x00000000ea700000,0x00000000ea700000,0x00000000eb780000)
 ParOldGen       total 87552K, used 57649K [0x0000000081c00000, 0x0000000087180000, 0x00000000d5f00000)
  object space 87552K, 65% used [0x0000000081c00000,0x000000008544c4b8,0x0000000087180000)
 Metaspace       used 19845K, capacity 20260K, committed 20480K, reserved 1067008K
  class space    used 2357K, capacity 2478K, committed 2560K, reserved 1048576K
}
Event: 13.536 GC heap before
{Heap before GC invocations=27 (full 0):
 PSYoungGen      total 352256K, used 347294K [0x00000000d5f00000, 0x00000000ec800000, 0x0000000100000000)
  eden space 335872K, 100% used [0x00000000d5f00000,0x00000000ea700000,0x00000000ea700000)
  from space 16384K, 69% used [0x00000000eb800000,0x00000000ec327af8,0x00000000ec800000)
  to   space 16896K, 0% used [0x00000000ea700000,0x00000000ea700000,0x00000000eb780000)
 ParOldGen       total 87552K, used 57649K [0x0000000081c00000, 0x0000000087180000, 0x00000000d5f00000)
  object space 87552K, 65% used [0x0000000081c00000,0x000000008544c4b8,0x0000000087180000)
 Metaspace       used 19853K, capacity 20260K, committed 20480K, reserved 1067008K
  class space    used 2359K, capacity 2478K, committed 2560K, reserved 1048576K
Event: 13.539 GC heap after
Heap after GC invocations=27 (full 0):
 PSYoungGen      total 352768K, used 7265K [0x00000000d5f00000, 0x00000000ec800000, 0x0000000100000000)
  eden space 335872K, 0% used [0x00000000d5f00000,0x00000000d5f00000,0x00000000ea700000)
  from space 16896K, 42% used [0x00000000ea700000,0x00000000eae18430,0x00000000eb780000)
  to   space 16384K, 0% used [0x00000000eb800000,0x00000000eb800000,0x00000000ec800000)
 ParOldGen       total 87552K, used 57657K [0x0000000081c00000, 0x0000000087180000, 0x00000000d5f00000)
  object space 87552K, 65% used [0x0000000081c00000,0x000000008544e4b8,0x0000000087180000)
 Metaspace       used 19853K, capacity 20260K, committed 20480K, reserved 1067008K
  class space    used 2359K, capacity 2478K, committed 2560K, reserved 1048576K
}
Event: 13.846 GC heap before
{Heap before GC invocations=28 (full 0):
 PSYoungGen      total 352768K, used 343137K [0x00000000d5f00000, 0x00000000ec800000, 0x0000000100000000)
  eden space 335872K, 100% used [0x00000000d5f00000,0x00000000ea700000,0x00000000ea700000)
  from space 16896K, 42% used [0x00000000ea700000,0x00000000eae18430,0x00000000eb780000)
  to   space 16384K, 0% used [0x00000000eb800000,0x00000000eb800000,0x00000000ec800000)
 ParOldGen       total 87552K, used 57657K [0x0000000081c00000, 0x0000000087180000, 0x00000000d5f00000)
  object space 87552K, 65% used [0x0000000081c00000,0x000000008544e4b8,0x0000000087180000)
 Metaspace       used 19861K, capacity 20260K, committed 20480K, reserved 1067008K
  class space    used 2359K, capacity 2478K, committed 2560K, reserved 1048576K
Event: 13.856 GC heap after
Heap after GC invocations=28 (full 0):
 PSYoungGen      total 352256K, used 11390K [0x00000000d5f00000, 0x00000000ec800000, 0x0000000100000000)
  eden space 335872K, 0% used [0x00000000d5f00000,0x00000000d5f00000,0x00000000ea700000)
  from space 16384K, 69% used [0x00000000eb800000,0x00000000ec31faf8,0x00000000ec800000)
  to   space 16896K, 0% used [0x00000000ea700000,0x00000000ea700000,0x00000000eb780000)
 ParOldGen       total 87552K, used 57673K [0x0000000081c00000, 0x0000000087180000, 0x00000000d5f00000)
  object space 87552K, 65% used [0x0000000081c00000,0x00000000854524b8,0x0000000087180000)
 Metaspace       used 19861K, capacity 20260K, committed 20480K, reserved 1067008K
  class space    used 2359K, capacity 2478K, committed 2560K, reserved 1048576K
}

