# JRE version: Java(TM) SE Runtime Environment (8.0_191-b12) (build 1.8.0_191-b12)
# Java VM: Java HotSpot(TM) 64-Bit Server VM (25.191-b12 mixed mode windows-amd64 compressed oops)
Heap:
 PSYoungGen      total 552448K, used 279944K [0x00000000d5f00000, 0x00000000fd200000, 0x0000000100000000)
  eden space 476160K, 57% used [0x00000000d5f00000,0x00000000e6a69068,0x00000000f3000000)
  from space 76288K, 8% used [0x00000000f8780000,0x00000000f8d791f0,0x00000000fd200000)
  to   space 82944K, 0% used [0x00000000f3000000,0x00000000f3000000,0x00000000f8100000)
 ParOldGen       total 216064K, used 80132K [0x0000000081c00000, 0x000000008ef00000, 0x00000000d5f00000)
  object space 216064K, 37% used [0x0000000081c00000,0x0000000086a41130,0x000000008ef00000)
 Metaspace       used 23299K, capacity 23742K, committed 23984K, reserved 1071104K
  class space    used 2758K, capacity 2894K, committed 2992K, reserved 1048576K
GC Heap History (10 events):
Event: 26.597 GC heap before
{Heap before GC invocations=15 (full 3):
 PSYoungGen      total 421376K, used 332968K [0x00000000d5f00000, 0x00000000f9200000, 0x0000000100000000)
  eden space 326656K, 99% used [0x00000000d5f00000,0x00000000e9de8920,0x00000000e9e00000)
  from space 94720K, 6% used [0x00000000e9e00000,0x00000000ea4419c0,0x00000000efa80000)
  to   space 92160K, 0% used [0x00000000f3800000,0x00000000f3800000,0x00000000f9200000)
 ParOldGen       total 216064K, used 80124K [0x0000000081c00000, 0x000000008ef00000, 0x00000000d5f00000)
  object space 216064K, 37% used [0x0000000081c00000,0x0000000086a3f130,0x000000008ef00000)
 Metaspace       used 23264K, capacity 23742K, committed 23984K, reserved 1071104K
  class space    used 2758K, capacity 2894K, committed 2992K, reserved 1048576K
Event: 26.603 GC heap after
Heap after GC invocations=15 (full 3):
 PSYoungGen      total 483328K, used 6112K [0x00000000d5f00000, 0x00000000f8e80000, 0x0000000100000000)
  eden space 394752K, 0% used [0x00000000d5f00000,0x00000000d5f00000,0x00000000ee080000)
  from space 88576K, 6% used [0x00000000f3800000,0x00000000f3df8068,0x00000000f8e80000)
  to   space 89088K, 0% used [0x00000000ee080000,0x00000000ee080000,0x00000000f3780000)
 ParOldGen       total 216064K, used 80124K [0x0000000081c00000, 0x000000008ef00000, 0x00000000d5f00000)
  object space 216064K, 37% used [0x0000000081c00000,0x0000000086a3f130,0x000000008ef00000)
 Metaspace       used 23264K, capacity 23742K, committed 23984K, reserved 1071104K
  class space    used 2758K, capacity 2894K, committed 2992K, reserved 1048576K
}
Event: 26.755 GC heap before
{Heap before GC invocations=16 (full 3):
 PSYoungGen      total 483328K, used 400846K [0x00000000d5f00000, 0x00000000f8e80000, 0x0000000100000000)
  eden space 394752K, 99% used [0x00000000d5f00000,0x00000000ee07b9e0,0x00000000ee080000)
  from space 88576K, 6% used [0x00000000f3800000,0x00000000f3df8068,0x00000000f8e80000)
  to   space 89088K, 0% used [0x00000000ee080000,0x00000000ee080000,0x00000000f3780000)
 ParOldGen       total 216064K, used 80124K [0x0000000081c00000, 0x000000008ef00000, 0x00000000d5f00000)
  object space 216064K, 37% used [0x0000000081c00000,0x0000000086a3f130,0x000000008ef00000)
 Metaspace       used 23288K, capacity 23742K, committed 23984K, reserved 1071104K
  class space    used 2758K, capacity 2894K, committed 2992K, reserved 1048576K
Event: 26.768 GC heap after
Heap after GC invocations=16 (full 3):
 PSYoungGen      total 483840K, used 5988K [0x00000000d5f00000, 0x00000000fdb80000, 0x0000000100000000)
  eden space 394752K, 0% used [0x00000000d5f00000,0x00000000d5f00000,0x00000000ee080000)
  from space 89088K, 6% used [0x00000000ee080000,0x00000000ee659330,0x00000000f3780000)
  to   space 86016K, 0% used [0x00000000f8780000,0x00000000f8780000,0x00000000fdb80000)
 ParOldGen       total 216064K, used 80124K [0x0000000081c00000, 0x000000008ef00000, 0x00000000d5f00000)
  object space 216064K, 37% used [0x0000000081c00000,0x0000000086a3f130,0x000000008ef00000)
 Metaspace       used 23288K, capacity 23742K, committed 23984K, reserved 1071104K
  class space    used 2758K, capacity 2894K, committed 2992K, reserved 1048576K
}
Event: 26.863 GC heap before
{Heap before GC invocations=17 (full 3):
 PSYoungGen      total 483840K, used 400607K [0x00000000d5f00000, 0x00000000fdb80000, 0x0000000100000000)
  eden space 394752K, 99% used [0x00000000d5f00000,0x00000000ee05ec98,0x00000000ee080000)
  from space 89088K, 6% used [0x00000000ee080000,0x00000000ee659330,0x00000000f3780000)
  to   space 86016K, 0% used [0x00000000f8780000,0x00000000f8780000,0x00000000fdb80000)
 ParOldGen       total 216064K, used 80124K [0x0000000081c00000, 0x000000008ef00000, 0x00000000d5f00000)
  object space 216064K, 37% used [0x0000000081c00000,0x0000000086a3f130,0x000000008ef00000)
 Metaspace       used 23288K, capacity 23742K, committed 23984K, reserved 1071104K
  class space    used 2758K, capacity 2894K, committed 2992K, reserved 1048576K
Event: 26.867 GC heap after
Heap after GC invocations=17 (full 3):
 PSYoungGen      total 552448K, used 6088K [0x00000000d5f00000, 0x00000000fd200000, 0x0000000100000000)
  eden space 476160K, 0% used [0x00000000d5f00000,0x00000000d5f00000,0x00000000f3000000)
  from space 76288K, 7% used [0x00000000f8780000,0x00000000f8d72170,0x00000000fd200000)
  to   space 82944K, 0% used [0x00000000f3000000,0x00000000f3000000,0x00000000f8100000)
 ParOldGen       total 216064K, used 80132K [0x0000000081c00000, 0x000000008ef00000, 0x00000000d5f00000)
  object space 216064K, 37% used [0x0000000081c00000,0x0000000086a41130,0x000000008ef00000)
 Metaspace       used 23288K, capacity 23742K, committed 23984K, reserved 1071104K
  class space    used 2758K, capacity 2894K, committed 2992K, reserved 1048576K
}
Event: 27.034 GC heap before
{Heap before GC invocations=18 (full 3):
 PSYoungGen      total 552448K, used 482248K [0x00000000d5f00000, 0x00000000fd200000, 0x0000000100000000)
  eden space 476160K, 100% used [0x00000000d5f00000,0x00000000f3000000,0x00000000f3000000)
  from space 76288K, 7% used [0x00000000f8780000,0x00000000f8d72170,0x00000000fd200000)
  to   space 82944K, 0% used [0x00000000f3000000,0x00000000f3000000,0x00000000f8100000)
 ParOldGen       total 216064K, used 80132K [0x0000000081c00000, 0x000000008ef00000, 0x00000000d5f00000)
  object space 216064K, 37% used [0x0000000081c00000,0x0000000086a41130,0x000000008ef00000)
 Metaspace       used 23293K, capacity 23742K, committed 23984K, reserved 1071104K
  class space    used 2758K, capacity 2894K, committed 2992K, reserved 1048576K
Event: 27.039 GC heap after
Heap after GC invocations=18 (full 3):
 PSYoungGen      total 559104K, used 6050K [0x00000000d5f00000, 0x00000000fd200000, 0x0000000100000000)
  eden space 476160K, 0% used [0x00000000d5f00000,0x00000000d5f00000,0x00000000f3000000)
  from space 82944K, 7% used [0x00000000f3000000,0x00000000f35e8978,0x00000000f8100000)
  to   space 76288K, 0% used [0x00000000f8780000,0x00000000f8780000,0x00000000fd200000)
 ParOldGen       total 216064K, used 80132K [0x0000000081c00000, 0x000000008ef00000, 0x00000000d5f00000)
  object space 216064K, 37% used [0x0000000081c00000,0x0000000086a41130,0x000000008ef00000)
 Metaspace       used 23293K, capacity 23742K, committed 23984K, reserved 1071104K
  class space    used 2758K, capacity 2894K, committed 2992K, reserved 1048576K
}
Event: 27.136 GC heap before
{Heap before GC invocations=19 (full 3):
 PSYoungGen      total 559104K, used 482210K [0x00000000d5f00000, 0x00000000fd200000, 0x0000000100000000)
  eden space 476160K, 100% used [0x00000000d5f00000,0x00000000f3000000,0x00000000f3000000)
  from space 82944K, 7% used [0x00000000f3000000,0x00000000f35e8978,0x00000000f8100000)
  to   space 76288K, 0% used [0x00000000f8780000,0x00000000f8780000,0x00000000fd200000)
 ParOldGen       total 216064K, used 80132K [0x0000000081c00000, 0x000000008ef00000, 0x00000000d5f00000)
  object space 216064K, 37% used [0x0000000081c00000,0x0000000086a41130,0x000000008ef00000)
 Metaspace       used 23293K, capacity 23742K, committed 23984K, reserved 1071104K
  class space    used 2758K, capacity 2894K, committed 2992K, reserved 1048576K
Event: 27.141 GC heap after
Heap after GC invocations=19 (full 3):
 PSYoungGen      total 552448K, used 6116K [0x00000000d5f00000, 0x00000000fd200000, 0x0000000100000000)
  eden space 476160K, 0% used [0x00000000d5f00000,0x00000000d5f00000,0x00000000f3000000)
  from space 76288K, 8% used [0x00000000f8780000,0x00000000f8d791f0,0x00000000fd200000)
  to   space 82944K, 0% used [0x00000000f3000000,0x00000000f3000000,0x00000000f8100000)
 ParOldGen       total 216064K, used 80132K [0x0000000081c00000, 0x000000008ef00000, 0x00000000d5f00000)
  object space 216064K, 37% used [0x0000000081c00000,0x0000000086a41130,0x000000008ef00000)
 Metaspace       used 23293K, capacity 23742K, committed 23984K, reserved 1071104K
  class space    used 2758K, capacity 2894K, committed 2992K, reserved 1048576K
}

